C51 COMPILER V9.60.7.0   KEY                                                               02/11/2026 14:20:57 PAGE 1   


C51 COMPILER V9.60.7.0, COMPILATION OF MODULE KEY
OBJECT MODULE PLACED IN .\Objects\KEY.obj
COMPILER INVOKED BY: C:\Keil_v5\C51\BIN\C51.EXE KEY.c OPTIMIZE(8,SPEED) BROWSE DEBUG OBJECTEXTEND PRINT(.\Listings\KEY.l
                    -st) OBJECT(.\Objects\KEY.obj)

line level    source

   1          #include <stc15f2k60s2.h>
   2          #include "Delay.h"
   3          #include "UItrasound.h"
   4          #include "LED_Display.h"
   5          
   6          sbit GND = P4^2;
   7          sbit S9 = P3^2;
   8          
   9          unsigned char value = 1000;
  10          unsigned char Key_Scan(){
  11   1              unsigned char key = 0;
  12   1              GND = 0;
  13   1              if(S9 == 0){
  14   2                      Delay100ms();
  15   2                      while(S9 == 0){
  16   3                              key = 1;
  17   3                      }
  18   2              }
  19   1              return key;
  20   1      }
  21          
  22          void Key_login(){
  23   1              unsigned char key = Key_Scan();
  24   1              if(key == 1){
  25   2                      value = dat1;
  26   2              }
  27   1      }


MODULE INFORMATION:   STATIC OVERLAYABLE
   CODE SIZE        =     32    ----
   CONSTANT SIZE    =   ----    ----
   XDATA SIZE       =   ----    ----
   PDATA SIZE       =   ----    ----
   DATA SIZE        =      1       1
   IDATA SIZE       =   ----    ----
   BIT SIZE         =   ----    ----
END OF MODULE INFORMATION.


C51 COMPILATION COMPLETE.  0 WARNING(S),  0 ERROR(S)
