C51 COMPILER V9.60.7.0   LED                                                               02/11/2026 14:20:57 PAGE 1   


C51 COMPILER V9.60.7.0, COMPILATION OF MODULE LED
OBJECT MODULE PLACED IN .\Objects\LED.obj
COMPILER INVOKED BY: C:\Keil_v5\C51\BIN\C51.EXE LED.c OPTIMIZE(8,SPEED) BROWSE DEBUG OBJECTEXTEND PRINT(.\Listings\LED.l
                    -st) OBJECT(.\Objects\LED.obj)

line level    source

   1          #include <stc15f2k60s2.h>
   2          #include "KEY.h"
   3          #include "Common.h"
   4          #include "UItrasound.h"
   5          #include "LED_Display.h"
   6          
   7          void LED_login(){
   8   1              if(dat1 > value){
   9   2                      LED(0xFE);
  10   2              }
  11   1              else{
  12   2                      LED(0xFF);
  13   2              }
  14   1      }


MODULE INFORMATION:   STATIC OVERLAYABLE
   CODE SIZE        =     27    ----
   CONSTANT SIZE    =   ----    ----
   XDATA SIZE       =   ----    ----
   PDATA SIZE       =   ----    ----
   DATA SIZE        =   ----    ----
   IDATA SIZE       =   ----    ----
   BIT SIZE         =   ----    ----
END OF MODULE INFORMATION.


C51 COMPILATION COMPLETE.  0 WARNING(S),  0 ERROR(S)
