C51 COMPILER V9.60.7.0   LED_DISPLAY                                                       02/11/2026 14:20:57 PAGE 1   


C51 COMPILER V9.60.7.0, COMPILATION OF MODULE LED_DISPLAY
OBJECT MODULE PLACED IN .\Objects\LED_Display.obj
COMPILER INVOKED BY: C:\Keil_v5\C51\BIN\C51.EXE LED_Display.c OPTIMIZE(8,SPEED) BROWSE DEBUG OBJECTEXTEND PRINT(.\Listin
                    -gs\LED_Display.lst) OBJECT(.\Objects\LED_Display.obj)

line level    source

   1          #include <stc15f2k60s2.h>
   2          #include "Common.h"
   3          #include "Delay.h"
   4          #include "UItrasound.h"
   5          
   6          code unsigned char SEG_Table[] = {
   7                  0xC0,   //0
   8                  0xF9,   //1
   9                  0xA4,   //2
  10                  0xB0,   //3
  11                  0x99,   //4
  12                  0x92,   //5
  13                  0x82,   //6
  14                  0xF8,   //7
  15                  0x80,   //8
  16                  0x90,   //9
  17                  0xFF    //È«Ãð
  18          };
  19          
  20          unsigned char dat_arr[] = {10,10,10,10,10,10,10,10};
  21          unsigned char dat1 = 0;
  22          void dat_Change(){
  23   1              if(time == 199){
  24   2                      dat1 = Uitrasound_Value();
  25   2                      dat_arr[5] = dat1 / 100;
  26   2                      dat_arr[6] = dat1 % 100 / 10;
  27   2                      dat_arr[7] = dat1 % 10;
  28   2              }
  29   1      }
  30          
  31          void LED_Display_Show(){
  32   1              unsigned char dat;
  33   1              unsigned char com;
  34   1              for(com = 0;com < 8;com++){
  35   2                      SEG(0xFF);
  36   2                      COM(1<<com);
  37   2                      dat = SEG_Table[dat_arr[com]];
  38   2                      if(com == 5){
  39   3                              dat &= 0x7F;
  40   3                      }
  41   2                      SEG(dat);
  42   2                      Delay50us();
  43   2              }
  44   1              SEG(0xFF);
  45   1              COM(0xFF);
  46   1      }


MODULE INFORMATION:   STATIC OVERLAYABLE
   CODE SIZE        =    160    ----
   CONSTANT SIZE    =     11    ----
   XDATA SIZE       =   ----    ----
   PDATA SIZE       =   ----    ----
   DATA SIZE        =      9       2
C51 COMPILER V9.60.7.0   LED_DISPLAY                                                       02/11/2026 14:20:57 PAGE 2   

   IDATA SIZE       =   ----    ----
   BIT SIZE         =   ----    ----
END OF MODULE INFORMATION.


C51 COMPILATION COMPLETE.  0 WARNING(S),  0 ERROR(S)
