C51 COMPILER V9.60.7.0   MAIN                                                              02/11/2026 14:20:57 PAGE 1   


C51 COMPILER V9.60.7.0, COMPILATION OF MODULE MAIN
OBJECT MODULE PLACED IN .\Objects\main.obj
COMPILER INVOKED BY: C:\Keil_v5\C51\BIN\C51.EXE main.c OPTIMIZE(8,SPEED) BROWSE DEBUG OBJECTEXTEND PRINT(.\Listings\main
                    -.lst) OBJECT(.\Objects\main.obj)

line level    source

   1          #include <stc15f2k60s2.h>
   2          #include "Common.h"
   3          #include "LED_Display.h"
   4          #include "Delay.h"
   5          #include "UItrasound.h"
   6          #include "KEY.h"
   7          #include "LED.h"
   8          
   9          void Init_MCU(){
  10   1              SEG(0xFF);
  11   1              COM(0xFF);
  12   1              LED(0xFF);
  13   1              BUZ(0x00);
  14   1      }
  15          
  16          void main(){
  17   1              Init_MCU();
  18   1              Timer_Init();
  19   1              while(1){
  20   2                      Key_login();
  21   2                      LED_login();
  22   2                      dat_Change();
  23   2                      LED_Display_Show();
  24   2              }
  25   1      }


MODULE INFORMATION:   STATIC OVERLAYABLE
   CODE SIZE        =     77    ----
   CONSTANT SIZE    =   ----    ----
   XDATA SIZE       =   ----    ----
   PDATA SIZE       =   ----    ----
   DATA SIZE        =   ----    ----
   IDATA SIZE       =   ----    ----
   BIT SIZE         =   ----    ----
END OF MODULE INFORMATION.


C51 COMPILATION COMPLETE.  0 WARNING(S),  0 ERROR(S)
