C51 COMPILER V9.60.7.0   ULTRASOUND                                                        02/11/2026 14:20:57 PAGE 1   


C51 COMPILER V9.60.7.0, COMPILATION OF MODULE ULTRASOUND
OBJECT MODULE PLACED IN .\Objects\Ultrasound.obj
COMPILER INVOKED BY: C:\Keil_v5\C51\BIN\C51.EXE Ultrasound.c OPTIMIZE(8,SPEED) BROWSE DEBUG OBJECTEXTEND PRINT(.\Listing
                    -s\Ultrasound.lst) OBJECT(.\Objects\Ultrasound.obj)

line level    source

   1          #include <stc15f2k60s2.h>
   2          #include "Delay.h"
   3          sbit TX = P1^0;
   4          sbit RX = P1^1;
   5          
   6          unsigned char time = 0;
   7          void Timer_Isr(void) interrupt 1
   8          {
   9   1              if(++time == 200){
  10   2                      time = 0;
  11   2              }
  12   1      }
  13          
  14          void Timer_Init(void)           //1毫秒@12.000MHz
  15          {
  16   1              AUXR |= 0x80;                   //定时器时钟1T模式
  17   1              TMOD &= 0xF0;                   //设置定时器模式
  18   1              TL0 = 0x20;                             //设置定时初始值
  19   1              TH0 = 0xD1;                             //设置定时初始值
  20   1              TF0 = 0;                                //清除TF0标志
  21   1              TR0 = 1;                                //定时器0开始计时
  22   1              ET0 = 1;                                //使能定时器0中断
  23   1              EA = 1;
  24   1      }
  25          
  26          //超声波测距
  27          unsigned char Uitrasound_Value(){
  28   1              unsigned int time_dat = 0;
  29   1              unsigned char i;
  30   1              CMOD = 0x01;
  31   1              CCON = 0x00;
  32   1              CH = 0x00;
  33   1              CL = 0x00;
  34   1              for(i = 0;i < 8;i++){
  35   2                      TX = 1;
  36   2                      Delay12us();
  37   2                      TX = 0;
  38   2                      Delay12us();
  39   2              }
  40   1              CR = 1;
  41   1              while((RX == 1) && (CH <= 0x40));
  42   1              CR = 0;
  43   1              if(CH > 0x40){
  44   2                      CF = 0;
  45   2                      return 0;
  46   2              }
  47   1              time_dat = (CH<<8) | CL;
  48   1              return time_dat * 0.0172 + 2;
  49   1      }


MODULE INFORMATION:   STATIC OVERLAYABLE
   CODE SIZE        =    141    ----
   CONSTANT SIZE    =   ----    ----
C51 COMPILER V9.60.7.0   ULTRASOUND                                                        02/11/2026 14:20:57 PAGE 2   

   XDATA SIZE       =   ----    ----
   PDATA SIZE       =   ----    ----
   DATA SIZE        =      1       3
   IDATA SIZE       =   ----    ----
   BIT SIZE         =   ----    ----
END OF MODULE INFORMATION.


C51 COMPILATION COMPLETE.  0 WARNING(S),  0 ERROR(S)
