C51 COMPILER V9.60.7.0   LED_DISPLAY                                                       01/28/2026 12:19:55 PAGE 1   


C51 COMPILER V9.60.7.0, COMPILATION OF MODULE LED_DISPLAY
OBJECT MODULE PLACED IN .\Objects\LED_Display.obj
COMPILER INVOKED BY: C:\Keil_v5\C51\BIN\C51.EXE LED_Display.c OPTIMIZE(8,SPEED) BROWSE DEBUG OBJECTEXTEND PRINT(.\Listin
                    -gs\LED_Display.lst) OBJECT(.\Objects\LED_Display.obj)

line level    source

   1          #include <stc15f2k60s2.h>
   2          #include "Common.h"
   3          #include "Delay.h"
   4          #include "PCF8591.h"
   5          
   6          //数码管段码表
   7          code unsigned char SEG_Table[] = {
   8                  0xC0,   //0
   9                  0xF9,   //1
  10                  0xA4,   //2
  11                  0xB0,   //3
  12                  0x99,   //4
  13                  0x92,   //5
  14                  0x82,   //6
  15                  0xF8,   //7
  16                  0x80,   //8
  17                  0x90,   //9
  18                  0xFF    //全灭
  19          };
  20          
  21          //光敏电阻电压临时数组
  22          unsigned char Lighting_dat_Arr[] = {10,10,10};
  23          //RB2电压数值临时数组
  24          unsigned char RB2_dat_Arr[] = {10,10,10};
  25          //数码管显示数组
  26          unsigned char dat_arr[] = {10,10,10,10,10,10,10,10};
  27          
  28          //光敏电阻电压转化函数
  29          void Lighting_Change(){
  30   1              float dat = Lighting_Value();
  31   1              unsigned int value = (unsigned int)(dat * 500);
  32   1              if(value >= 100){
  33   2                      Lighting_dat_Arr[0] = value / 100;
  34   2                      Lighting_dat_Arr[1] = value % 100 /10;
  35   2                      Lighting_dat_Arr[2] = value % 10;
  36   2              }
  37   1              else{
  38   2                      Lighting_dat_Arr[0] = 0;
  39   2                      Lighting_dat_Arr[1] = value % 100 /10;
  40   2                      Lighting_dat_Arr[2] = value % 10;
  41   2              }
  42   1      }
  43          
  44          //RB2电阻电压转化函数
  45          void RB2_Change(){
  46   1              float dat = RB2_Value();
  47   1              unsigned int value = (unsigned int)(dat * 500);
  48   1              if(value >= 100){
  49   2                      RB2_dat_Arr[0] = value / 100;
  50   2                      RB2_dat_Arr[1] = value % 100 /10;
  51   2                      RB2_dat_Arr[2] = value % 10;
  52   2              }
  53   1              else{
  54   2                      RB2_dat_Arr[0] = 0;
C51 COMPILER V9.60.7.0   LED_DISPLAY                                                       01/28/2026 12:19:55 PAGE 2   

  55   2                      RB2_dat_Arr[1] = value % 100 /10;
  56   2                      RB2_dat_Arr[2] = value % 10;
  57   2              }
  58   1      }
  59          
  60          //数码管显示数组存储
  61          void dat_arr_change(){
  62   1              dat_arr[0] = Lighting_dat_Arr[0];
  63   1              dat_arr[1] = Lighting_dat_Arr[1];
  64   1              dat_arr[2] = Lighting_dat_Arr[2];
  65   1              
  66   1              dat_arr[5] = RB2_dat_Arr[0];
  67   1              dat_arr[6] = RB2_dat_Arr[1];
  68   1              dat_arr[7] = RB2_dat_Arr[2];
  69   1      }
  70          
  71          //数码管显示数组
  72          void LED_Display_Show(){
  73   1              unsigned char i;
  74   1              unsigned char dat;
  75   1              unsigned char com = 0;
  76   1              
  77   1              for(i = 0;i < 8;i++){
  78   2                      SEG(0xFF);
  79   2                      COM(0xFF);
  80   2                      COM(1<<com);
  81   2                      dat = SEG_Table[dat_arr[i]];
  82   2                      if(i == 0 || i == 5){
  83   3                              dat = dat & 0x7F;
  84   3                      }
  85   2                      SEG(dat);
  86   2                      com++;
  87   2                      Delay50us();
  88   2              }
  89   1              com = 0;
  90   1              SEG(0xFF);
  91   1              COM(0xFF);
  92   1      }
  93          
  94          


MODULE INFORMATION:   STATIC OVERLAYABLE
   CODE SIZE        =    424    ----
   CONSTANT SIZE    =     11    ----
   XDATA SIZE       =   ----    ----
   PDATA SIZE       =   ----    ----
   DATA SIZE        =     14      11
   IDATA SIZE       =   ----    ----
   BIT SIZE         =   ----    ----
END OF MODULE INFORMATION.


C51 COMPILATION COMPLETE.  0 WARNING(S),  0 ERROR(S)
