C51 COMPILER V9.60.7.0   PCF8591                                                           01/28/2026 12:19:55 PAGE 1   


C51 COMPILER V9.60.7.0, COMPILATION OF MODULE PCF8591
OBJECT MODULE PLACED IN .\Objects\PCF8591.obj
COMPILER INVOKED BY: C:\Keil_v5\C51\BIN\C51.EXE PCF8591.c OPTIMIZE(8,SPEED) BROWSE DEBUG OBJECTEXTEND PRINT(.\Listings\P
                    -CF8591.lst) OBJECT(.\Objects\PCF8591.obj)

line level    source

   1          #include <stc15f2k60s2.h>
   2          #include "IIC.h"
   3          
   4          //光照值返回函数
   5          float Lighting_Value(){
   6   1              float light_value;
   7   1              I2CStart();
   8   1              I2CSendByte(0x90);
   9   1              I2CWaitAck();
  10   1              I2CSendByte(0x01);
  11   1              I2CWaitAck();
  12   1              I2CStop();
  13   1              
  14   1              I2CStart();
  15   1              I2CSendByte(0x91);
  16   1              I2CWaitAck();
  17   1              light_value = I2CReceiveByte();
  18   1              I2CWaitAck();
  19   1              I2CStop();
  20   1              
  21   1              return light_value / 255.0;
  22   1      }
  23          //RB2值返回函数
  24          float RB2_Value(){
  25   1              float RB2_value;
  26   1              I2CStart();
  27   1              I2CSendByte(0x90);
  28   1              I2CWaitAck();
  29   1              I2CSendByte(0x03);
  30   1              I2CWaitAck();
  31   1              I2CStop();
  32   1              
  33   1              I2CStart();
  34   1              I2CSendByte(0x91);
  35   1              I2CWaitAck();
  36   1              RB2_value = I2CReceiveByte();
  37   1              I2CWaitAck();
  38   1              I2CStop();
  39   1              
  40   1              return RB2_value / 255.0;
  41   1      }


MODULE INFORMATION:   STATIC OVERLAYABLE
   CODE SIZE        =    148    ----
   CONSTANT SIZE    =   ----    ----
   XDATA SIZE       =   ----    ----
   PDATA SIZE       =   ----    ----
   DATA SIZE        =   ----       8
   IDATA SIZE       =   ----    ----
   BIT SIZE         =   ----    ----
END OF MODULE INFORMATION.


C51 COMPILATION COMPLETE.  0 WARNING(S),  0 ERROR(S)
