C51 COMPILER V9.60.0.0   LED_DISPLAY                                                       04/10/2026 22:15:36 PAGE 1   


C51 COMPILER V9.60.0.0, COMPILATION OF MODULE LED_DISPLAY
OBJECT MODULE PLACED IN .\Objects\LED_Display.obj
COMPILER INVOKED BY: D:\Keil_v5\C51\BIN\C51.EXE LED_Display.c OPTIMIZE(8,SPEED) BROWSE DEBUG OBJECTEXTEND PRINT(.\Listin
                    -gs\LED_Display.lst) TABS(2) OBJECT(.\Objects\LED_Display.obj)

line level    source

   1          #include <stc15f2k60s2.h>
   2          #include "KEY.h"
   3          #include "Common.h"
   4          #include "intrins.h"
   5          
   6          code unsigned char SEG_Table[] = {
   7            0xC0,
   8            0xF9,
   9            0xA4,
  10            0xB0,
  11            0x99, 
  12            0x92,
  13            0x82,
  14            0xF8,
  15            0x80,
  16            0x90,
  17            0xFF
  18          };
  19          
  20          void Delay50us(void)  //@12.000MHz
  21          {
  22   1        unsigned char data i;
  23   1      
  24   1        _nop_();
  25   1        _nop_();
  26   1        i = 147;
  27   1        while (--i);
  28   1      }
  29          
  30          unsigned char LED_dat_arr[] = {10,10,10,10,10,10,10,10};
  31          
  32          void LED_Display_Choose(){
  33   1        if(Key_Down){
  34   2          Key_Down = 0;
  35   2          switch(Key_value){
  36   3            case 1:
  37   3              LED_dat_arr[6] = 10;
  38   3              LED_dat_arr[7] = 1;
  39   3              break;
  40   3            case 2:
  41   3              LED_dat_arr[6] = 10;
  42   3              LED_dat_arr[7] = 2;
  43   3              break;
  44   3            case 3:
  45   3              LED_dat_arr[6] = 10;
  46   3              LED_dat_arr[7] = 3;
  47   3              break;
  48   3            case 4:
  49   3              LED_dat_arr[6] = 10;
  50   3              LED_dat_arr[7] = 4;
  51   3              break;
  52   3            case 5:
  53   3              LED_dat_arr[6] = 10;
  54   3              LED_dat_arr[7] = 5;
C51 COMPILER V9.60.0.0   LED_DISPLAY                                                       04/10/2026 22:15:36 PAGE 2   

  55   3              break;
  56   3            case 6:
  57   3              LED_dat_arr[6] = 10;
  58   3              LED_dat_arr[7] = 6;
  59   3              break;
  60   3            case 7:
  61   3              LED_dat_arr[6] = 10;
  62   3              LED_dat_arr[7] = 7;
  63   3              break;
  64   3            case 8:
  65   3              LED_dat_arr[6] = 10;
  66   3              LED_dat_arr[7] = 8;
  67   3              break;
  68   3            case 9:
  69   3              LED_dat_arr[6] = 10;
  70   3              LED_dat_arr[7] = 9;
  71   3              break;
  72   3            case 10:
  73   3              LED_dat_arr[6] = 1;
  74   3              LED_dat_arr[7] = 0;
  75   3              break;
  76   3            case 11:
  77   3              LED_dat_arr[6] = 1;
  78   3              LED_dat_arr[7] = 1;
  79   3              break;
  80   3            case 12:
  81   3              LED_dat_arr[6] = 1;
  82   3              LED_dat_arr[7] = 2;
  83   3              break;
  84   3            case 13:
  85   3              LED_dat_arr[6] = 1;
  86   3              LED_dat_arr[7] = 3;
  87   3              break;
  88   3            case 14:
  89   3              LED_dat_arr[6] = 1;
  90   3              LED_dat_arr[7] = 4;
  91   3              break;
  92   3            case 15:
  93   3              LED_dat_arr[6] = 1;
  94   3              LED_dat_arr[7] = 5;
  95   3              break;
  96   3            case 16:
  97   3              LED_dat_arr[6] = 1;
  98   3              LED_dat_arr[7] = 6;
  99   3              break;
 100   3          }
 101   2        }
 102   1        if(Key_Long){
 103   2          Key_Long = 0;
 104   2          switch(Key_value){
 105   3            case 17:
 106   3              LED_dat_arr[6] = 1;
 107   3              LED_dat_arr[7] = 7;
 108   3              break;
 109   3            case 18:
 110   3              LED_dat_arr[6] = 1;
 111   3              LED_dat_arr[7] = 8;
 112   3              break;
 113   3            case 19:
 114   3              LED_dat_arr[6] = 1;
 115   3              LED_dat_arr[7] = 9;
 116   3              break;
C51 COMPILER V9.60.0.0   LED_DISPLAY                                                       04/10/2026 22:15:36 PAGE 3   

 117   3            case 20:
 118   3              LED_dat_arr[6] = 2;
 119   3              LED_dat_arr[7] = 0;
 120   3              break;
 121   3            case 21:
 122   3              LED_dat_arr[6] = 2;
 123   3              LED_dat_arr[7] = 1;
 124   3              break;
 125   3            case 22:
 126   3              LED_dat_arr[6] = 2;
 127   3              LED_dat_arr[7] = 2;
 128   3              break;
 129   3            case 23:
 130   3              LED_dat_arr[6] = 2;
 131   3              LED_dat_arr[7] = 3;
 132   3              break;
 133   3            case 24:
 134   3              LED_dat_arr[6] = 2;
 135   3              LED_dat_arr[7] = 4;
 136   3              break;
 137   3            case 25:
 138   3              LED_dat_arr[6] = 2;
 139   3              LED_dat_arr[7] = 5;
 140   3              break;
 141   3            case 26:
 142   3              LED_dat_arr[6] = 2;
 143   3              LED_dat_arr[7] = 6;
 144   3              break;
 145   3            case 27:
 146   3              LED_dat_arr[6] = 2;
 147   3              LED_dat_arr[7] = 7;
 148   3              break;
 149   3            case 28:
 150   3              LED_dat_arr[6] = 2;
 151   3              LED_dat_arr[7] = 8;
 152   3              break;
 153   3            case 29:
 154   3              LED_dat_arr[6] = 2;
 155   3              LED_dat_arr[7] = 9;
 156   3              break;
 157   3            case 30:
 158   3              LED_dat_arr[6] = 3;
 159   3              LED_dat_arr[7] = 0;
 160   3              break;
 161   3            case 31:
 162   3              LED_dat_arr[6] = 3;
 163   3              LED_dat_arr[7] = 1;
 164   3              break;
 165   3            case 32:
 166   3              LED_dat_arr[6] = 3;
 167   3              LED_dat_arr[7] = 2;
 168   3              break;
 169   3          }
 170   2        }
 171   1      }
 172          
 173          void LED_Display_Show(){
 174   1        unsigned char com;
 175   1        unsigned char dat;
 176   1        for(com = 0;com < 8;com ++){
 177   2          SEG(0xFF);
 178   2          COM(1<<com);
C51 COMPILER V9.60.0.0   LED_DISPLAY                                                       04/10/2026 22:15:36 PAGE 4   

 179   2          dat = SEG_Table[LED_dat_arr[com]];
 180   2          SEG(dat);
 181   2          Delay50us();
 182   2        }
 183   1        SEG(0xFF);
 184   1        COM(0xFF);
 185   1      }


MODULE INFORMATION:   STATIC OVERLAYABLE
   CODE SIZE        =    490    ----
   CONSTANT SIZE    =     11    ----
   XDATA SIZE       =   ----    ----
   PDATA SIZE       =   ----    ----
   DATA SIZE        =      8    ----
   IDATA SIZE       =   ----    ----
   BIT SIZE         =   ----    ----
END OF MODULE INFORMATION.


C51 COMPILATION COMPLETE.  0 WARNING(S),  0 ERROR(S)
