C51 COMPILER V9.60.0.0   MAIN                                                              04/10/2026 22:15:36 PAGE 1   


C51 COMPILER V9.60.0.0, COMPILATION OF MODULE MAIN
OBJECT MODULE PLACED IN .\Objects\main.obj
COMPILER INVOKED BY: D:\Keil_v5\C51\BIN\C51.EXE main.c OPTIMIZE(8,SPEED) BROWSE DEBUG OBJECTEXTEND PRINT(.\Listings\main
                    -.lst) TABS(2) OBJECT(.\Objects\main.obj)

line level    source

   1          #include <STC15F2K60S2.h>
   2          #include "KEY.h"
   3          #include "LED_Display.h"
   4          #include "Common.h"
   5          #include "Timer.h"
   6          
   7          void Init_MCU(){
   8   1        LED(0xFF);
   9   1        COM(0xFF);
  10   1        SEG(0xFF);
  11   1        BUZ(0x00);
  12   1        REY(0x00);
  13   1        Timer0_Init();
  14   1        KEY_Init();
  15   1      }
  16          
  17          void main(){
  18   1        Init_MCU();
  19   1        while(1){
  20   2          LED_Display_Choose();
  21   2          LED_Display_Show();
  22   2        }
  23   1      }


MODULE INFORMATION:   STATIC OVERLAYABLE
   CODE SIZE        =     87    ----
   CONSTANT SIZE    =   ----    ----
   XDATA SIZE       =   ----    ----
   PDATA SIZE       =   ----    ----
   DATA SIZE        =   ----    ----
   IDATA SIZE       =   ----    ----
   BIT SIZE         =   ----    ----
END OF MODULE INFORMATION.


C51 COMPILATION COMPLETE.  0 WARNING(S),  0 ERROR(S)
