C51 COMPILER V9.60.7.0   KEY                                                               02/01/2026 12:36:26 PAGE 1   


C51 COMPILER V9.60.7.0, COMPILATION OF MODULE KEY
OBJECT MODULE PLACED IN .\Objects\Key.obj
COMPILER INVOKED BY: C:\Keil_v5\C51\BIN\C51.EXE Key.c OPTIMIZE(8,SPEED) BROWSE DEBUG OBJECTEXTEND PRINT(.\Listings\Key.l
                    -st) OBJECT(.\Objects\Key.obj)

line level    source

   1          #include <stc15f2k60s2.h>
   2          #include "Delay.h"
   3          #include "Uart.h"
   4          
   5          sbit S4 = P3^3;
   6          
   7          //按键扫描函数
   8          unsigned char Key_Scan(){
   9   1              unsigned key = 0;
  10   1              if(S4 == 0){
  11   2                      Delay50ms();
  12   2                      while(S4 == 0){
  13   3                              key = 1;
  14   3                      }
  15   2              }
  16   1              return key;
  17   1      }
  18          
  19          //按键控制函数
  20          void Key(){
  21   1              unsigned char key = Key_Scan();
  22   1              if(key == 1){
  23   2                      Send_Temp();
  24   2              }
  25   1      }


MODULE INFORMATION:   STATIC OVERLAYABLE
   CODE SIZE        =     35    ----
   CONSTANT SIZE    =   ----    ----
   XDATA SIZE       =   ----    ----
   PDATA SIZE       =   ----    ----
   DATA SIZE        =   ----       2
   IDATA SIZE       =   ----    ----
   BIT SIZE         =   ----    ----
END OF MODULE INFORMATION.


C51 COMPILATION COMPLETE.  0 WARNING(S),  0 ERROR(S)
