C51 COMPILER V9.60.7.0   MAIN                                                              02/01/2026 18:50:33 PAGE 1   


C51 COMPILER V9.60.7.0, COMPILATION OF MODULE MAIN
OBJECT MODULE PLACED IN .\Objects\main.obj
COMPILER INVOKED BY: C:\Keil_v5\C51\BIN\C51.EXE main.c OPTIMIZE(8,SPEED) BROWSE DEBUG OBJECTEXTEND PRINT(.\Listings\main
                    -.lst) OBJECT(.\Objects\main.obj)

line level    source

   1          #include <stc15f2k60s2.h>
   2          #include "LED_Display.h"
   3          #include "Key.h"
   4          #include "PCF8591.h"
   5          #include "IIC.h"
   6          #include "Delay.h"
   7          #include "Uart.h"
   8          #include "Common.h"
   9          
  10          void Init_MCU(){
  11   1              SEG(0xFF);
  12   1              BUZ(0x00);
  13   1              LED(0xFF);
  14   1              COM(0xFF);
  15   1              Uart_Init();
  16   1      }
  17          
  18          void main(){
  19   1              Init_MCU();
  20   1              while(1){
  21   2                      Key_Send();
  22   2                      RB2_Change();
  23   2                      LED_Display_Show();
  24   2                      LED_Display_Show();
  25   2                      LED_Display_Show();
  26   2                      LED_Display_Show();
  27   2                      LED_Display_Show();
  28   2                      LED_Display_Show();
  29   2              }
  30   1      }


MODULE INFORMATION:   STATIC OVERLAYABLE
   CODE SIZE        =     88    ----
   CONSTANT SIZE    =   ----    ----
   XDATA SIZE       =   ----    ----
   PDATA SIZE       =   ----    ----
   DATA SIZE        =   ----    ----
   IDATA SIZE       =   ----    ----
   BIT SIZE         =   ----    ----
END OF MODULE INFORMATION.


C51 COMPILATION COMPLETE.  0 WARNING(S),  0 ERROR(S)
