C51 COMPILER V9.60.7.0   DS1302                                                            02/16/2026 19:30:06 PAGE 1   


C51 COMPILER V9.60.7.0, COMPILATION OF MODULE DS1302
OBJECT MODULE PLACED IN .\Objects\DS1302.obj
COMPILER INVOKED BY: C:\Keil_v5\C51\BIN\C51.EXE DS1302.c OPTIMIZE(8,SPEED) BROWSE DEBUG OBJECTEXTEND PRINT(.\Listings\DS
                    -1302.lst) OBJECT(.\Objects\DS1302.obj)

line level    source

   1          #include "stc15f2k60s2.h"
   2          #include "intrins.h"
   3          
   4          sbit SCK=P1^7;          
   5          sbit SDA=P2^3;          
   6          sbit RST = P1^3;   
   7          
   8          code unsigned char w_rtc_address[7]={0x80,0x82,0x84,0x86,0x88,0x8a,0x8c}; 
   9          code unsigned char r_rtc_address[7]={0x81,0x83,0x85,0x87,0x89,0x8b,0x8d}; 
  10          
  11          unsigned char set[6] = {0,0,0,0,0,0};
  12          unsigned char rtc[6];
  13          unsigned char *time_value;
  14          unsigned char *time_max;
  15          
  16          /*
  17          */
  18          void Write_Ds1302_Byte(unsigned  char temp) 
  19          {
  20   1              unsigned char i;
  21   1              for (i=0;i<8;i++)       
  22   1              { 
  23   2                      SCK=0;
  24   2                      SDA=temp&0x01;
  25   2                      temp>>=1; 
  26   2                      SCK=1;
  27   2              }
  28   1      }   
  29          
  30          void Write_Ds1302( unsigned char address,unsigned char dat )     
  31          {
  32   1              RST=0;
  33   1              _nop_();
  34   1              SCK=0;
  35   1              _nop_();
  36   1              RST=1;  
  37   1              _nop_();  
  38   1              Write_Ds1302_Byte(address);     
  39   1              Write_Ds1302_Byte(dat);         
  40   1              RST=0; 
  41   1      }
  42          
  43          unsigned char Read_Ds1302 ( unsigned char address )
  44          {
  45   1              unsigned char i,temp=0x00;
  46   1              RST=0;
  47   1              _nop_();
  48   1              SCK=0;
  49   1              _nop_();
  50   1              RST=1;
  51   1              _nop_();
  52   1              Write_Ds1302_Byte(address);
  53   1              for (i=0;i<8;i++)       
  54   1              {               
C51 COMPILER V9.60.7.0   DS1302                                                            02/16/2026 19:30:06 PAGE 2   

  55   2                      SCK=0;
  56   2                      temp>>=1;       
  57   2                      if(SDA)
  58   2                      temp|=0x80;     
  59   2                      SCK=1;
  60   2              } 
  61   1              RST=0;
  62   1              _nop_();
  63   1              RST=0;
  64   1              SCK=0;
  65   1              _nop_();
  66   1              SCK=1;
  67   1              _nop_();
  68   1              SDA=0;
  69   1              _nop_();
  70   1              SDA=1;
  71   1              _nop_();
  72   1              return (temp);                  
  73   1      }
  74          
  75          /*
  76          */
  77          unsigned char* ReadRTC(void)
  78          {
  79   1              unsigned char i, *p;
  80   1              unsigned char tmp[3];
  81   1              
  82   1              p = (unsigned char *)r_rtc_address;     
  83   1              
  84   1              for(i=0;i<3;i++){
  85   2                      tmp[i]=Read_Ds1302(*p);
  86   2                      p++;
  87   2              }
  88   1              
  89   1              rtc[0] = (tmp[2] >> 4);
  90   1              rtc[1] = (tmp[2] & 0x0F);
  91   1              rtc[2] = (tmp[1] >> 4);
  92   1              rtc[3] = (tmp[1] & 0x0F);
  93   1              rtc[4] = (tmp[0] >> 4);
  94   1              rtc[5] = (tmp[0] & 0x0F);
  95   1              
  96   1              return rtc;
  97   1      }
  98          
  99          /*
 100          */
 101          void SetRTC(void)
 102          {
 103   1              Write_Ds1302(0x8E,0X00);
 104   1              
 105   1              Write_Ds1302(w_rtc_address[0], (set[4]<<4) | (set[5]));
 106   1              Write_Ds1302(w_rtc_address[1], (set[2]<<4) | (set[3]));
 107   1              Write_Ds1302(w_rtc_address[2], (set[0]<<4) | (set[1]));
 108   1              
 109   1              Write_Ds1302(0x8E,0x80);
 110   1      }
 111          
 112          void Time_login(){
 113   1              time_value = ReadRTC();
 114   1      }
 115          

C51 COMPILER V9.60.7.0   DS1302                                                            02/16/2026 19:30:06 PAGE 3   


MODULE INFORMATION:   STATIC OVERLAYABLE
   CODE SIZE        =    242    ----
   CONSTANT SIZE    =     14    ----
   XDATA SIZE       =   ----    ----
   PDATA SIZE       =   ----    ----
   DATA SIZE        =     18       3
   IDATA SIZE       =   ----    ----
   BIT SIZE         =   ----    ----
END OF MODULE INFORMATION.


C51 COMPILATION COMPLETE.  0 WARNING(S),  0 ERROR(S)
