C51 COMPILER V9.60.7.0   KEY                                                               02/16/2026 19:30:05 PAGE 1   


C51 COMPILER V9.60.7.0, COMPILATION OF MODULE KEY
OBJECT MODULE PLACED IN .\Objects\KEY.obj
COMPILER INVOKED BY: C:\Keil_v5\C51\BIN\C51.EXE KEY.c OPTIMIZE(8,SPEED) BROWSE DEBUG OBJECTEXTEND PRINT(.\Listings\KEY.l
                    -st) OBJECT(.\Objects\KEY.obj)

line level    source

   1          #include <STC15F2K60S2.H>
   2          #include "NE555.h"
   3          #include "Delay.h"
   4          
   5          unsigned char S4_cnt = 0;
   6          unsigned char S5_para_cnt = 0;  //参数
   7          unsigned char S5_echo_cnt = 0;  //回显
   8          
   9          unsigned char Key_Scan(){
  10   1          unsigned char key = 0;
  11   1          P32 = 0;P33 = 1;
  12   1          if(P44 == 0){   //S5
  13   2              Delay100ms();
  14   2              while(P44 == 0){
  15   3                  key = 1;
  16   3              }
  17   2          }
  18   1          if(P42 == 0){   //S9
  19   2              Delay100ms();
  20   2              while(P42 == 0){
  21   3                  key = 2;
  22   3              }
  23   2          }
  24   1          P32 = 1;P33 = 0;
  25   1          if(P44 == 0){   //S4
  26   2              Delay100ms();
  27   2              while(P44 == 0){
  28   3                  key = 3;
  29   3              }
  30   2          }
  31   1          if(P42 == 0){   //S4
  32   2              Delay100ms();
  33   2              while(P42 == 0){
  34   3                  key = 4;
  35   3              }
  36   2          }
  37   1          return key;
  38   1      }
  39          
  40          void Key_login(){
  41   1          unsigned char key = Key_Scan();
  42   1          if(key == 1){
  43   2              if(S4_cnt % 4 == 1){
  44   3                  S5_para_cnt = (S5_para_cnt + 1) % 2;
  45   3              }
  46   2              if(S4_cnt % 4 == 3){
  47   3                  S5_echo_cnt = (S5_echo_cnt + 1) % 2;
  48   3              }
  49   2          }
  50   1          if(key == 2){
  51   2              if(S4_cnt % 4 == 1 && S5_para_cnt % 2 == 0){
  52   3                  if(NE555_PF > 1000){
  53   4                      NE555_PF -= 1000;
  54   4                  }
C51 COMPILER V9.60.7.0   KEY                                                               02/16/2026 19:30:05 PAGE 2   

  55   3              }
  56   2              if(S4_cnt % 4 == 1 && S5_para_cnt % 2 == 1){
  57   3                  if(NE555_cali > -900){
  58   4                      NE555_cali -= 100;
  59   4                  }
  60   3              }
  61   2          }
  62   1          if(key == 3){
  63   2              S4_cnt = (S4_cnt + 1) % 4;
  64   2                      if(S4_cnt % 4 != 1){
  65   3                              S5_para_cnt = 0;
  66   3                      }
  67   2                      if(S4_cnt % 4 != 3){
  68   3                              S5_echo_cnt = 0;
  69   3                      }
  70   2          }
  71   1          if(key == 4){
  72   2              if(S4_cnt % 4 == 1 && S5_para_cnt % 2 == 0){
  73   3                  if(NE555_PF < 9000){
  74   4                      NE555_PF += 1000;
  75   4                  }
  76   3              }
  77   2              if(S4_cnt % 4 == 1 && S5_para_cnt % 2 == 1){
  78   3                  if(NE555_cali < 900){
  79   4                      NE555_cali += 100;
  80   4                  }
  81   3              }
  82   2          }
  83   1      }


MODULE INFORMATION:   STATIC OVERLAYABLE
   CODE SIZE        =    281    ----
   CONSTANT SIZE    =   ----    ----
   XDATA SIZE       =   ----    ----
   PDATA SIZE       =   ----    ----
   DATA SIZE        =      3       1
   IDATA SIZE       =   ----    ----
   BIT SIZE         =   ----    ----
END OF MODULE INFORMATION.


C51 COMPILATION COMPLETE.  0 WARNING(S),  0 ERROR(S)
