C51 COMPILER V9.60.7.0   LED                                                               02/16/2026 19:30:07 PAGE 1   


C51 COMPILER V9.60.7.0, COMPILATION OF MODULE LED
OBJECT MODULE PLACED IN .\Objects\LED.obj
COMPILER INVOKED BY: C:\Keil_v5\C51\BIN\C51.EXE LED.c OPTIMIZE(8,SPEED) BROWSE DEBUG OBJECTEXTEND PRINT(.\Listings\LED.l
                    -st) OBJECT(.\Objects\LED.obj)

line level    source

   1          #include <STC15F2K60S2.H>
   2          #include "NE555.h"
   3          #include "Timer.h"
   4          #include "KEY.h"
   5          #include "Common.h"
   6          
   7          #define L1_BIT 0x01  
   8          #define L2_BIT 0x02
   9          
  10          void LED_login(){
  11   1          unsigned char led_status = 0xFF;  
  12   1          if(S4_cnt % 4 == 0){
  13   2              if(LED1_flag == 0){  
  14   3                  led_status &= ~L1_BIT;  
  15   3              }
  16   2          }
  17   1          if(NE555_now < 0){  
  18   2              led_status &= ~L2_BIT;
  19   2          }
  20   1          else if(NE555_now > NE555_PF){  
  21   2              if(LED2_flag == 0){
  22   3                  led_status &= ~L2_BIT;
  23   3              }
  24   2          }
  25   1          
  26   1          LED(led_status);
  27   1      }


MODULE INFORMATION:   STATIC OVERLAYABLE
   CODE SIZE        =     60    ----
   CONSTANT SIZE    =   ----    ----
   XDATA SIZE       =   ----    ----
   PDATA SIZE       =   ----    ----
   DATA SIZE        =   ----    ----
   IDATA SIZE       =   ----    ----
   BIT SIZE         =   ----    ----
END OF MODULE INFORMATION.


C51 COMPILATION COMPLETE.  0 WARNING(S),  0 ERROR(S)
