C51 COMPILER V9.60.7.0   MAIN                                                              02/16/2026 19:30:05 PAGE 1   


C51 COMPILER V9.60.7.0, COMPILATION OF MODULE MAIN
OBJECT MODULE PLACED IN .\Objects\main.obj
COMPILER INVOKED BY: C:\Keil_v5\C51\BIN\C51.EXE main.c OPTIMIZE(8,SPEED) BROWSE DEBUG OBJECTEXTEND PRINT(.\Listings\main
                    -.lst) OBJECT(.\Objects\main.obj)

line level    source

   1          #include <STC15F2K60S2.H>
   2          #include "Common.h"
   3          #include "Delay.h"
   4          #include "IIC.h"
   5          #include "PCF8591.h"
   6          #include "Timer.h"
   7          #include "NE555.h"
   8          #include "LED.h"
   9          #include "KEY.h"
  10          #include "LED_Display.h"
  11          #include "DS1302.h"
  12          
  13          void Init_MCU(){
  14   1          SEG(0xFF);
  15   1          LED(0xFF);
  16   1          COM(0xFF);
  17   1          BUZ(0x00);
  18   1          REY(0x00);
  19   1          Timer0_Init();
  20   1          Timer1_Init();
  21   1          SetRTC();
  22   1      }
  23          
  24          void main(){
  25   1          Init_MCU();
  26   1          while(1){
  27   2              NE555_now = NE555_cali + NE555_value;
  28   2              Time_login();
  29   2              DAC_login();
  30   2              LED_login();
  31   2              Key_login();
  32   2              LED_Display_Choose();
  33   2              LED_Display_Show();
  34   2          }
  35   1      }


MODULE INFORMATION:   STATIC OVERLAYABLE
   CODE SIZE        =    114    ----
   CONSTANT SIZE    =   ----    ----
   XDATA SIZE       =   ----    ----
   PDATA SIZE       =   ----    ----
   DATA SIZE        =   ----    ----
   IDATA SIZE       =   ----    ----
   BIT SIZE         =   ----    ----
END OF MODULE INFORMATION.


C51 COMPILATION COMPLETE.  0 WARNING(S),  0 ERROR(S)
