C51 COMPILER V9.60.7.0   NE555                                                             02/16/2026 19:30:05 PAGE 1   


C51 COMPILER V9.60.7.0, COMPILATION OF MODULE NE555
OBJECT MODULE PLACED IN .\Objects\NE555.obj
COMPILER INVOKED BY: C:\Keil_v5\C51\BIN\C51.EXE NE555.c OPTIMIZE(8,SPEED) BROWSE DEBUG OBJECTEXTEND PRINT(.\Listings\NE5
                    -55.lst) OBJECT(.\Objects\NE555.obj)

line level    source

   1          #include <STC15F2K60S2.H>
   2          
   3          int NE555_value = 0;
   4          int NE555_max = 0;
   5          int NE555_PF = 2000;
   6          int NE555_cali = 0;
   7          int NE555_now = 0;
   8          
   9          void Timer0_Init(void)          //1毫秒@12.000MHz
  10          {
  11   1              AUXR &= 0x7F;                   //定时器时钟12T模式
  12   1              TMOD &= 0xF0;                   //设置定时器模式
  13   1              TMOD |= 0x05;                   //设置定时器模式
  14   1              TL0 = 0x00;                             //设置定时初始值
  15   1              TH0 = 0x00;                             //设置定时初始值
  16   1              TF0 = 0;                                //清除TF0标志
  17   1              TR0 = 1;                                //定时器0开始计时
  18   1      }


MODULE INFORMATION:   STATIC OVERLAYABLE
   CODE SIZE        =     19    ----
   CONSTANT SIZE    =   ----    ----
   XDATA SIZE       =   ----    ----
   PDATA SIZE       =   ----    ----
   DATA SIZE        =     10    ----
   IDATA SIZE       =   ----    ----
   BIT SIZE         =   ----    ----
END OF MODULE INFORMATION.


C51 COMPILATION COMPLETE.  0 WARNING(S),  0 ERROR(S)
