C51 COMPILER V9.60.7.0   PCF8591                                                           02/16/2026 19:30:06 PAGE 1   


C51 COMPILER V9.60.7.0, COMPILATION OF MODULE PCF8591
OBJECT MODULE PLACED IN .\Objects\PCF8591.obj
COMPILER INVOKED BY: C:\Keil_v5\C51\BIN\C51.EXE PCF8591.c OPTIMIZE(8,SPEED) BROWSE DEBUG OBJECTEXTEND PRINT(.\Listings\P
                    -CF8591.lst) OBJECT(.\Objects\PCF8591.obj)

line level    source

   1          #include <STC15F2K60S2.H>
   2          #include "IIC.h"
   3          #include "NE555.h"
   4          
   5          void Read_DAC(unsigned char dat){
   6   1          I2CStart();
   7   1          I2CSendByte(0x90);
   8   1          I2CWaitAck();
   9   1          I2CSendByte(0x40);
  10   1          I2CWaitAck();
  11   1          I2CSendByte(dat);
  12   1          I2CStop();
  13   1      }
  14          
  15          void DAC_login(){
  16   1          double DAC_dat = 0.0;
  17   1          if(NE555_now >= 0){
  18   2              if(NE555_now <= 500){
  19   3                  DAC_dat = 51.0;
  20   3              }
  21   2              else if(NE555_now > 500 && NE555_now <= NE555_PF){
  22   3                  DAC_dat = (204.0 / (NE555_PF - 500.0)) * NE555_now + 102000.0 / (NE555_PF - 500.0) - 51.0;
  23   3              }
  24   2              else{
  25   3                  DAC_dat = 255.0;
  26   3              }
  27   2          }
  28   1          else{
  29   2              DAC_dat = 0.0;
  30   2          }
  31   1          Read_DAC((unsigned char)DAC_dat);
  32   1      }


MODULE INFORMATION:   STATIC OVERLAYABLE
   CODE SIZE        =    253    ----
   CONSTANT SIZE    =   ----    ----
   XDATA SIZE       =   ----    ----
   PDATA SIZE       =   ----    ----
   DATA SIZE        =   ----       1
   IDATA SIZE       =   ----    ----
   BIT SIZE         =   ----    ----
END OF MODULE INFORMATION.


C51 COMPILATION COMPLETE.  0 WARNING(S),  0 ERROR(S)
