C51 COMPILER V9.60.7.0   TIMER                                                             02/16/2026 19:30:07 PAGE 1   


C51 COMPILER V9.60.7.0, COMPILATION OF MODULE TIMER
OBJECT MODULE PLACED IN .\Objects\Timer.obj
COMPILER INVOKED BY: C:\Keil_v5\C51\BIN\C51.EXE Timer.c OPTIMIZE(8,SPEED) BROWSE DEBUG OBJECTEXTEND PRINT(.\Listings\Tim
                    -er.lst) OBJECT(.\Objects\Timer.obj)

line level    source

   1          #include <STC15F2K60S2.H>
   2          #include "NE555.h"
   3          
   4          unsigned int NE555_cnt = 0;
   5          unsigned int time_cnt = 0;
   6          unsigned int LED1_cnt = 0;
   7          unsigned int LED2_cnt = 0;
   8          bit LED1_flag = 0;
   9          bit LED2_flag = 0;
  10          
  11          void Timer1_Isr(void) interrupt 3
  12          {
  13   1          if(++NE555_cnt == 1000){
  14   2              NE555_cnt = 0;
  15   2              NE555_value = (TH0 << 8) | TL0;
  16   2              TH0 = 0;
  17   2              TL0 = 0;
  18   2          }
  19   1          if(++LED1_cnt == 200){
  20   2              LED1_cnt = 0;
  21   2              LED1_flag = !LED1_flag;
  22   2          }
  23   1          if(++LED2_cnt == 200){
  24   2              LED2_cnt = 0;
  25   2              LED2_flag = !LED2_flag;
  26   2          }
  27   1      }
  28          
  29          void Timer1_Init(void)          //1毫秒@12.000MHz
  30          {
  31   1              AUXR &= 0xBF;                   //定时器时钟12T模式
  32   1              TMOD &= 0x0F;                   //设置定时器模式
  33   1              TL1 = 0x18;                             //设置定时初始值
  34   1              TH1 = 0xFC;                             //设置定时初始值
  35   1              TF1 = 0;                                //清除TF1标志
  36   1              TR1 = 1;                                //定时器1开始计时
  37   1              ET1 = 1;                                //使能定时器1中断
  38   1          EA = 1;
  39   1      }


MODULE INFORMATION:   STATIC OVERLAYABLE
   CODE SIZE        =    124    ----
   CONSTANT SIZE    =   ----    ----
   XDATA SIZE       =   ----    ----
   PDATA SIZE       =   ----    ----
   DATA SIZE        =      8    ----
   IDATA SIZE       =   ----    ----
   BIT SIZE         =      2    ----
END OF MODULE INFORMATION.


C51 COMPILATION COMPLETE.  0 WARNING(S),  0 ERROR(S)
