C51 COMPILER V9.60.7.0   DELAY                                                             01/25/2026 21:57:58 PAGE 1   


C51 COMPILER V9.60.7.0, COMPILATION OF MODULE DELAY
OBJECT MODULE PLACED IN .\Objects\Delay.obj
COMPILER INVOKED BY: C:\Keil_v5\C51\BIN\C51.EXE Delay.c OPTIMIZE(8,SPEED) BROWSE DEBUG OBJECTEXTEND PRINT(.\Listings\Del
                    -ay.lst) OBJECT(.\Objects\Delay.obj)

line level    source

   1          #include <stc15f2k60s2.h>
   2          #include "intrins.h"
   3          void Delay10ms(void)    //@12.000MHz
   4          {
   5   1              unsigned char data i, j;
   6   1      
   7   1              i = 117;
   8   1              j = 184;
   9   1              do
  10   1              {
  11   2                      while (--j);
  12   2              } while (--i);
  13   1      }
  14          
  15          void Delay40us(void)    //@12.000MHz
  16          {
  17   1              unsigned char data i;
  18   1      
  19   1              _nop_();
  20   1              _nop_();
  21   1              i = 117;
  22   1              while (--i);
  23   1      }


MODULE INFORMATION:   STATIC OVERLAYABLE
   CODE SIZE        =     16    ----
   CONSTANT SIZE    =   ----    ----
   XDATA SIZE       =   ----    ----
   PDATA SIZE       =   ----    ----
   DATA SIZE        =   ----    ----
   IDATA SIZE       =   ----    ----
   BIT SIZE         =   ----    ----
END OF MODULE INFORMATION.


C51 COMPILATION COMPLETE.  0 WARNING(S),  0 ERROR(S)
