C51 COMPILER V9.60.7.0   KEY                                                               01/25/2026 21:57:58 PAGE 1   


C51 COMPILER V9.60.7.0, COMPILATION OF MODULE KEY
OBJECT MODULE PLACED IN .\Objects\KEY.obj
COMPILER INVOKED BY: C:\Keil_v5\C51\BIN\C51.EXE KEY.c OPTIMIZE(8,SPEED) BROWSE DEBUG OBJECTEXTEND PRINT(.\Listings\KEY.l
                    -st) OBJECT(.\Objects\KEY.obj)

line level    source

   1          #include <stc15f2k60s2.h>
   2          #include "Delay.h"
   3          
   4          sbit S9 = P3^2;
   5          sbit GND = P4^2;
   6          
   7          //模式判断位
   8          bit key_password = 0;
   9          
  10          //按键扫描函数
  11          unsigned char Key_Scan(){
  12   1              unsigned char key = 0;
  13   1              GND = 0;
  14   1              if(S9 == 0){
  15   2                      Delay10ms();
  16   2                      while(S9 == 0){
  17   3                              key = 1; 
  18   3                      }
  19   2              }
  20   1              return key;
  21   1      }
  22          
  23          //按键模式切换函数
  24          void Key_Modle(){
  25   1              unsigned char key = Key_Scan();
  26   1              if(key == 1){
  27   2                      key_password = ~key_password;
  28   2              }
  29   1      }


MODULE INFORMATION:   STATIC OVERLAYABLE
   CODE SIZE        =     31    ----
   CONSTANT SIZE    =   ----    ----
   XDATA SIZE       =   ----    ----
   PDATA SIZE       =   ----    ----
   DATA SIZE        =   ----       1
   IDATA SIZE       =   ----    ----
   BIT SIZE         =      1    ----
END OF MODULE INFORMATION.


C51 COMPILATION COMPLETE.  0 WARNING(S),  0 ERROR(S)
