C51 COMPILER V9.60.7.0   MAIN                                                              01/25/2026 21:57:57 PAGE 1   


C51 COMPILER V9.60.7.0, COMPILATION OF MODULE MAIN
OBJECT MODULE PLACED IN .\Objects\main.obj
COMPILER INVOKED BY: C:\Keil_v5\C51\BIN\C51.EXE main.c OPTIMIZE(8,SPEED) BROWSE DEBUG OBJECTEXTEND PRINT(.\Listings\main
                    -.lst) OBJECT(.\Objects\main.obj)

line level    source

   1          #include <stc15f2k60s2.h>
   2          #include "LED_Display.h"
   3          #include "Onewire.h"
   4          #include "Delay.h"
   5          #include "DS18B20.h"
   6          #include "KEY.h"
   7          #include "Common.h"
   8          
   9          void Init_MCU(){
  10   1              SEG(0xFF);
  11   1              COM(0xFF);
  12   1              BUZ(0x00);
  13   1              LED(0xFF);
  14   1      }
  15          
  16          void main(){
  17   1              Init_MCU();
  18   1              while(1){
  19   2                      Key_Modle();
  20   2                      Temp_Change();
  21   2                      LED_Display_Choose();
  22   2                      LED_Display_Show();
  23   2                      LED_Display_Show();
  24   2                      LED_Display_Show();
  25   2                      LED_Display_Show();
  26   2                      LED_Display_Show();
  27   2                      Delay40us();
  28   2              }
  29   1      }


MODULE INFORMATION:   STATIC OVERLAYABLE
   CODE SIZE        =     89    ----
   CONSTANT SIZE    =   ----    ----
   XDATA SIZE       =   ----    ----
   PDATA SIZE       =   ----    ----
   DATA SIZE        =   ----    ----
   IDATA SIZE       =   ----    ----
   BIT SIZE         =   ----    ----
END OF MODULE INFORMATION.


C51 COMPILATION COMPLETE.  0 WARNING(S),  0 ERROR(S)
