C51 COMPILER V9.60.7.0   ONEWIRE                                                           01/25/2026 21:57:58 PAGE 1   


C51 COMPILER V9.60.7.0, COMPILATION OF MODULE ONEWIRE
OBJECT MODULE PLACED IN .\Objects\Onewire.obj
COMPILER INVOKED BY: C:\Keil_v5\C51\BIN\C51.EXE Onewire.c OPTIMIZE(8,SPEED) BROWSE DEBUG OBJECTEXTEND PRINT(.\Listings\O
                    -newire.lst) OBJECT(.\Objects\Onewire.obj)

line level    source

   1          #include <stc15f2k60s2.h>
   2          
   3          sbit DQ = P1^4;
   4          void Delay_OneWire(unsigned int t)  
   5          {
   6   1              unsigned char i;
   7   1              while(t--){
   8   2                      for(i=0;i<12;i++);
   9   2              }
  10   1      }
  11          
  12          //
  13          void Write_DS18B20(unsigned char dat)
  14          {
  15   1              unsigned char i;
  16   1              for(i=0;i<8;i++)
  17   1              {
  18   2                      DQ = 0;
  19   2                      DQ = dat&0x01;
  20   2                      Delay_OneWire(5);
  21   2                      DQ = 1;
  22   2                      dat >>= 1;
  23   2              }
  24   1              Delay_OneWire(5);
  25   1      }
  26          
  27          //
  28          unsigned char Read_DS18B20(void)
  29          {
  30   1              unsigned char i;
  31   1              unsigned char dat;
  32   1        
  33   1              for(i=0;i<8;i++)
  34   1              {
  35   2                      DQ = 0;
  36   2                      dat >>= 1;
  37   2                      DQ = 1;
  38   2                      if(DQ)
  39   2                      {
  40   3                              dat |= 0x80;
  41   3                      }           
  42   2                      Delay_OneWire(5);
  43   2              }
  44   1              return dat;
  45   1      }
  46          
  47          //
  48          bit init_ds18b20(void)
  49          {
  50   1              bit initflag = 0;
  51   1              
  52   1              DQ = 1;
  53   1              Delay_OneWire(12);
  54   1              DQ = 0;
C51 COMPILER V9.60.7.0   ONEWIRE                                                           01/25/2026 21:57:58 PAGE 2   

  55   1              Delay_OneWire(80);
  56   1              DQ = 1;
  57   1              Delay_OneWire(10); 
  58   1          initflag = DQ;     
  59   1              Delay_OneWire(5);
  60   1        
  61   1              return initflag;
  62   1      }


MODULE INFORMATION:   STATIC OVERLAYABLE
   CODE SIZE        =    121    ----
   CONSTANT SIZE    =   ----    ----
   XDATA SIZE       =   ----    ----
   PDATA SIZE       =   ----    ----
   DATA SIZE        =   ----    ----
   IDATA SIZE       =   ----    ----
   BIT SIZE         =   ----       1
END OF MODULE INFORMATION.


C51 COMPILATION COMPLETE.  0 WARNING(S),  0 ERROR(S)
