C51 COMPILER V9.60.7.0   DELAY                                                             12/12/2025 16:21:53 PAGE 1   


C51 COMPILER V9.60.7.0, COMPILATION OF MODULE DELAY
OBJECT MODULE PLACED IN .\Objects\DELAY.obj
COMPILER INVOKED BY: C:\Keil_v5\C51\BIN\C51.EXE DELAY.c OPTIMIZE(8,SPEED) BROWSE DEBUG OBJECTEXTEND PRINT(.\Listings\DEL
                    -AY.lst) OBJECT(.\Objects\DELAY.obj)

line level    source

   1          #include <stc15f2k60s2.h>
   2          #include "DELAY.h"
   3          
   4          void Delay(unsigned char time)          //@12.000MHz
   5          {
   6   1              unsigned char i, j;
   7   1              while(time--){
   8   2                      i = 2;
   9   2                      j = 239;
  10   2                      do
  11   2                      {
  12   3                              while (--j);
  13   3                      } while (--i);
  14   2              }
  15   1      }


MODULE INFORMATION:   STATIC OVERLAYABLE
   CODE SIZE        =     17    ----
   CONSTANT SIZE    =   ----    ----
   XDATA SIZE       =   ----    ----
   PDATA SIZE       =   ----    ----
   DATA SIZE        =   ----    ----
   IDATA SIZE       =   ----    ----
   BIT SIZE         =   ----    ----
END OF MODULE INFORMATION.


C51 COMPILATION COMPLETE.  0 WARNING(S),  0 ERROR(S)
