C51 COMPILER V9.60.7.0   DISPLAY                                                           12/12/2025 17:36:24 PAGE 1   


C51 COMPILER V9.60.7.0, COMPILATION OF MODULE DISPLAY
OBJECT MODULE PLACED IN .\Objects\DISPLAY.obj
COMPILER INVOKED BY: C:\Keil_v5\C51\BIN\C51.EXE DISPLAY.c OPTIMIZE(8,SPEED) BROWSE DEBUG OBJECTEXTEND PRINT(.\Listings\D
                    -ISPLAY.lst) OBJECT(.\Objects\DISPLAY.obj)

line level    source

   1          #include <stc15f2k60s2.h>
   2          #include "DISPLAY.h"
*** WARNING C318 IN LINE 2 OF DISPLAY.c: can't open file 'DISPLAY.h'
   3          #include "COMMON.h"
   4          
   5          //数码管段码表
   6          code unsigned char SEG_Value[2][8]={
   7                  0xBF,0xBF,0xBF,0xBF,0xBF,0xBF,0xBF,0x88,
   8                  0xBF,0xBF,0xBF,0xBF,0xBF,0xBF,0xBF,0x03
   9          };
  10          
  11          //数码管显示函数
  12          void SEG_Display(unsigned char number){
  13   1              //初始化位选
  14   1              unsigned char com = 0;
  15   1              //数码管循环显示变量
  16   1              unsigned char i;
  17   1              //获取显示数据组函数
  18   1              unsigned char num = number;
  19   1              //定义存储缓冲区
  20   1              unsigned char dat;
  21   1              //消影
  22   1              SEG(0xFF);
  23   1              
  24   1              for(i = 0 ;i < 8 ;i++){
  25   2                      //消影
  26   2                      SEG(0xFF);
  27   2                      //位选移动一位
  28   2                      COM(1<<com);
  29   2                      com++;
  30   2                      //将数据放入缓冲区
  31   2                      dat = SEG_Value[num][i];
  32   2                      SEG(dat);
  33   2              }
  34   1              com = 0;
  35   1              COM(0x00);
  36   1              SEG(0xFF);
  37   1      }


MODULE INFORMATION:   STATIC OVERLAYABLE
   CODE SIZE        =    130    ----
   CONSTANT SIZE    =     16    ----
   XDATA SIZE       =   ----    ----
   PDATA SIZE       =   ----    ----
   DATA SIZE        =   ----    ----
   IDATA SIZE       =   ----    ----
   BIT SIZE         =   ----    ----
END OF MODULE INFORMATION.


C51 COMPILATION COMPLETE.  1 WARNING(S),  0 ERROR(S)
