C51 COMPILER V9.60.7.0   KEY                                                               12/12/2025 16:23:19 PAGE 1   


C51 COMPILER V9.60.7.0, COMPILATION OF MODULE KEY
OBJECT MODULE PLACED IN .\Objects\KEY.obj
COMPILER INVOKED BY: C:\Keil_v5\C51\BIN\C51.EXE KEY.c OPTIMIZE(8,SPEED) BROWSE DEBUG OBJECTEXTEND PRINT(.\Listings\KEY.l
                    -st) OBJECT(.\Objects\KEY.obj)

line level    source

   1          #include <stc15f2k60s2.h>
   2          #include "KEY.h"
   3          #include "DELAY.h"
   4          
   5          //按键键值表
   6          code unsigned char Key_Value[5] = {0,1,2,3,4};
   7          
   8          //按键扫描函数
   9          unsigned char Key_Scan(){
  10   1              //扫描第一行
  11   1              P30 = 0;P31 = 1;P32 = 1;P33 = 1;
  12   1              if(P44 == 0){
  13   2                      Delay(100);
  14   2                      while(P44 == 0){
  15   3                              return Key_Value[1];
  16   3                      }
  17   2              }
  18   1              //扫描第二行
  19   1              P30 = 1;P31 = 0;P32 = 1;P33 = 1;
  20   1              if(P44 == 0){
  21   2                      Delay(100);
  22   2                      while(P44 == 0){
  23   3                              return Key_Value[2];
  24   3                      }
  25   2              }
  26   1              //扫描第三行
  27   1              P30 = 1;P31 = 1;P32 = 0;P33 = 1;
  28   1              if(P44 == 0){
  29   2                      Delay(100);
  30   2                      while(P44 == 0){
  31   3                              return Key_Value[3];
  32   3                      }
  33   2              }
  34   1              //扫描第四行
  35   1              P30 = 1;P31 = 1;P32 = 1;P33 = 0;
  36   1              if(P44 == 0){
  37   2                      Delay(100);
  38   2                      while(P44 == 0){
  39   3                              return Key_Value[4];
  40   3                      }
  41   2              }
  42   1              return Key_Value[0];
  43   1      }
  44          


MODULE INFORMATION:   STATIC OVERLAYABLE
   CODE SIZE        =    103    ----
   CONSTANT SIZE    =      5    ----
   XDATA SIZE       =   ----    ----
   PDATA SIZE       =   ----    ----
   DATA SIZE        =   ----    ----
   IDATA SIZE       =   ----    ----
   BIT SIZE         =   ----    ----
C51 COMPILER V9.60.7.0   KEY                                                               12/12/2025 16:23:19 PAGE 2   

END OF MODULE INFORMATION.


C51 COMPILATION COMPLETE.  0 WARNING(S),  0 ERROR(S)
