C51 COMPILER V9.60.7.0   MAIN                                                              12/12/2025 17:38:17 PAGE 1   


C51 COMPILER V9.60.7.0, COMPILATION OF MODULE MAIN
OBJECT MODULE PLACED IN .\Objects\main.obj
COMPILER INVOKED BY: C:\Keil_v5\C51\BIN\C51.EXE main.c OPTIMIZE(8,SPEED) BROWSE DEBUG OBJECTEXTEND PRINT(.\Listings\main
                    -.lst) OBJECT(.\Objects\main.obj)

line level    source

   1          #include <stc15f2k60s2.h>
   2          #include "LED.h"
   3          #include "DISPALY.h"
   4          #include "KEY.h"
   5          #include "DELAY.h"
   6          #include "COMMON.h"
   7          
   8          //定义位选
   9          bit Key_Code = 0;
  10          
  11          //初始化函数
  12          void Init_MCU(){
  13   1              LED(0xFF);
  14   1              COM(0xFF);
  15   1              SEG(0xFF);
  16   1              BUZ(0x00);
  17   1      }
  18          
  19          void main(void){
  20   1              //获取按键值
  21   1              unsigned char Key1 = 0,Key2 = 0;
  22   1              //模式控制值
  23   1              unsigned char mol = 0;
  24   1              Init_MCU();
  25   1              while(1){
  26   2                      Key1 = Key_Scan();
  27   2                      Key2 = Key_Scan();
  28   2                      switch(Key1){
  29   3                              case 1:
  30   3                                      Key_Code = 1;
  31   3                                      break;
  32   3                              case 2:
  33   3                                      Key_Code = 0;
  34   3                                      break;
  35   3                      }
  36   2                      if(Key_Code){
  37   3                              switch(Key2){
  38   4                                      case 3:
  39   4                                              mol++;
  40   4                                              if(mol > 4){
  41   5                                                      mol = 1;
  42   5                                              }
  43   4                                              SEG_Display(0);
  44   4                                              break;
  45   4                                      case 4:
  46   4                                              mol--;
  47   4                                              if(mol < 1){
  48   5                                                      mol = 4;
  49   5                                              }
  50   4                                              SEG_Display(0);
  51   4                                              break;
  52   4                              }
  53   3                              LED_Show(mol);
  54   3                              SEG_Display(0);
C51 COMPILER V9.60.7.0   MAIN                                                              12/12/2025 17:38:17 PAGE 2   

  55   3                      }
  56   2                      SEG_Display(1);
  57   2              }
  58   1      }


MODULE INFORMATION:   STATIC OVERLAYABLE
   CODE SIZE        =    152    ----
   CONSTANT SIZE    =   ----    ----
   XDATA SIZE       =   ----    ----
   PDATA SIZE       =   ----    ----
   DATA SIZE        =   ----       3
   IDATA SIZE       =   ----    ----
   BIT SIZE         =      1    ----
END OF MODULE INFORMATION.


C51 COMPILATION COMPLETE.  0 WARNING(S),  0 ERROR(S)
