C51 COMPILER V9.60.7.0   LED_DISPLAY                                                       02/02/2026 12:53:02 PAGE 1   


C51 COMPILER V9.60.7.0, COMPILATION OF MODULE LED_DISPLAY
OBJECT MODULE PLACED IN .\Objects\LED_Display.obj
COMPILER INVOKED BY: C:\Keil_v5\C51\BIN\C51.EXE LED_Display.c OPTIMIZE(8,SPEED) BROWSE DEBUG OBJECTEXTEND PRINT(.\Listin
                    -gs\LED_Display.lst) OBJECT(.\Objects\LED_Display.obj)

line level    source

   1          #include <stc15f2k60s2.h>
   2          #include "Common.h"
   3          #include "Delay.h"
   4          #include "Uart.h"
   5          
   6          code unsigned char SEG_Table[] = {
   7                  0x88,   //A
   8                  0x86,   //E
   9                  0xFF    //全灭
  10          };
  11          
  12          //串口数据接收数组
  13          unsigned char Uart_dat_arr[] = {2,2,2,2,2,2,2,2};
  14          //串口数据显示数组
  15          unsigned char Uart_show_arr[] = {2,2,2,2,2,2,2,2};
  16          
  17          //数据转化函数
  18          void Uart_dat_change(){
  19   1              unsigned char dat = *Arr_Value();
  20   1              unsigned char i;
  21   1              if(dat == 'A'){
  22   2                      Uart_dat_arr[7] = 0;
  23   2              }
  24   1              else{
  25   2                      Uart_dat_arr[7] = 1;
  26   2              }
  27   1              for(i = 0;i <8;i++){
  28   2                      Uart_show_arr[i] = Uart_dat_arr[i];
  29   2              }
  30   1      }
  31          //数码管显示数组
  32          void LED_Display_Show(){
  33   1              unsigned char i;
  34   1              unsigned char dat;
  35   1              unsigned char com = 0;
  36   1              for(i = 0;i < 8;i++){
  37   2                      SEG(0xFF);
  38   2                      COM(0xFF);
  39   2                      COM(1<<com);
  40   2                      dat = SEG_Table[Uart_show_arr[i]];
  41   2                      SEG(dat);
  42   2                      com++;
  43   2                      Delay50us();
  44   2                      Delay50us();
  45   2              }
  46   1              com = 0;
  47   1              SEG(0xFF);
  48   1              COM(0xFF);
  49   1      }


MODULE INFORMATION:   STATIC OVERLAYABLE
   CODE SIZE        =    170    ----
   CONSTANT SIZE    =      3    ----
C51 COMPILER V9.60.7.0   LED_DISPLAY                                                       02/02/2026 12:53:02 PAGE 2   

   XDATA SIZE       =   ----    ----
   PDATA SIZE       =   ----    ----
   DATA SIZE        =     16       3
   IDATA SIZE       =   ----    ----
   BIT SIZE         =   ----    ----
END OF MODULE INFORMATION.


C51 COMPILATION COMPLETE.  0 WARNING(S),  0 ERROR(S)
