C51 COMPILER V9.60.7.0   MAIN                                                              02/02/2026 12:53:02 PAGE 1   


C51 COMPILER V9.60.7.0, COMPILATION OF MODULE MAIN
OBJECT MODULE PLACED IN .\Objects\main.obj
COMPILER INVOKED BY: C:\Keil_v5\C51\BIN\C51.EXE main.c OPTIMIZE(8,SPEED) BROWSE DEBUG OBJECTEXTEND PRINT(.\Listings\main
                    -.lst) OBJECT(.\Objects\main.obj)

line level    source

   1          #include <stc15f2k60s2.h>
   2          #include "LED_Display.h"
   3          #include "Delay.h"
   4          #include "Uart.h"
   5          #include "Common.h"
   6          
   7          void Init_MCU(){
   8   1              SEG(0xFF);
   9   1              COM(0xFF);
  10   1              BUZ(0x00);
  11   1              LED(0xFF);
  12   1              Uart1_Init();
  13   1      }
  14          
  15          void main(){
  16   1              Init_MCU();
  17   1              while(1){
  18   2                      if(rx_complete_flag){ // 仅当串口接收完成时更新显示
  19   3                  Uart_dat_change();
  20   3                              rx_complete_flag = 0; // 显示完成后清零，避免重复执行
  21   3                  rx_cnt = 0;
  22   3              }
  23   2                      LED_Display_Show();
  24   2                      LED_Display_Show();
  25   2                      LED_Display_Show();
  26   2              }
  27   1      }


MODULE INFORMATION:   STATIC OVERLAYABLE
   CODE SIZE        =     84    ----
   CONSTANT SIZE    =   ----    ----
   XDATA SIZE       =   ----    ----
   PDATA SIZE       =   ----    ----
   DATA SIZE        =   ----    ----
   IDATA SIZE       =   ----    ----
   BIT SIZE         =   ----    ----
END OF MODULE INFORMATION.


C51 COMPILATION COMPLETE.  0 WARNING(S),  0 ERROR(S)
