C51 COMPILER V9.60.7.0   KEY                                                               02/06/2026 14:45:05 PAGE 1   


C51 COMPILER V9.60.7.0, COMPILATION OF MODULE KEY
OBJECT MODULE PLACED IN .\Objects\KEY.obj
COMPILER INVOKED BY: C:\Keil_v5\C51\BIN\C51.EXE KEY.c OPTIMIZE(8,SPEED) BROWSE DEBUG OBJECTEXTEND PRINT(.\Listings\KEY.l
                    -st) OBJECT(.\Objects\KEY.obj)

line level    source

   1          #include <stc15f2k60s2.h>
   2          #include "Delay.h"
   3          
   4          sbit S4 = P3^3;
   5          sbit S5 = P3^2;
   6          
   7          unsigned char count = 0;
   8          
   9          //°´¼üÉ¨Ãèº¯Êý
  10          unsigned char Key_Scan(){
  11   1              unsigned char key = 0;
  12   1              if(S4 == 0){
  13   2                      Delay100ms();
  14   2                      while(S4 == 0){
  15   3                              key = 1;
  16   3                      }
  17   2              }
  18   1              if(S5 == 0){
  19   2                      Delay100ms();
  20   2                      while(S5 == 0){
  21   3                              key = 2;
  22   3                      }
  23   2              }
  24   1              return key;
  25   1      }
  26          
  27          //°´¼üÀÛ¼ÓÆ÷º¯Êý
  28          void Key_Sum(){
  29   1              unsigned char key = Key_Scan();
  30   1              if(key == 1){
  31   2                      if(count < 99){
  32   3                              count++;
  33   3                      }
  34   2              }
  35   1              if(key == 2){
  36   2                      if(count > 0){
  37   3                              count--;
  38   3                      }
  39   2              }
  40   1      }


MODULE INFORMATION:   STATIC OVERLAYABLE
   CODE SIZE        =     62    ----
   CONSTANT SIZE    =   ----    ----
   XDATA SIZE       =   ----    ----
   PDATA SIZE       =   ----    ----
   DATA SIZE        =      1       1
   IDATA SIZE       =   ----    ----
   BIT SIZE         =   ----    ----
END OF MODULE INFORMATION.


C51 COMPILATION COMPLETE.  0 WARNING(S),  0 ERROR(S)
