C51 COMPILER V9.60.7.0   LED_DISPLAY                                                       02/06/2026 14:45:05 PAGE 1   


C51 COMPILER V9.60.7.0, COMPILATION OF MODULE LED_DISPLAY
OBJECT MODULE PLACED IN .\Objects\LED_Display.obj
COMPILER INVOKED BY: C:\Keil_v5\C51\BIN\C51.EXE LED_Display.c OPTIMIZE(8,SPEED) BROWSE DEBUG OBJECTEXTEND PRINT(.\Listin
                    -gs\LED_Display.lst) OBJECT(.\Objects\LED_Display.obj)

line level    source

   1          #include <stc15f2k60s2.h>
   2          #include "KEY.h"
   3          #include "LED_Display.h"
   4          #include "PCF8591.h"
   5          #include "Delay.h"
   6          #include "Common.h"
   7          
   8          code unsigned char SEG_Table[] = {
   9                  0xC0,   //0
  10                  0xF9,   //1
  11                  0xA4,   //2
  12                  0xB0,   //3
  13                  0x99,   //4
  14                  0x92,   //5
  15                  0x82,   //6
  16                  0xF8,   //7
  17                  0x80,   //8
  18                  0x90,   //9
  19                  0xFF    //È«Ãð
  20          };
  21          
  22          unsigned char Key_dat[] = {10,10,10,10,10,10,10,10};
  23          
  24          void Key_Change(){
  25   1              if(count >= 10 && count <= 99){
  26   2                      Key_dat[6] = count / 10;
  27   2                      Key_dat[7] = count % 10;
  28   2              }
  29   1              else if(count >= 0 && count <= 9){
  30   2                      Key_dat[6] = 10;
  31   2                      Key_dat[7] = count % 10;
  32   2              }
  33   1      }
  34          
  35          void LED_Display_Show(){
  36   1              unsigned char com;
  37   1              unsigned char dat;
  38   1              for(com = 0;com < 8;com++){
  39   2                      SEG(0xFF);
  40   2                      COM(1<<com);
  41   2                      dat = SEG_Table[Key_dat[com]];
  42   2                      SEG(dat);
  43   2                      Delay50us();
  44   2              }
  45   1              SEG(0xFF);
  46   1              COM(0xFF);
  47   1      }


MODULE INFORMATION:   STATIC OVERLAYABLE
   CODE SIZE        =    160    ----
   CONSTANT SIZE    =     11    ----
   XDATA SIZE       =   ----    ----
   PDATA SIZE       =   ----    ----
C51 COMPILER V9.60.7.0   LED_DISPLAY                                                       02/06/2026 14:45:05 PAGE 2   

   DATA SIZE        =      8       2
   IDATA SIZE       =   ----    ----
   BIT SIZE         =   ----    ----
END OF MODULE INFORMATION.


C51 COMPILATION COMPLETE.  0 WARNING(S),  0 ERROR(S)
