C51 COMPILER V9.60.7.0   PCF8591                                                           02/06/2026 14:45:05 PAGE 1   


C51 COMPILER V9.60.7.0, COMPILATION OF MODULE PCF8591
OBJECT MODULE PLACED IN .\Objects\PCF8591.obj
COMPILER INVOKED BY: C:\Keil_v5\C51\BIN\C51.EXE PCF8591.c OPTIMIZE(8,SPEED) BROWSE DEBUG OBJECTEXTEND PRINT(.\Listings\P
                    -CF8591.lst) OBJECT(.\Objects\PCF8591.obj)

line level    source

   1          #include <stc15f2k60s2.h>
   2          #include "IIC.h"
   3          #include "KEY.h"
   4          
   5          void RB2_DA(unsigned char u){
   6   1              I2CStart();
   7   1              I2CSendByte(0x90);
   8   1              I2CWaitAck();
   9   1              I2CSendByte(0x40);
  10   1              I2CWaitAck();
  11   1              I2CSendByte(u);
  12   1              I2CStop();
  13   1      }
  14          
  15          void DA_Cout(){
  16   1              if(count % 6 == 0 && count != 0){
  17   2                      RB2_DA(153);
  18   2              }
  19   1              else{
  20   2                      RB2_DA(51);
  21   2              }
  22   1      }


MODULE INFORMATION:   STATIC OVERLAYABLE
   CODE SIZE        =     53    ----
   CONSTANT SIZE    =   ----    ----
   XDATA SIZE       =   ----    ----
   PDATA SIZE       =   ----    ----
   DATA SIZE        =   ----       1
   IDATA SIZE       =   ----    ----
   BIT SIZE         =   ----    ----
END OF MODULE INFORMATION.


C51 COMPILATION COMPLETE.  0 WARNING(S),  0 ERROR(S)
