C51 COMPILER V9.60.7.0   KEY                                                               01/26/2026 15:30:42 PAGE 1   


C51 COMPILER V9.60.7.0, COMPILATION OF MODULE KEY
OBJECT MODULE PLACED IN .\Objects\KEY.obj
COMPILER INVOKED BY: C:\Keil_v5\C51\BIN\C51.EXE KEY.c OPTIMIZE(8,SPEED) BROWSE DEBUG OBJECTEXTEND PRINT(.\Listings\KEY.l
                    -st) OBJECT(.\Objects\KEY.obj)

line level    source

   1          #include <stc15f2k60s2.h>
   2          #include "Delay.h"
   3          
   4          sbit S16 = P3^3;
   5          sbit GND = P3^4;
   6          
   7          //°´¼üÉ¨Ãèº¯Êý
   8          unsigned char Key_Scan(){
   9   1              unsigned char key = 0;
  10   1              GND = 0;
  11   1              if(S16 == 0){
  12   2                      Delay10ms();
  13   2                      while(S16 == 0){
  14   3                              key = 1;
  15   3                      }
  16   2              }
  17   1              return key;
  18   1      }


MODULE INFORMATION:   STATIC OVERLAYABLE
   CODE SIZE        =     22    ----
   CONSTANT SIZE    =   ----    ----
   XDATA SIZE       =   ----    ----
   PDATA SIZE       =   ----    ----
   DATA SIZE        =   ----       1
   IDATA SIZE       =   ----    ----
   BIT SIZE         =   ----    ----
END OF MODULE INFORMATION.


C51 COMPILATION COMPLETE.  0 WARNING(S),  0 ERROR(S)
