C51 COMPILER V9.60.7.0   MAIN                                                              01/26/2026 15:30:42 PAGE 1   


C51 COMPILER V9.60.7.0, COMPILATION OF MODULE MAIN
OBJECT MODULE PLACED IN .\Objects\main.obj
COMPILER INVOKED BY: C:\Keil_v5\C51\BIN\C51.EXE main.c OPTIMIZE(8,SPEED) BROWSE DEBUG OBJECTEXTEND PRINT(.\Listings\main
                    -.lst) OBJECT(.\Objects\main.obj)

line level    source

   1          #include <stc15f2k60s2.h>
   2          #include "LED_Display.h"
   3          #include "KEY.h"
   4          #include "LED.h"
   5          #include "DS18B20.h"
   6          #include "Onewire.h"
   7          #include "Delay.h"
   8          #include "Common.h"
   9          
  10          void Init_MCU(){
  11   1              SEG(0xFF);
  12   1              COM(0xFF);
  13   1              BUZ(0x00);
  14   1              LED(0xFF);
  15   1      }
  16          
  17          void main(){
  18   1              Init_MCU();
  19   1              while(1){
  20   2                      Temp_Set();
  21   2                      Temp_Change();
  22   2                      LED_Display_Show();
  23   2                      LED_Display_Show();
  24   2                      LED_Display_Show();
  25   2                      LED_Display_Show();
  26   2                      LED_Display_Show();
  27   2                      LED_Display_Show();
  28   2                      LED_Display_Show();
  29   2                      LED_Display_Show();
  30   2                      LED_Display_Show();
  31   2                      LED_Display_Show();
  32   2                      LED_Display_Show();
  33   2                      LED_Display_Show();
  34   2                      LED_Display_Show();
  35   2                      LED_Display_Show();
  36   2                      LED_Display_Show();
  37   2                      LED_Display_Show();
  38   2                      LED_Display_Show();
  39   2                      LED_Display_Show();
  40   2              }
  41   1      }


MODULE INFORMATION:   STATIC OVERLAYABLE
   CODE SIZE        =    122    ----
   CONSTANT SIZE    =   ----    ----
   XDATA SIZE       =   ----    ----
   PDATA SIZE       =   ----    ----
   DATA SIZE        =   ----    ----
   IDATA SIZE       =   ----    ----
   BIT SIZE         =   ----    ----
END OF MODULE INFORMATION.


C51 COMPILATION COMPLETE.  0 WARNING(S),  0 ERROR(S)
