C51 COMPILER V9.60.7.0   LED                                                               12/12/2025 14:38:40 PAGE 1   


C51 COMPILER V9.60.7.0, COMPILATION OF MODULE LED
OBJECT MODULE PLACED IN .\Objects\led.obj
COMPILER INVOKED BY: C:\Keil_v5\C51\BIN\C51.EXE led.c OPTIMIZE(8,SPEED) BROWSE DEBUG OBJECTEXTEND PRINT(.\Listings\led.l
                    -st) OBJECT(.\Objects\led.obj)

line level    source

   1          #include <stc15f2k60s2.h>
   2          #include "led.h"
   3          #include "delay.h"
   4          #include "common.h"
   5          
   6          //单个LED反转函数
   7          unsigned char LED_Reverse(unsigned char num, unsigned char value){
   8   1              //获取第几个LED控制变量
   9   1              unsigned char number = num;
  10   1              //获取当前LED的状态
  11   1              unsigned char LED_Value = value;
  12   1              //先判断要反转的LED处于的状态
  13   1              unsigned char status = (LED_Value >> num) & 1;
  14   1              //判断LED为亮则进行灭操作
  15   1              if(status == 1){
  16   2                      //返回反转后的LED状态
  17   2                      return LED_Value & ~(1 << num);
  18   2              }
  19   1              //判断LED为灭则进行亮操作
  20   1              if(status == 0){
  21   2                      return LED_Value | (1 << num);
  22   2              }
  23   1              return 0;
  24   1      }
  25          
  26          //单个LED闪烁函数
  27          unsigned char LED_Flash(unsigned char num, unsigned char value){
  28   1              //获取第几个LED控制变量
  29   1              unsigned char number = num;
  30   1              //获取当前LED的状态
  31   1              unsigned char LED_Value = value;
  32   1              //先判断要反转的LED处于的状态
  33   1              unsigned char status = (LED_Value >> num) & 1;
  34   1              //判断LED为亮则进行灭操作
  35   1              if(status == 1){
  36   2                      LED_Value &= ~(1 << num);
  37   2              }
  38   1              //判断LED为灭则进行亮操作
  39   1              if(status == 0){
  40   2                      LED_Value |= (1 << num); 
  41   2              }
  42   1              LED(LED_Value);
  43   1              Delay100ms();
  44   1              return LED_Value;
  45   1      }


MODULE INFORMATION:   STATIC OVERLAYABLE
   CODE SIZE        =    122    ----
   CONSTANT SIZE    =   ----    ----
   XDATA SIZE       =   ----    ----
   PDATA SIZE       =   ----    ----
   DATA SIZE        =   ----       3
   IDATA SIZE       =   ----    ----
C51 COMPILER V9.60.7.0   LED                                                               12/12/2025 14:38:40 PAGE 2   

   BIT SIZE         =   ----    ----
END OF MODULE INFORMATION.


C51 COMPILATION COMPLETE.  0 WARNING(S),  0 ERROR(S)
