C51 COMPILER V9.60.7.0   MAIN                                                              12/12/2025 14:38:36 PAGE 1   


C51 COMPILER V9.60.7.0, COMPILATION OF MODULE MAIN
OBJECT MODULE PLACED IN .\Objects\main.obj
COMPILER INVOKED BY: C:\Keil_v5\C51\BIN\C51.EXE main.c OPTIMIZE(8,SPEED) BROWSE DEBUG OBJECTEXTEND PRINT(.\Listings\main
                    -.lst) OBJECT(.\Objects\main.obj)

line level    source

   1          #include <stc15f2k60s2.h>
   2          #include <intrins.h>
   3          
   4          // L长按标志
   5          unsigned char L_flag = 0x00;
   6          // 长按倒计时
   7          bit Time_down_flag=0,Press_flag=0;
   8          unsigned char Count_200=200;
   9          // 100ms循环
  10          unsigned char Count_20;
  11          // 按键检测
  12          bit key_flag;
  13          
  14          void Timer0_Init(void)          //5毫秒@12.000MHz
  15          {
  16   1              AUXR &= 0x7F;                   //定时器时钟12T模式
  17   1              TMOD &= 0xF0;                   //设置定时器模式
  18   1              TL0 = 0x78;                             //设置定时初始值
  19   1              TH0 = 0xEC;                             //设置定时初始值
  20   1              TF0 = 0;                                //清除TF0标志
  21   1              TR0 = 1;                                //定时器0开始计时
  22   1              ET0 = 1;                                //使能定时器0中断
  23   1      }
  24          
  25          void Turn_L(unsigned char pos){
  26   1              switch(pos){
  27   2                      case 0: P00 = ~P00;
  28   2                              break;
  29   2                      case 1: P01 = ~P01;
  30   2                              break;
  31   2                      case 2: P02 = ~P02;
  32   2                              break;
  33   2                      case 3: P03 = ~P03;
  34   2                              break;
  35   2                      case 4: P04 = ~P04;
  36   2                              break;
  37   2                      case 5: P05 = ~P05;
  38   2                              break;
  39   2                      case 6: P06 = ~P06;
  40   2                              break;
  41   2                      case 7: P07 = ~P07;
  42   2                              break;
  43   2                      default:
  44   2                              break;
  45   2              }
  46   1      }
  47          
  48          void L_flag_Pro(unsigned char pos)
  49          {
  50   1              L_flag &= ~(0x01 << pos); 
  51   1              if(Press_flag) {
  52   2                      Press_flag = 0;
  53   2                      L_flag |= 0x01 << pos;
  54   2              }
C51 COMPILER V9.60.7.0   MAIN                                                              12/12/2025 14:38:36 PAGE 2   

  55   1              else {
  56   2                      Turn_L(pos);
  57   2              }
  58   1                      
  59   1      }
  60          void Key_scanf()
  61          {
  62   1              unsigned char pos=8;
  63   1              P30=P31=P32=P33=0;
  64   1              P44=P42=1;
  65   1              if(!(P44&&P42))
  66   1              {
  67   2                      _nop_();_nop_();_nop_();_nop_();_nop_();_nop_();
  68   2                      if(!(P44&&P42))
  69   2                      {
  70   3                              // 检测长按
  71   3                              Time_down_flag = 1;
  72   3                              P30=P31=P32=P33=1;
  73   3                              P44=P42=0;
  74   3                              if(!P33){pos=0;}
  75   3                              else if(!P32) {pos=1;}
  76   3                              else if(!P31) {pos=2;}
  77   3                              else if(!P30) {pos=3;}
  78   3                              else ;;
  79   3                              P30=P31=P32=P33=0;
  80   3                              P44=P42=1;
  81   3                              if(!P42) {pos+=4;}
  82   3                              while(!(P44&&P42));
  83   3                              // 关闭检测
  84   3                              Time_down_flag = 0; Count_200 = 200;
  85   3                              L_flag_Pro(pos);
  86   3                      }
  87   2              }
  88   1      }
  89          
  90          void Turn_L_Port(){
  91   1              unsigned char i = 0;
  92   1              for(;i<8;i++)
  93   1              {
  94   2                      if((L_flag >> i)&0x01) Turn_L(i);
  95   2              }
  96   1      }
  97          
  98          void Timer0_Isr(void) interrupt 1
  99          {
 100   1              key_flag = 1;
 101   1              
 102   1              if(Time_down_flag){
 103   2                      if(--Count_200 == 0){
 104   3                              Time_down_flag = 0;
 105   3                              Press_flag = 1;
 106   3                              Count_200 = 200;
 107   3                      }
 108   2              }
 109   1              
 110   1              if(++Count_20==20) {Count_20 = 0; Turn_L_Port();}
 111   1      }
 112          
 113          void main()
 114          {
 115   1              Timer0_Init();
 116   1              EA = 1;
C51 COMPILER V9.60.7.0   MAIN                                                              12/12/2025 14:38:36 PAGE 3   

 117   1              P0 = 0xff;
 118   1              P2 = P2&0x1f|0x80;
 119   1              while(1)
 120   1              {
 121   2                      Key_scanf();
 122   2              }
 123   1      }


MODULE INFORMATION:   STATIC OVERLAYABLE
   CODE SIZE        =    321    ----
   CONSTANT SIZE    =   ----    ----
   XDATA SIZE       =   ----    ----
   PDATA SIZE       =   ----    ----
   DATA SIZE        =      3    ----
   IDATA SIZE       =   ----    ----
   BIT SIZE         =      3    ----
END OF MODULE INFORMATION.


C51 COMPILATION COMPLETE.  0 WARNING(S),  0 ERROR(S)
