C51 COMPILER V9.60.7.0   BEEP                                                              02/20/2026 18:01:04 PAGE 1   


C51 COMPILER V9.60.7.0, COMPILATION OF MODULE BEEP
OBJECT MODULE PLACED IN .\Objects\Beep.obj
COMPILER INVOKED BY: C:\Keil_v5\C51\BIN\C51.EXE Beep.c OPTIMIZE(8,SPEED) BROWSE DEBUG OBJECTEXTEND PRINT(.\Listings\Beep
                    -.lst) OBJECT(.\Objects\Beep.obj)

line level    source

   1          #include <STC15F2K60S2.H>
   2          #include "Common.h"
   3          #include "PCF8591.h"
   4          
   5          unsigned char Beep_value = 0x00;
   6          
   7          void Beep_login(){
   8   1          if(ADC_value >= 360){
   9   2              Beep_value = 0xEF;
  10   2          }
  11   1          else{
  12   2              Beep_value = 0x00;
  13   2          }
  14   1          BUZ(Beep_value);
  15   1      }


MODULE INFORMATION:   STATIC OVERLAYABLE
   CODE SIZE        =     34    ----
   CONSTANT SIZE    =   ----    ----
   XDATA SIZE       =   ----    ----
   PDATA SIZE       =   ----    ----
   DATA SIZE        =      1    ----
   IDATA SIZE       =   ----    ----
   BIT SIZE         =   ----    ----
END OF MODULE INFORMATION.


C51 COMPILATION COMPLETE.  0 WARNING(S),  0 ERROR(S)
