C51 COMPILER V9.60.7.0   DS18B20                                                           02/20/2026 18:00:57 PAGE 1   


C51 COMPILER V9.60.7.0, COMPILATION OF MODULE DS18B20
OBJECT MODULE PLACED IN .\Objects\DS18B20.obj
COMPILER INVOKED BY: C:\Keil_v5\C51\BIN\C51.EXE DS18B20.c OPTIMIZE(8,SPEED) BROWSE DEBUG OBJECTEXTEND PRINT(.\Listings\D
                    -S18B20.lst) OBJECT(.\Objects\DS18B20.obj)

line level    source

   1          #include <STC15F2K60S2.H>
   2          #include "Onewire.h"
   3          #include "Timer.h"
   4          
   5          unsigned int temp_value = 0;
   6          
   7          float Read_Temp(){
   8   1          unsigned int dat;
   9   1          unsigned char low,high;
  10   1          init_ds18b20();
  11   1          Write_DS18B20(0xCC);
  12   1          Write_DS18B20(0x44);
  13   1          Delay_OneWire(800);
  14   1          init_ds18b20();
  15   1          Write_DS18B20(0xCC);
  16   1          Write_DS18B20(0xBE);
  17   1          low = Read_DS18B20();
  18   1          high = Read_DS18B20();
  19   1          dat = (high << 8) | low;
  20   1          return (float)dat * 0.625;
  21   1      }
  22          
  23          void Temp_login(){
  24   1          float dat = Read_Temp();
  25   1          if(Temp_cnt >= 500){
  26   2              Temp_cnt = 0;
  27   2              temp_value = (unsigned int)dat;
  28   2          }
  29   1      }


MODULE INFORMATION:   STATIC OVERLAYABLE
   CODE SIZE        =     90    ----
   CONSTANT SIZE    =   ----    ----
   XDATA SIZE       =   ----    ----
   PDATA SIZE       =   ----    ----
   DATA SIZE        =      2       1
   IDATA SIZE       =   ----    ----
   BIT SIZE         =   ----    ----
END OF MODULE INFORMATION.


C51 COMPILATION COMPLETE.  0 WARNING(S),  0 ERROR(S)
