C51 COMPILER V9.60.7.0   KEY                                                               02/20/2026 18:01:22 PAGE 1   


C51 COMPILER V9.60.7.0, COMPILATION OF MODULE KEY
OBJECT MODULE PLACED IN .\Objects\KEY.obj
COMPILER INVOKED BY: C:\Keil_v5\C51\BIN\C51.EXE KEY.c OPTIMIZE(8,SPEED) BROWSE DEBUG OBJECTEXTEND PRINT(.\Listings\KEY.l
                    -st) OBJECT(.\Objects\KEY.obj)

line level    source

   1          #include <STC15F2K60S2.H>
   2          #include "Delay.h"
   3          #include "Uart.h"
   4          
   5          bit password = 0;
   6          
   7          unsigned char Key_Scan(){
   8   1          unsigned char key = 0;
   9   1          P33 = 0;P34 = 1;
  10   1          if(P44 == 0){   //S4
  11   2              Delay100ms();
  12   2              while(P44 == 0){
  13   3                  key = 1;
  14   3              }
  15   2          }
  16   1          if(P35 == 0){   //S12
  17   2              Delay100ms();
  18   2              while(P35 == 0){
  19   3                  key = 2;
  20   3              }
  21   2          }
  22   1          P33 = 1;P32 = 0;
  23   1          if(P44 == 0){
  24   2              Delay100ms();
  25   2              while(P44 == 0){
  26   3                  key = 3;
  27   3              }
  28   2          }
  29   1          return key;
  30   1      }
  31          
  32          void Key_login(){
  33   1          unsigned key = Key_Scan();
  34   1          switch(key){
  35   2              case 1:
  36   2                  password = 1;
  37   2                  break;
  38   2              case 2:
  39   2                  password = 0;
  40   2                  break;
  41   2              case 3:
  42   2                  if(recv_value == 'A'){
  43   3                      Send_Temp_login();
  44   3                  }
  45   2                  if(recv_value == 'B'){
  46   3                      Send_Voltage_login();
  47   3                  }
  48   2                  break;
  49   2          }
  50   1      }


MODULE INFORMATION:   STATIC OVERLAYABLE
   CODE SIZE        =     99    ----
C51 COMPILER V9.60.7.0   KEY                                                               02/20/2026 18:01:22 PAGE 2   

   CONSTANT SIZE    =   ----    ----
   XDATA SIZE       =   ----    ----
   PDATA SIZE       =   ----    ----
   DATA SIZE        =   ----       1
   IDATA SIZE       =   ----    ----
   BIT SIZE         =      1    ----
END OF MODULE INFORMATION.


C51 COMPILATION COMPLETE.  0 WARNING(S),  0 ERROR(S)
