C51 COMPILER V9.60.7.0   LED                                                               02/20/2026 18:01:06 PAGE 1   


C51 COMPILER V9.60.7.0, COMPILATION OF MODULE LED
OBJECT MODULE PLACED IN .\Objects\LED.obj
COMPILER INVOKED BY: C:\Keil_v5\C51\BIN\C51.EXE LED.c OPTIMIZE(8,SPEED) BROWSE DEBUG OBJECTEXTEND PRINT(.\Listings\LED.l
                    -st) OBJECT(.\Objects\LED.obj)

line level    source

   1          #include <STC15F2K60S2.H>
   2          #include "Uart.h"
   3          #include "Common.h"
   4          #include "KEY.h"
   5          #include "Timer.h"
   6          
   7          unsigned char LED_value = 0xFF;
   8          bit LED_flag = 0;
   9          void LED_login(){
  10   1          if(recv_value == 'A' && password == 0){
  11   2              LED_value = 0xFE;
  12   2          }
  13   1          else if(recv_value == 'B' && password == 0){
  14   2              LED_value = 0xFD;
  15   2          }
  16   1          if(password == 1){
  17   2              if(LED_cnt >= 100){
  18   3                  LED_flag = !LED_flag;
  19   3                  LED_cnt = 0;
  20   3              }
  21   2              if(LED_flag == 0){
  22   3                  LED_value &= 0xFB;
  23   3              }
  24   2              if(LED_flag == 1){
  25   3                  LED_value |= 0x04;
  26   3              }
  27   2          }
  28   1          LED(LED_value);
  29   1      }


MODULE INFORMATION:   STATIC OVERLAYABLE
   CODE SIZE        =     72    ----
   CONSTANT SIZE    =   ----    ----
   XDATA SIZE       =   ----    ----
   PDATA SIZE       =   ----    ----
   DATA SIZE        =      1    ----
   IDATA SIZE       =   ----    ----
   BIT SIZE         =      1    ----
END OF MODULE INFORMATION.


C51 COMPILATION COMPLETE.  0 WARNING(S),  0 ERROR(S)
