C51 COMPILER V9.60.7.0   MAIN                                                              02/20/2026 18:55:54 PAGE 1   


C51 COMPILER V9.60.7.0, COMPILATION OF MODULE MAIN
OBJECT MODULE PLACED IN .\Objects\main.obj
COMPILER INVOKED BY: C:\Keil_v5\C51\BIN\C51.EXE main.c OPTIMIZE(8,SPEED) BROWSE DEBUG OBJECTEXTEND PRINT(.\Listings\main
                    -.lst) OBJECT(.\Objects\main.obj)

line level    source

   1          #include <STC15F2K60S2.H>
   2          #include "Delay.h"
   3          #include "PCF8591.h"
   4          #include "DS18B20.h"
   5          #include "Relay.h"
   6          #include "Beep.h"
   7          #include "Uart.h"
   8          #include "LED.h"
   9          #include "LED_Display.h"
  10          #include "Timer.h"
  11          #include "KEY.h"
  12          #include "Common.h"
  13          
  14          void Init_MCU(){
  15   1          SEG(0xFF);
  16   1          COM(0xFF);
  17   1          LED(0xFF);
  18   1          BUZ(0x00);
  19   1          REY(0x00);
  20   1          Timer0_Init();
  21   1          Uart1_Init();
  22   1      }
  23          
  24          void main(){
  25   1          Init_MCU();
  26   1          while(1){
  27   2              Key_login();
  28   2              if(recv_flag){
  29   3                  Recv_login();
  30   3                  recv_flag = 0;
  31   3              }
  32   2              ADC_login();
  33   2              Temp_login();
  34   2              Recv_login();
  35   2              LED_login();
  36   2              LED_Display_Choose();
  37   2              LED_Display_Show();
  38   2          }
  39   1      }


MODULE INFORMATION:   STATIC OVERLAYABLE
   CODE SIZE        =    110    ----
   CONSTANT SIZE    =   ----    ----
   XDATA SIZE       =   ----    ----
   PDATA SIZE       =   ----    ----
   DATA SIZE        =   ----    ----
   IDATA SIZE       =   ----    ----
   BIT SIZE         =   ----    ----
END OF MODULE INFORMATION.


C51 COMPILATION COMPLETE.  0 WARNING(S),  0 ERROR(S)
