C51 COMPILER V9.60.7.0   PCF8591                                                           02/20/2026 18:00:59 PAGE 1   


C51 COMPILER V9.60.7.0, COMPILATION OF MODULE PCF8591
OBJECT MODULE PLACED IN .\Objects\PCF8591.obj
COMPILER INVOKED BY: C:\Keil_v5\C51\BIN\C51.EXE PCF8591.c OPTIMIZE(8,SPEED) BROWSE DEBUG OBJECTEXTEND PRINT(.\Listings\P
                    -CF8591.lst) OBJECT(.\Objects\PCF8591.obj)

line level    source

   1          #include <STC15F2K60S2.H>
   2          #include "IIC.h"
   3          #include "Timer.h"
   4          
   5          unsigned int ADC_value = 0;
   6          float Read_ADC(){
   7   1          unsigned char dat;
   8   1          I2CStart();
   9   1          I2CSendByte(0x90);
  10   1          I2CWaitAck();
  11   1          I2CSendByte(0x03);
  12   1          I2CWaitAck();
  13   1          I2CStop();
  14   1          I2CStart();
  15   1          I2CSendByte(0x91);
  16   1          I2CWaitAck();
  17   1          dat = I2CReceiveByte();
  18   1          I2CWaitAck();
  19   1          I2CStop();
  20   1          return (float)dat / 255.0 * 500;
  21   1      }
  22          
  23          void ADC_login(){
  24   1          float dat = Read_ADC();
  25   1          if(ADC_cnt >= 500){
  26   2              ADC_cnt = 0;
  27   2              ADC_value = (unsigned int)dat;
  28   2          }
  29   1      }


MODULE INFORMATION:   STATIC OVERLAYABLE
   CODE SIZE        =     97    ----
   CONSTANT SIZE    =   ----    ----
   XDATA SIZE       =   ----    ----
   PDATA SIZE       =   ----    ----
   DATA SIZE        =      2       1
   IDATA SIZE       =   ----    ----
   BIT SIZE         =   ----    ----
END OF MODULE INFORMATION.


C51 COMPILATION COMPLETE.  0 WARNING(S),  0 ERROR(S)
