C51 COMPILER V9.60.7.0   RELAY                                                             02/20/2026 18:01:02 PAGE 1   


C51 COMPILER V9.60.7.0, COMPILATION OF MODULE RELAY
OBJECT MODULE PLACED IN .\Objects\Relay.obj
COMPILER INVOKED BY: C:\Keil_v5\C51\BIN\C51.EXE Relay.c OPTIMIZE(8,SPEED) BROWSE DEBUG OBJECTEXTEND PRINT(.\Listings\Rel
                    -ay.lst) OBJECT(.\Objects\Relay.obj)

line level    source

   1          #include <STC15F2K60S2.H>
   2          #include "Common.h"
   3          #include "DS18B20.h"
   4          
   5          unsigned char Relay_value = 0x00;
   6          
   7          void Relay_login(){
   8   1          if(temp_value >= 280){
   9   2              Relay_value = 0xBF;
  10   2          }
  11   1          else{
  12   2              Relay_value = 0x00;
  13   2          }
  14   1          REY(Relay_value);
  15   1      }


MODULE INFORMATION:   STATIC OVERLAYABLE
   CODE SIZE        =     34    ----
   CONSTANT SIZE    =   ----    ----
   XDATA SIZE       =   ----    ----
   PDATA SIZE       =   ----    ----
   DATA SIZE        =      1    ----
   IDATA SIZE       =   ----    ----
   BIT SIZE         =   ----    ----
END OF MODULE INFORMATION.


C51 COMPILATION COMPLETE.  0 WARNING(S),  0 ERROR(S)
