C51 COMPILER V9.60.7.0   TIMER                                                             02/20/2026 18:01:10 PAGE 1   


C51 COMPILER V9.60.7.0, COMPILATION OF MODULE TIMER
OBJECT MODULE PLACED IN .\Objects\Timer.obj
COMPILER INVOKED BY: C:\Keil_v5\C51\BIN\C51.EXE Timer.c OPTIMIZE(8,SPEED) BROWSE DEBUG OBJECTEXTEND PRINT(.\Listings\Tim
                    -er.lst) OBJECT(.\Objects\Timer.obj)

line level    source

   1          #include <STC15F2K60S2.H>
   2          
   3          unsigned int ADC_cnt = 0;
   4          unsigned int Temp_cnt = 0;
   5          unsigned int LED_cnt = 0;
   6          void Timer0_Isr(void) interrupt 1
   7          {
   8   1          ADC_cnt++;
   9   1          Temp_cnt++;
  10   1          LED_cnt++;
  11   1      }
  12          
  13          void Timer0_Init(void)          //1毫秒@12.000MHz
  14          {
  15   1              AUXR |= 0x80;                   //定时器时钟1T模式
  16   1              TMOD &= 0xF0;                   //设置定时器模式
  17   1              TL0 = 0x20;                             //设置定时初始值
  18   1              TH0 = 0xD1;                             //设置定时初始值
  19   1              TF0 = 0;                                //清除TF0标志
  20   1              TR0 = 1;                                //定时器0开始计时
  21   1              ET0 = 1;                                //使能定时器0中断
  22   1          EA = 1;
  23   1      }


MODULE INFORMATION:   STATIC OVERLAYABLE
   CODE SIZE        =     50    ----
   CONSTANT SIZE    =   ----    ----
   XDATA SIZE       =   ----    ----
   PDATA SIZE       =   ----    ----
   DATA SIZE        =      6    ----
   IDATA SIZE       =   ----    ----
   BIT SIZE         =   ----    ----
END OF MODULE INFORMATION.


C51 COMPILATION COMPLETE.  0 WARNING(S),  0 ERROR(S)
