C51 COMPILER V9.60.7.0   DELAY                                                             02/15/2026 19:46:06 PAGE 1   


C51 COMPILER V9.60.7.0, COMPILATION OF MODULE DELAY
OBJECT MODULE PLACED IN .\Objects\Delay.obj
COMPILER INVOKED BY: C:\Keil_v5\C51\BIN\C51.EXE Delay.c OPTIMIZE(8,SPEED) BROWSE DEBUG OBJECTEXTEND PRINT(.\Listings\Del
                    -ay.lst) OBJECT(.\Objects\Delay.obj)

line level    source

   1          #include <STC15F2K60S2.H>
   2          #include "INTRINS.H"
   3          
   4          void Delay100ms(void)   //@12.000MHz
   5          {
   6   1              unsigned char data i, j, k;
   7   1      
   8   1              _nop_();
   9   1              _nop_();
  10   1              i = 5;
  11   1              j = 144;
  12   1              k = 71;
  13   1              do
  14   1              {
  15   2                      do
  16   2                      {
  17   3                              while (--k);
  18   3                      } while (--j);
  19   2              } while (--i);
  20   1      }


MODULE INFORMATION:   STATIC OVERLAYABLE
   CODE SIZE        =     15    ----
   CONSTANT SIZE    =   ----    ----
   XDATA SIZE       =   ----    ----
   PDATA SIZE       =   ----    ----
   DATA SIZE        =   ----    ----
   IDATA SIZE       =   ----    ----
   BIT SIZE         =   ----    ----
END OF MODULE INFORMATION.


C51 COMPILATION COMPLETE.  0 WARNING(S),  0 ERROR(S)
