C51 COMPILER V9.60.7.0   KEY                                                               02/15/2026 19:46:05 PAGE 1   


C51 COMPILER V9.60.7.0, COMPILATION OF MODULE KEY
OBJECT MODULE PLACED IN .\Objects\KEY.obj
COMPILER INVOKED BY: C:\Keil_v5\C51\BIN\C51.EXE KEY.c OPTIMIZE(8,SPEED) BROWSE DEBUG OBJECTEXTEND PRINT(.\Listings\KEY.l
                    -st) OBJECT(.\Objects\KEY.obj)

line level    source

   1          #include <STC15F2K60S2.H>
   2          #include "Delay.h"
   3          #include "Uart.h"
   4          
   5          bit S4_flag = 0;
   6          bit S5_flag = 0;
   7          bit S8_flag = 0;
   8          bit S9_flag = 0;
   9          
  10          unsigned char Key_Scan(){
  11   1          unsigned char key = 0;
  12   1          P33 = 0;P32 = 1;
  13   1          if(P44 == 0){   //s4
  14   2              Delay100ms();
  15   2              while(P44 == 0){
  16   3                  key = 1;
  17   3              }
  18   2          }
  19   1          if(P42 == 0){   //s8
  20   2              Delay100ms();
  21   2              while(P42 == 0){
  22   3                  key = 2;
  23   3              }
  24   2          }
  25   1          if(P35 == 0){   //s12
  26   2              Delay100ms();
  27   2              while(P35 == 0){
  28   3                  key = 3;
  29   3              }
  30   2          }
  31   1          P33 = 1;P32 = 0;
  32   1          if(P44 == 0){   //s5
  33   2              Delay100ms();
  34   2              while(P44 == 0){
  35   3                  key = 4;
  36   3              }
  37   2          }
  38   1          if(P42 == 0){   //s9
  39   2              Delay100ms();
  40   2              while(P42 == 0){
  41   3                  key = 5;
  42   3              }
  43   2          }
  44   1          return key;
  45   1      }
  46          
  47          void Key_login(){
  48   1          unsigned char key = Key_Scan();
  49   1          if(key == 1){
  50   2              S4_flag = !S4_flag;
  51   2          }
  52   1          if(key == 2){
  53   2              S8_flag = !S8_flag;
  54   2          }
C51 COMPILER V9.60.7.0   KEY                                                               02/15/2026 19:46:05 PAGE 2   

  55   1          if(key == 3){
  56   2              Read_Uart();
  57   2          }
  58   1          if(key == 4){
  59   2              S5_flag = !S5_flag;
  60   2          }
  61   1          if(key == 5){
  62   2              S9_flag = !S9_flag;
  63   2          }
  64   1      }


MODULE INFORMATION:   STATIC OVERLAYABLE
   CODE SIZE        =    126    ----
   CONSTANT SIZE    =   ----    ----
   XDATA SIZE       =   ----    ----
   PDATA SIZE       =   ----    ----
   DATA SIZE        =   ----       2
   IDATA SIZE       =   ----    ----
   BIT SIZE         =      4    ----
END OF MODULE INFORMATION.


C51 COMPILATION COMPLETE.  0 WARNING(S),  0 ERROR(S)
