C51 COMPILER V9.60.7.0   LED                                                               02/15/2026 19:46:05 PAGE 1   


C51 COMPILER V9.60.7.0, COMPILATION OF MODULE LED
OBJECT MODULE PLACED IN .\Objects\LED.obj
COMPILER INVOKED BY: C:\Keil_v5\C51\BIN\C51.EXE LED.c OPTIMIZE(8,SPEED) BROWSE DEBUG OBJECTEXTEND PRINT(.\Listings\LED.l
                    -st) OBJECT(.\Objects\LED.obj)

line level    source

   1          #include <STC15F2K60S2.H>
   2          #include "Common.h"
   3          #include "KEY.h"
   4          
   5          unsigned char LED_dat = 0xFF;
   6          void LED_login(){
   7   1          if(S4_flag == 1){
   8   2              LED_dat &= 0xFE;
   9   2          }
  10   1          if(S4_flag == 0){
  11   2              LED_dat |= 0x01;
  12   2          }
  13   1          if(S5_flag == 1){
  14   2              LED_dat &= 0xFD;
  15   2          }
  16   1          if(S5_flag == 0){
  17   2              LED_dat |= 0x02;
  18   2          }
  19   1          if(S8_flag == 1){
  20   2              LED_dat &= 0xFB;
  21   2          }
  22   1          if(S8_flag == 0){
  23   2              LED_dat |= 0x04;
  24   2          }
  25   1          if(S9_flag == 1){
  26   2              LED_dat &= 0xF7;
  27   2          }
  28   1          if(S9_flag == 0){
  29   2              LED_dat |= 0x08;
  30   2          }
  31   1              LED(LED_dat);
  32   1      }


MODULE INFORMATION:   STATIC OVERLAYABLE
   CODE SIZE        =     63    ----
   CONSTANT SIZE    =   ----    ----
   XDATA SIZE       =   ----    ----
   PDATA SIZE       =   ----    ----
   DATA SIZE        =      1    ----
   IDATA SIZE       =   ----    ----
   BIT SIZE         =   ----    ----
END OF MODULE INFORMATION.


C51 COMPILATION COMPLETE.  0 WARNING(S),  0 ERROR(S)
