C51 COMPILER V9.60.7.0   MAIN                                                              02/15/2026 19:46:05 PAGE 1   


C51 COMPILER V9.60.7.0, COMPILATION OF MODULE MAIN
OBJECT MODULE PLACED IN .\Objects\main.obj
COMPILER INVOKED BY: C:\Keil_v5\C51\BIN\C51.EXE main.c OPTIMIZE(8,SPEED) BROWSE DEBUG OBJECTEXTEND PRINT(.\Listings\main
                    -.lst) OBJECT(.\Objects\main.obj)

line level    source

   1          #include <STC15F2K60S2.H>
   2          #include "Common.h"
   3          #include "LED.h"
   4          #include "Uart.h"
   5          #include "KEY.h"
   6          
   7          void Init_MCU(){
   8   1          LED(0xFF);
   9   1          COM(0xFF);
  10   1          BUZ(0x00);
  11   1          REY(0x00);
  12   1          SEG(0xFF);
  13   1          Uart_Init();
  14   1      }
  15          
  16          void main(){
  17   1          Init_MCU();
  18   1          while(1){
  19   2              Key_login();
  20   2              LED_login();
  21   2          }
  22   1      }


MODULE INFORMATION:   STATIC OVERLAYABLE
   CODE SIZE        =     84    ----
   CONSTANT SIZE    =   ----    ----
   XDATA SIZE       =   ----    ----
   PDATA SIZE       =   ----    ----
   DATA SIZE        =   ----    ----
   IDATA SIZE       =   ----    ----
   BIT SIZE         =   ----    ----
END OF MODULE INFORMATION.


C51 COMPILATION COMPLETE.  0 WARNING(S),  0 ERROR(S)
