C51 COMPILER V9.60.7.0   UART                                                              02/15/2026 19:46:06 PAGE 1   


C51 COMPILER V9.60.7.0, COMPILATION OF MODULE UART
OBJECT MODULE PLACED IN .\Objects\Uart.obj
COMPILER INVOKED BY: C:\Keil_v5\C51\BIN\C51.EXE Uart.c OPTIMIZE(8,SPEED) BROWSE DEBUG OBJECTEXTEND PRINT(.\Listings\Uart
                    -.lst) OBJECT(.\Objects\Uart.obj)

line level    source

   1          #include <STC15F2K60S2.H>
   2          #include "KEY.h"
   3          
   4          unsigned char send_arr[5] = {'0'};
   5          
   6          void Uart_Init(void)    //9600bps@12.000MHz
   7          {
   8   1              SCON = 0x50;            //8位数据,可变波特率
   9   1              AUXR |= 0x40;           //定时器时钟1T模式
  10   1              AUXR &= 0xFE;           //串口1选择定时器1为波特率发生器
  11   1              TMOD &= 0x0F;           //设置定时器模式
  12   1              TL1 = 0xC7;                     //设置定时初始值
  13   1              TH1 = 0xFE;                     //设置定时初始值
  14   1              ET1 = 0;                        //禁止定时器中断
  15   1              TR1 = 1;                        //定时器1开始计时
  16   1      }
  17          
  18          void Uart_Sendstring(unsigned char *str){
  19   1          unsigned char *ptr = str;
  20   1          while(*ptr != '\0'){
  21   2              SBUF = *ptr;
  22   2              while(TI == 0);
  23   2              TI = 0;
  24   2              ptr++;
  25   2          }
  26   1      }
  27          
  28          void Read_Uart(){
  29   1          send_arr[0] = (S4_flag ? 1 : 0) + '0';
  30   1          send_arr[1] = (S5_flag ? 1 : 0) + '0';
  31   1          send_arr[2] = (S8_flag ? 1 : 0) + '0';
  32   1          send_arr[3] = (S9_flag ? 1 : 0) + '0';
  33   1          send_arr[4] = '\0';
  34   1          Uart_Sendstring(send_arr);
  35   1      }


MODULE INFORMATION:   STATIC OVERLAYABLE
   CODE SIZE        =    112    ----
   CONSTANT SIZE    =   ----    ----
   XDATA SIZE       =   ----    ----
   PDATA SIZE       =   ----    ----
   DATA SIZE        =      5    ----
   IDATA SIZE       =   ----    ----
   BIT SIZE         =   ----    ----
END OF MODULE INFORMATION.


C51 COMPILATION COMPLETE.  0 WARNING(S),  0 ERROR(S)
