C51 COMPILER V9.60.7.0   EEPROM                                                            02/22/2026 20:12:21 PAGE 1   


C51 COMPILER V9.60.7.0, COMPILATION OF MODULE EEPROM
OBJECT MODULE PLACED IN .\Objects\EEPROM.obj
COMPILER INVOKED BY: C:\Keil_v5\C51\BIN\C51.EXE EEPROM.c OPTIMIZE(8,SPEED) BROWSE DEBUG OBJECTEXTEND PRINT(.\Listings\EE
                    -PROM.lst) OBJECT(.\Objects\EEPROM.obj)

line level    source

   1          #include <STC15F2K60S2.H>
   2          #include "IIC.h"
   3          #include "Delay.h"
   4          
   5          unsigned char EEPROM_value[1] = {0};
   6          
   7          void Write_EEPROM(unsigned char *dat,unsigned char addr,unsigned char num){
   8   1          I2CStart();
   9   1          I2CSendByte(0xA0);
  10   1          I2CWaitAck();
  11   1          I2CSendByte(addr);
  12   1          I2CWaitAck();
  13   1          while(num--){
  14   2              I2CSendByte(*dat++);
  15   2              I2CWaitAck();
  16   2              I2C_Delay(200);
  17   2          }
  18   1          I2CStop();
  19   1          Delay50ms();
  20   1      }
  21          
  22          void Read_EEPROM(unsigned char *dat,unsigned char addr,unsigned char num){
  23   1          I2CStart();
  24   1          I2CSendByte(0xA0);
  25   1          I2CWaitAck();
  26   1          I2CSendByte(addr);
  27   1          I2CWaitAck();
  28   1      
  29   1          I2CStart();
  30   1          I2CSendByte(0xA1);
  31   1          I2CWaitAck();
  32   1          while(num--){
  33   2              *dat++ = I2CReceiveByte();
  34   2              if(num){
  35   3                  I2CSendAck(0);
  36   3              }
  37   2              else{
  38   3                  I2CSendAck(1);
  39   3              }
  40   2          }
  41   1          I2CStop();
  42   1      }


MODULE INFORMATION:   STATIC OVERLAYABLE
   CODE SIZE        =    155    ----
   CONSTANT SIZE    =   ----    ----
   XDATA SIZE       =   ----    ----
   PDATA SIZE       =   ----    ----
   DATA SIZE        =      1      10
   IDATA SIZE       =   ----    ----
   BIT SIZE         =   ----    ----
END OF MODULE INFORMATION.


C51 COMPILATION COMPLETE.  0 WARNING(S),  0 ERROR(S)
