C51 COMPILER V9.60.7.0   KEY                                                               02/22/2026 20:12:21 PAGE 1   


C51 COMPILER V9.60.7.0, COMPILATION OF MODULE KEY
OBJECT MODULE PLACED IN .\Objects\KEY.obj
COMPILER INVOKED BY: C:\Keil_v5\C51\BIN\C51.EXE KEY.c OPTIMIZE(8,SPEED) BROWSE DEBUG OBJECTEXTEND PRINT(.\Listings\KEY.l
                    -st) OBJECT(.\Objects\KEY.obj)

line level    source

   1          #include <STC15F2K60S2.H>
   2          #include "Delay.h"
   3          #include "Uart.h"
   4          #include "EEPROM.h"
   5          
   6          sbit S4 = P3^3;
   7          sbit RES = P5^4;
   8          unsigned char num = 0;
   9          unsigned char Key_Scan(){
  10   1          unsigned char key = 0;
  11   1          if(S4 == 0){
  12   2              Delay100ms();
  13   2              while(S4 == 0){
  14   3                  key = 1;
  15   3              }
  16   2          }
  17   1          if(RES == 0){
  18   2              Delay100ms();
  19   2              while(RES == 0){
  20   3                  key = 2;
  21   3              }
  22   2          }
  23   1          return key;
  24   1      }
  25          
  26          void Key_login(){
  27   1          unsigned key = Key_Scan();
  28   1          if(key == 1){
  29   2              Send_EEPROM();
  30   2          }
  31   1          if(key == 2){
  32   2              num++;
  33   2              EEPROM_value[0] = num;
  34   2              Write_EEPROM(EEPROM_value,0,1);
  35   2          }
  36   1      }


MODULE INFORMATION:   STATIC OVERLAYABLE
   CODE SIZE        =     79    ----
   CONSTANT SIZE    =   ----    ----
   XDATA SIZE       =   ----    ----
   PDATA SIZE       =   ----    ----
   DATA SIZE        =      1       3
   IDATA SIZE       =   ----    ----
   BIT SIZE         =   ----    ----
END OF MODULE INFORMATION.


C51 COMPILATION COMPLETE.  0 WARNING(S),  0 ERROR(S)
