C51 COMPILER V9.60.7.0   MAIN                                                              02/22/2026 20:12:20 PAGE 1   


C51 COMPILER V9.60.7.0, COMPILATION OF MODULE MAIN
OBJECT MODULE PLACED IN .\Objects\main.obj
COMPILER INVOKED BY: C:\Keil_v5\C51\BIN\C51.EXE main.c OPTIMIZE(8,SPEED) BROWSE DEBUG OBJECTEXTEND PRINT(.\Listings\main
                    -.lst) OBJECT(.\Objects\main.obj)

line level    source

   1          #include <STC15F2K60S2.H>
   2          #include "Common.h"
   3          #include "Delay.h"
   4          #include "EEPROM.h"
   5          #include "KEY.h"
   6          #include "Uart.h"
   7          
   8          void Init_MCU(){
   9   1          SEG(0xFF);
  10   1          COM(0xFF);
  11   1          LED(0xFF);
  12   1          BUZ(0x00);
  13   1          REY(0x00);
  14   1          Uart1_Init();
  15   1      }
  16          
  17          void main(){
  18   1          Read_EEPROM(EEPROM_value,0,1);
  19   1          num = EEPROM_value[0];
  20   1          Init_MCU();
  21   1          while(1){
  22   2              Key_login();
  23   2          }
  24   1      }


MODULE INFORMATION:   STATIC OVERLAYABLE
   CODE SIZE        =     98    ----
   CONSTANT SIZE    =   ----    ----
   XDATA SIZE       =   ----    ----
   PDATA SIZE       =   ----    ----
   DATA SIZE        =   ----    ----
   IDATA SIZE       =   ----    ----
   BIT SIZE         =   ----    ----
END OF MODULE INFORMATION.


C51 COMPILATION COMPLETE.  0 WARNING(S),  0 ERROR(S)
