C51 COMPILER V9.60.7.0   UART                                                              02/22/2026 20:12:21 PAGE 1   


C51 COMPILER V9.60.7.0, COMPILATION OF MODULE UART
OBJECT MODULE PLACED IN .\Objects\Uart.obj
COMPILER INVOKED BY: C:\Keil_v5\C51\BIN\C51.EXE Uart.c OPTIMIZE(8,SPEED) BROWSE DEBUG OBJECTEXTEND PRINT(.\Listings\Uart
                    -.lst) OBJECT(.\Objects\Uart.obj)

line level    source

   1          #include <STC15F2K60S2.H>
   2          #include "EEPROM.h"
   3          
   4          unsigned char Send_value[9] = {'0'};
   5          
   6          void Uart1_Init(void)   //9600bps@12.000MHz
   7          {
   8   1              SCON = 0x50;            //8位数据,可变波特率
   9   1              AUXR |= 0x40;           //定时器时钟1T模式
  10   1              AUXR &= 0xFE;           //串口1选择定时器1为波特率发生器
  11   1              TMOD &= 0x0F;           //设置定时器模式
  12   1              TL1 = 0xC7;                     //设置定时初始值
  13   1              TH1 = 0xFE;                     //设置定时初始值
  14   1              ET1 = 0;                        //禁止定时器中断
  15   1              TR1 = 1;                        //定时器1开始计时
  16   1      }
  17          
  18          void Uart_Sendstring(unsigned char *dat){
  19   1          unsigned char *ptr;
  20   1          ptr = dat;
  21   1          while(*ptr != 0){
  22   2              SBUF = *ptr;
  23   2              while(TI == 0);
  24   2              TI = 0;
  25   2              ptr++;
  26   2          }
  27   1      }
  28          
  29          void Send_EEPROM(){
  30   1          Send_value[0] = 'N';
  31   1          Send_value[1] = 'u';
  32   1          Send_value[2] = 'm';
  33   1          Send_value[3] = 'b';
  34   1          Send_value[4] = 'e';
  35   1          Send_value[5] = 'r';
  36   1          Send_value[6] = ':';
  37   1          Send_value[7] = EEPROM_value[0] + '0';
  38   1          Send_value[8] = '\0';
  39   1          Uart_Sendstring(Send_value);
  40   1      }


MODULE INFORMATION:   STATIC OVERLAYABLE
   CODE SIZE        =     83    ----
   CONSTANT SIZE    =   ----    ----
   XDATA SIZE       =   ----    ----
   PDATA SIZE       =   ----    ----
   DATA SIZE        =      9    ----
   IDATA SIZE       =   ----    ----
   BIT SIZE         =   ----    ----
END OF MODULE INFORMATION.


C51 COMPILATION COMPLETE.  0 WARNING(S),  0 ERROR(S)
