C51 COMPILER V9.60.7.0   DELAY                                                             01/23/2026 15:16:51 PAGE 1   


C51 COMPILER V9.60.7.0, COMPILATION OF MODULE DELAY
OBJECT MODULE PLACED IN .\Objects\Delay.obj
COMPILER INVOKED BY: C:\Keil_v5\C51\BIN\C51.EXE Delay.c OPTIMIZE(8,SPEED) BROWSE DEBUG OBJECTEXTEND PRINT(.\Listings\Del
                    -ay.lst) OBJECT(.\Objects\Delay.obj)

line level    source

   1          #include <stc15f2k60s2.h>
   2          #include "intrins.h"
   3          
   4          void Delay500ms(void)   //@12.000MHz
   5          {
   6   1              unsigned char data i, j, k;
   7   1      
   8   1              _nop_();
   9   1              _nop_();
  10   1              i = 23;
  11   1              j = 205;
  12   1              k = 120;
  13   1              do
  14   1              {
  15   2                      do
  16   2                      {
  17   3                              while (--k);
  18   3                      } while (--j);
  19   2              } while (--i);
  20   1      }
  21          
  22          void Delay10ms(void)    //@12.000MHz
  23          {
  24   1              unsigned char data i, j;
  25   1      
  26   1              i = 117;
  27   1              j = 184;
  28   1              do
  29   1              {
  30   2                      while (--j);
  31   2              } while (--i);
  32   1      }
  33          


MODULE INFORMATION:   STATIC OVERLAYABLE
   CODE SIZE        =     24    ----
   CONSTANT SIZE    =   ----    ----
   XDATA SIZE       =   ----    ----
   PDATA SIZE       =   ----    ----
   DATA SIZE        =   ----    ----
   IDATA SIZE       =   ----    ----
   BIT SIZE         =   ----    ----
END OF MODULE INFORMATION.


C51 COMPILATION COMPLETE.  0 WARNING(S),  0 ERROR(S)
