C51 COMPILER V9.60.7.0   MAIN                                                              01/23/2026 15:16:50 PAGE 1   


C51 COMPILER V9.60.7.0, COMPILATION OF MODULE MAIN
OBJECT MODULE PLACED IN .\Objects\main.obj
COMPILER INVOKED BY: C:\Keil_v5\C51\BIN\C51.EXE main.c OPTIMIZE(8,SPEED) BROWSE DEBUG OBJECTEXTEND PRINT(.\Listings\main
                    -.lst) OBJECT(.\Objects\main.obj)

line level    source

   1          #include "stc15f2k60s2.h"
   2          #include "Common.h"
   3          #include "Delay.h"
   4          #include "DS1302.h"
   5          #include "KEY.h"
   6          #include "LED_Display.h"
   7          #include "LED.h"
   8          #include "E2PROM.h"
   9          
  10          void Init_MCU(){
  11   1          I2C_Init();
  12   1              SetRTC();
  13   1              SEG(0xFF);
  14   1          COM(0xFF);
  15   1          LED(0xFF);
  16   1          BUZ(0x00);
  17   1      }
  18          
  19          void main(){
  20   1          Init_MCU();
  21   1          while(1){
  22   2              LED_Display_Show(); // À¢–¬œ‘ æ
  23   2          }
  24   1      }


MODULE INFORMATION:   STATIC OVERLAYABLE
   CODE SIZE        =     71    ----
   CONSTANT SIZE    =   ----    ----
   XDATA SIZE       =   ----    ----
   PDATA SIZE       =   ----    ----
   DATA SIZE        =   ----    ----
   IDATA SIZE       =   ----    ----
   BIT SIZE         =   ----    ----
END OF MODULE INFORMATION.


C51 COMPILATION COMPLETE.  0 WARNING(S),  0 ERROR(S)
