C51 COMPILER V9.60.7.0   LED                                                               11/01/2025 23:39:05 PAGE 1   


C51 COMPILER V9.60.7.0, COMPILATION OF MODULE LED
OBJECT MODULE PLACED IN .\Objects\led.obj
COMPILER INVOKED BY: C:\Keil_v5\C51\BIN\C51.EXE led.c OPTIMIZE(8,SPEED) BROWSE DEBUG OBJECTEXTEND PRINT(.\Listings\led.l
                    -st) OBJECT(.\Objects\led.obj)

line level    source

   1          #include <stc15f2k60s2.h>
   2          
   3          //LED控制程序
   4          void LED(x){
   5   1              //P0口写入的数据
   6   1              P0 = x;
   7   1              
   8   1              //打开锁存器
   9   1              //实现Y4C锁存器LE=1 -> 打开指示灯锁存器
  10   1              //此时P0口数据同步到LED
  11   1              P2 = (P2&0x1F | 0X80);
  12   1      
  13   1              //关闭锁存器
  14   1              P2 &= 0x1F;
  15   1      }


MODULE INFORMATION:   STATIC OVERLAYABLE
   CODE SIZE        =     14    ----
   CONSTANT SIZE    =   ----    ----
   XDATA SIZE       =   ----    ----
   PDATA SIZE       =   ----    ----
   DATA SIZE        =   ----    ----
   IDATA SIZE       =   ----    ----
   BIT SIZE         =   ----    ----
END OF MODULE INFORMATION.


C51 COMPILATION COMPLETE.  0 WARNING(S),  0 ERROR(S)
