C51 COMPILER V9.60.7.0   MAIN                                                              01/27/2026 15:21:29 PAGE 1   


C51 COMPILER V9.60.7.0, COMPILATION OF MODULE MAIN
OBJECT MODULE PLACED IN .\Objects\main.obj
COMPILER INVOKED BY: C:\Keil_v5\C51\BIN\C51.EXE main.c OPTIMIZE(8,SPEED) BROWSE DEBUG OBJECTEXTEND PRINT(.\Listings\main
                    -.lst) OBJECT(.\Objects\main.obj)

line level    source

   1          #include <stc15f2k60s2.h>
   2          #include "LED_Display.h"
   3          #include "Delay.h"
   4          #include "IIC.h"
   5          #include "PCF8591.h"
   6          #include "Common.h"
   7          
   8          void Init_MCU(){
   9   1              SEG(0xFF);
  10   1              COM(0xFF);
  11   1              LED(0xFF);
  12   1              BUZ(0x00);
  13   1      }
  14          
  15          void main(){
  16   1              Init_MCU();
  17   1              while(1){
  18   2                      Lighting_Change();
  19   2                      LED_Display_Show();
  20   2                      LED_Display_Show();
  21   2                      LED_Display_Show();
  22   2                      LED_Display_Show();
  23   2                      LED_Display_Show();
  24   2                      LED_Display_Show();
  25   2              }
  26   1      }


MODULE INFORMATION:   STATIC OVERLAYABLE
   CODE SIZE        =     83    ----
   CONSTANT SIZE    =   ----    ----
   XDATA SIZE       =   ----    ----
   PDATA SIZE       =   ----    ----
   DATA SIZE        =   ----    ----
   IDATA SIZE       =   ----    ----
   BIT SIZE         =   ----    ----
END OF MODULE INFORMATION.


C51 COMPILATION COMPLETE.  0 WARNING(S),  0 ERROR(S)
