C51 COMPILER V9.60.7.0   KEY                                                               01/20/2026 13:33:53 PAGE 1   


C51 COMPILER V9.60.7.0, COMPILATION OF MODULE KEY
OBJECT MODULE PLACED IN .\Objects\KEY.obj
COMPILER INVOKED BY: C:\Keil_v5\C51\BIN\C51.EXE KEY.c OPTIMIZE(8,SPEED) BROWSE DEBUG OBJECTEXTEND PRINT(.\Listings\KEY.l
                    -st) OBJECT(.\Objects\KEY.obj)

line level    source

   1          #include <stc15f2k60s2.h>
   2          #include "KEY.h"
   3          #include "Uart.h"
   4          #include "Delay.h"
   5          
   6          sbit GND = P4^2;
   7          sbit S9 = P3^2;
   8          
   9          //按键扫描函数
  10          unsigned char Key_Scan(){
  11   1              GND = 0;
  12   1              if(S9 == 0){
  13   2                      Delay500ms();
  14   2                      while(S9 == 0){
  15   3                              return 1;
  16   3                      }
  17   2              }
  18   1              return 0;
  19   1      }
  20          
  21          //按键实现函数
  22          void Key_Show(){
  23   1              if(Key_Scan() == 1){
  24   2                      Send_Time();
  25   2              }
  26   1      }


MODULE INFORMATION:   STATIC OVERLAYABLE
   CODE SIZE        =     27    ----
   CONSTANT SIZE    =   ----    ----
   XDATA SIZE       =   ----    ----
   PDATA SIZE       =   ----    ----
   DATA SIZE        =   ----    ----
   IDATA SIZE       =   ----    ----
   BIT SIZE         =   ----    ----
END OF MODULE INFORMATION.


C51 COMPILATION COMPLETE.  0 WARNING(S),  0 ERROR(S)
