C51 COMPILER V9.60.7.0   MAIN                                                              01/20/2026 13:33:53 PAGE 1   


C51 COMPILER V9.60.7.0, COMPILATION OF MODULE MAIN
OBJECT MODULE PLACED IN .\Objects\main.obj
COMPILER INVOKED BY: C:\Keil_v5\C51\BIN\C51.EXE main.c OPTIMIZE(8,SPEED) BROWSE DEBUG OBJECTEXTEND PRINT(.\Listings\main
                    -.lst) OBJECT(.\Objects\main.obj)

line level    source

   1          #include <stc15f2k60s2.h>
   2          #include "Common.h"
   3          #include "LED_Display.h"
   4          #include "DS1302.h"
   5          #include "Delay.h"
   6          #include "intrins.h"
   7          #include "Key.h"
   8          #include "Uart.h"
   9          
  10          // 定义初始化函数
  11          void Init_MCU(){
  12   1              LED(0xFF);
  13   1              SEG(0xFF);
  14   1              COM(0xFF);
  15   1              BUZ(0x00);
  16   1              SetRTC();
  17   1      }
  18          
  19          // 主函数
  20          void main(){
  21   1              Init_MCU();
  22   1              Uart_Init();
  23   1              while(1){
  24   2                      LED_Dispaly_Show();
  25   2                      Key_Show();
  26   2                      Delay100ms();
  27   2              }
  28   1      }


MODULE INFORMATION:   STATIC OVERLAYABLE
   CODE SIZE        =     76    ----
   CONSTANT SIZE    =   ----    ----
   XDATA SIZE       =   ----    ----
   PDATA SIZE       =   ----    ----
   DATA SIZE        =   ----    ----
   IDATA SIZE       =   ----    ----
   BIT SIZE         =   ----    ----
END OF MODULE INFORMATION.


C51 COMPILATION COMPLETE.  0 WARNING(S),  0 ERROR(S)
