C51 COMPILER V9.60.7.0   LED                                                               02/03/2026 13:02:24 PAGE 1   


C51 COMPILER V9.60.7.0, COMPILATION OF MODULE LED
OBJECT MODULE PLACED IN .\Objects\LED.obj
COMPILER INVOKED BY: C:\Keil_v5\C51\BIN\C51.EXE LED.c OPTIMIZE(8,SPEED) BROWSE DEBUG OBJECTEXTEND PRINT(.\Listings\LED.l
                    -st) OBJECT(.\Objects\LED.obj)

line level    source

   1          #include "stc15f2k60s2.h"
   2          #include "Uart.h"
   3          
   4          unsigned char LED_value;
   5          //二进制字符转换为8位数值
   6          unsigned char bin_str(unsigned char *value){
   7   1          unsigned char result = 0;
   8   1          unsigned char i;
   9   1          for (i = 0; i < 8; i++) {
  10   2              if (value[i] == '1') {
  11   3                  result |= (1 << i); // 1灭→置1
  12   3              }
  13   2          }
  14   1          return result;
  15   1      }
  16          //LED转化函数
  17          void LED_Show(){
  18   1              unsigned char *value = Arr_Value();
  19   1              LED_value = bin_str(value);
  20   1      }


MODULE INFORMATION:   STATIC OVERLAYABLE
   CODE SIZE        =     53    ----
   CONSTANT SIZE    =   ----    ----
   XDATA SIZE       =   ----    ----
   PDATA SIZE       =   ----    ----
   DATA SIZE        =      1       3
   IDATA SIZE       =   ----    ----
   BIT SIZE         =   ----    ----
END OF MODULE INFORMATION.


C51 COMPILATION COMPLETE.  0 WARNING(S),  0 ERROR(S)
