C51 COMPILER V9.60.7.0   LED_DISPLAY                                                       02/03/2026 13:02:24 PAGE 1   


C51 COMPILER V9.60.7.0, COMPILATION OF MODULE LED_DISPLAY
OBJECT MODULE PLACED IN .\Objects\LED_Display.obj
COMPILER INVOKED BY: C:\Keil_v5\C51\BIN\C51.EXE LED_Display.c OPTIMIZE(8,SPEED) BROWSE DEBUG OBJECTEXTEND PRINT(.\Listin
                    -gs\LED_Display.lst) OBJECT(.\Objects\LED_Display.obj)

line level    source

   1          #include <stc15f2k60s2.h>
   2          #include "Common.h"
   3          #include "Delay.h"
   4          #include "Uart.h"
   5          
   6          //数码管数组
   7          code unsigned char SEG_Table[] = {
   8                  0xC0,   //0
   9                  0xF9,   //1
  10                  0xFF    //全灭
  11          };
  12          
  13          //LED接收数组
  14          unsigned char LED_dat_arr[] = {2,2,2,2,2,2,2,2};
  15          
  16          //LED转化函数
  17          void LED_Change(){
  18   1              unsigned char *value = Arr_Value();
  19   1              unsigned char i;
  20   1              for(i = 0;i < 8;i++){
  21   2                      if(value[i] == '1'){
  22   3                              LED_dat_arr[i] = 1;
  23   3                      }
  24   2                      else{
  25   3                              LED_dat_arr[i] = 0;
  26   3                      }
  27   2              }
  28   1      }       
  29                  
  30          //数码管显示数组
  31          void LED_Display_Show(){
  32   1              unsigned char dat;
  33   1              unsigned char i;
  34   1              unsigned char com;
  35   1              for(i = 0;i < 8;i++){
  36   2                      SEG(0xFF);
  37   2                      COM(0xFF);
  38   2                      COM(1<<com);
  39   2                      dat = SEG_Table[LED_dat_arr[i]];
  40   2                      SEG(dat);
  41   2                      com++;
  42   2                      Delay100us();
  43   2              }
  44   1              com = 0;
  45   1              SEG(0xFF);
  46   1              COM(0xFF);
  47   1      }


MODULE INFORMATION:   STATIC OVERLAYABLE
   CODE SIZE        =    175    ----
   CONSTANT SIZE    =      3    ----
   XDATA SIZE       =   ----    ----
   PDATA SIZE       =   ----    ----
C51 COMPILER V9.60.7.0   LED_DISPLAY                                                       02/03/2026 13:02:24 PAGE 2   

   DATA SIZE        =      8       6
   IDATA SIZE       =   ----    ----
   BIT SIZE         =   ----    ----
END OF MODULE INFORMATION.


C51 COMPILATION COMPLETE.  0 WARNING(S),  0 ERROR(S)
