C51 COMPILER V9.60.7.0   MAIN                                                              02/03/2026 13:02:24 PAGE 1   


C51 COMPILER V9.60.7.0, COMPILATION OF MODULE MAIN
OBJECT MODULE PLACED IN .\Objects\main.obj
COMPILER INVOKED BY: C:\Keil_v5\C51\BIN\C51.EXE main.c OPTIMIZE(8,SPEED) BROWSE DEBUG OBJECTEXTEND PRINT(.\Listings\main
                    -.lst) OBJECT(.\Objects\main.obj)

line level    source

   1          #include "stc15f2k60s2.h"
   2          #include "LED.h"
   3          #include "LED_Display.h"
   4          #include "Uart.h"
   5          #include "Delay.h"
   6          #include "Common.h"
   7          
   8          void Init_MCU(){
   9   1              SEG(0xFF);
  10   1              COM(0xFF);
  11   1              BUZ(0x00);
  12   1              LED(0xFF);
  13   1              Uart_Init();
  14   1              LED_value = 0xFF;
  15   1      }
  16          
  17          void main(){
  18   1              Init_MCU();
  19   1              while(1){
  20   2                      if(rece_flag){
  21   3                              LED_Show();
  22   3                              LED_Change();
  23   3                              rece_flag = 0;
  24   3                      }
  25   2                      LED_Display_Show();
  26   2                      LED(LED_value);
  27   2              }
  28   1      }


MODULE INFORMATION:   STATIC OVERLAYABLE
   CODE SIZE        =     96    ----
   CONSTANT SIZE    =   ----    ----
   XDATA SIZE       =   ----    ----
   PDATA SIZE       =   ----    ----
   DATA SIZE        =   ----    ----
   IDATA SIZE       =   ----    ----
   BIT SIZE         =   ----    ----
END OF MODULE INFORMATION.


C51 COMPILATION COMPLETE.  0 WARNING(S),  0 ERROR(S)
