C51 COMPILER V9.60.7.0   UART                                                              02/03/2026 13:02:24 PAGE 1   


C51 COMPILER V9.60.7.0, COMPILATION OF MODULE UART
OBJECT MODULE PLACED IN .\Objects\Uart.obj
COMPILER INVOKED BY: C:\Keil_v5\C51\BIN\C51.EXE Uart.c OPTIMIZE(8,SPEED) BROWSE DEBUG OBJECTEXTEND PRINT(.\Listings\Uart
                    -.lst) OBJECT(.\Objects\Uart.obj)

line level    source

   1          #include <stc15f2k60s2.h>
   2          
   3          unsigned char recv_dat[8];
   4          unsigned char rece_cnt = 0;
   5          bit rece_flag = 0;
   6          
   7          void Uart_Init(void)    //9600bps@12.000MHz
   8          {
   9   1              SCON = 0x50;            //8位数据,可变波特率
  10   1              AUXR |= 0x40;           //定时器时钟1T模式
  11   1              AUXR &= 0xFE;           //串口1选择定时器1为波特率发生器
  12   1              TMOD &= 0x0F;           //设置定时器模式
  13   1              TL1 = 0xC7;                     //设置定时初始值
  14   1              TH1 = 0xFE;                     //设置定时初始值
  15   1              ET1 = 0;                        //禁止定时器中断
  16   1              TR1 = 1;                        //定时器1开始计时
  17   1              ES = 1;                         //使能串口1中断
  18   1              EA = 1;
  19   1      }
  20          
  21          void Uart_Isr(void) interrupt 4
  22          {
  23   1              if (TI)                         //检测串口1发送中断
  24   1              {
  25   2                      TI = 0;                 //清除串口1发送中断请求位
  26   2              }
  27   1              if (RI)                         //检测串口1接收中断
  28   1              {
  29   2                      RI = 0;                 //清除串口1接收中断请求位
  30   2                      if(rece_cnt < 8){
  31   3                              recv_dat[rece_cnt] = SBUF;
  32   3                              rece_cnt++;
  33   3                              if(rece_cnt == 8){
  34   4                                      rece_flag = 1;
  35   4                                      rece_cnt = 0;
  36   4                              }
  37   3                      }
  38   2              }
  39   1      }
  40          
  41          unsigned char *Arr_Value(){
  42   1              if(rece_flag){
  43   2                      return recv_dat;
  44   2              }
  45   1      }
*** WARNING C291 IN LINE 45 OF Uart.c: not every exit path returns a value


MODULE INFORMATION:   STATIC OVERLAYABLE
   CODE SIZE        =     89    ----
   CONSTANT SIZE    =   ----    ----
   XDATA SIZE       =   ----    ----
   PDATA SIZE       =   ----    ----
   DATA SIZE        =      9    ----
C51 COMPILER V9.60.7.0   UART                                                              02/03/2026 13:02:24 PAGE 2   

   IDATA SIZE       =   ----    ----
   BIT SIZE         =      1    ----
END OF MODULE INFORMATION.


C51 COMPILATION COMPLETE.  1 WARNING(S),  0 ERROR(S)
