C51 COMPILER V9.60.7.0   LED_DISPLAY                                                       02/22/2026 17:29:31 PAGE 1   


C51 COMPILER V9.60.7.0, COMPILATION OF MODULE LED_DISPLAY
OBJECT MODULE PLACED IN .\Objects\LED_Display.obj
COMPILER INVOKED BY: C:\Keil_v5\C51\BIN\C51.EXE LED_Display.c OPTIMIZE(8,SPEED) BROWSE DEBUG OBJECTEXTEND PRINT(.\Listin
                    -gs\LED_Display.lst) OBJECT(.\Objects\LED_Display.obj)

line level    source

   1          #include <STC15F2K60S2.H>
   2          #include "Common.h"
   3          #include "KEY.h"
   4          #include "Delay.h"
   5          
   6          code unsigned char SEG_Table[] = {
   7              0xC0,   //0
   8              0xF9,   //1
   9              0xA4,   //2
  10              0xB0,   //3
  11              0x99,   //4
  12              0x92,   //5
  13              0x82,   //6
  14              0xF8,   //7
  15              0x80,   //8
  16              0x90,   //9
  17              0x88,   //A
  18              0x89,   //H
  19              0xFF    //全灭
  20          };
  21          
  22          unsigned char Num1_dat_arr[] = {10,12,12,12,12,12,12,12};
  23          unsigned char Num2_dat_arr[] = {11,12,12,12,12,12,12,12};
  24          unsigned char LED_dat_arr[] = {12,12,12,12,12,12,12,12};
  25          
  26          void Num1_Display(){
  27   1          if(count >= 100){
  28   2              Num1_dat_arr[5] = count / 100;
  29   2              Num1_dat_arr[6] = count % 100 / 10;
  30   2              Num1_dat_arr[7] = count % 10;
  31   2          }
  32   1          else if(count >= 10 && count < 100){
  33   2              Num1_dat_arr[5] = 12;
  34   2              Num1_dat_arr[6] = count / 10;
  35   2              Num1_dat_arr[7] = count % 10;
  36   2          }
  37   1          else if(count >= 0 && count < 10){
  38   2              Num1_dat_arr[5] = 12;
  39   2              Num1_dat_arr[6] = 12;
  40   2              Num1_dat_arr[7] = count;
  41   2          }
  42   1      }
  43          
  44          void Num2_Display(){
  45   1          if(num >= 100){
  46   2              Num2_dat_arr[5] = num / 100;
  47   2              Num2_dat_arr[6] = num % 100 / 10;
  48   2              Num2_dat_arr[7] = num % 10;
  49   2          }
  50   1          else if(num >= 10 && num < 100){
  51   2              Num2_dat_arr[5] = 12;
  52   2              Num2_dat_arr[6] = num / 10;
  53   2              Num2_dat_arr[7] = num % 10;
  54   2          }
C51 COMPILER V9.60.7.0   LED_DISPLAY                                                       02/22/2026 17:29:31 PAGE 2   

  55   1          else if(num >= 0 && num < 10){
  56   2              Num2_dat_arr[5] = 12;
  57   2              Num2_dat_arr[6] = 12;
  58   2              Num2_dat_arr[7] = num;
  59   2          }
  60   1      }
  61          
  62          void LED_Display_Choose(){
  63   1          unsigned char dat = S9_cnt % 2;
  64   1          unsigned char i;
  65   1          switch(dat){
  66   2              case 0:
  67   2                  Num1_Display();
  68   2                  for(i = 0;i < 8;i++){
  69   3                      LED_dat_arr[i] = Num1_dat_arr[i];
  70   3                  }
  71   2                              break;
  72   2              case 1:
  73   2                  Num2_Display();
  74   2                  for(i = 0;i < 8;i++){
  75   3                      LED_dat_arr[i] = Num2_dat_arr[i];
  76   3                  }
  77   2                              break;
  78   2          }
  79   1      }
  80          
  81          void LED_Display_Show(){
  82   1          unsigned char com;
  83   1          unsigned char dat;
  84   1          for(com = 0;com < 8;com++){
  85   2              SEG(0xFF);
  86   2              COM(1<<com);
  87   2              dat = SEG_Table[LED_dat_arr[com]];
  88   2              SEG(dat);
  89   2              Delay50us();
  90   2          }
  91   1          SEG(0xFF);
  92   1          COM(0xFF);
  93   1      }


MODULE INFORMATION:   STATIC OVERLAYABLE
   CODE SIZE        =    328    ----
   CONSTANT SIZE    =     13    ----
   XDATA SIZE       =   ----    ----
   PDATA SIZE       =   ----    ----
   DATA SIZE        =     24       2
   IDATA SIZE       =   ----    ----
   BIT SIZE         =   ----    ----
END OF MODULE INFORMATION.


C51 COMPILATION COMPLETE.  0 WARNING(S),  0 ERROR(S)
