C51 COMPILER V9.60.7.0   MAIN                                                              02/22/2026 17:29:30 PAGE 1   


C51 COMPILER V9.60.7.0, COMPILATION OF MODULE MAIN
OBJECT MODULE PLACED IN .\Objects\main.obj
COMPILER INVOKED BY: C:\Keil_v5\C51\BIN\C51.EXE main.c OPTIMIZE(8,SPEED) BROWSE DEBUG OBJECTEXTEND PRINT(.\Listings\main
                    -.lst) OBJECT(.\Objects\main.obj)

line level    source

   1          #include <STC15F2K60S2.H>
   2          #include "Common.h"
   3          #include "EEPROM.h"
   4          #include "PCF8591.h"
   5          #include "LED_Display.h"
   6          #include "LED.h"
   7          #include "KEY.h"
   8          #include "Timer.h"
   9          #include "Delay.h"
  10          
  11          void Init_MCU(){
  12   1          SEG(0xFF);
  13   1          COM(0xFF);
  14   1          BUZ(0x00);
  15   1          REY(0x00);
  16   1          LED(0xFF);
  17   1          Timer0_Init();
  18   1      }
  19          
  20          void main(){
  21   1              Read_EEPROM(EEPROM_value,0,1);
  22   1              count = EEPROM_value[0];
  23   1          Init_MCU();
  24   1          while(1){
  25   2              Key_login();
  26   2              DAC_login();
  27   2              LED_login();
  28   2              LED_Display_Choose();
  29   2              LED_Display_Show();
  30   2              LED_Display_Show();
  31   2              LED_Display_Show();
  32   2          }
  33   1      }


MODULE INFORMATION:   STATIC OVERLAYABLE
   CODE SIZE        =    116    ----
   CONSTANT SIZE    =   ----    ----
   XDATA SIZE       =   ----    ----
   PDATA SIZE       =   ----    ----
   DATA SIZE        =   ----    ----
   IDATA SIZE       =   ----    ----
   BIT SIZE         =   ----    ----
END OF MODULE INFORMATION.


C51 COMPILATION COMPLETE.  0 WARNING(S),  0 ERROR(S)
