C51 COMPILER V9.60.7.0   PCF8591                                                           02/22/2026 17:29:31 PAGE 1   


C51 COMPILER V9.60.7.0, COMPILATION OF MODULE PCF8591
OBJECT MODULE PLACED IN .\Objects\PCF8591.obj
COMPILER INVOKED BY: C:\Keil_v5\C51\BIN\C51.EXE PCF8591.c OPTIMIZE(8,SPEED) BROWSE DEBUG OBJECTEXTEND PRINT(.\Listings\P
                    -CF8591.lst) OBJECT(.\Objects\PCF8591.obj)

line level    source

   1          #include <STC15F2K60S2.H>
   2          #include "IIC.h"
   3          #include "KEY.h"
   4          #include "Timer.h"
   5          
   6          void Read_DAC(unsigned char dat){
   7   1          I2CStart();
   8   1          I2CSendByte(0x90);
   9   1          I2CWaitAck();
  10   1          I2CSendByte(0x40);
  11   1          I2CWaitAck();
  12   1          I2CSendByte(dat);
  13   1          I2CStop();
  14   1      }
  15          
  16          void DAC_login(){
  17   1              if(DAC_cnt >= 500){
  18   2                      if(count % 5 == 0 && count != 0){
  19   3                              Read_DAC(204);
  20   3                      }
  21   2                      else{
  22   3                              Read_DAC(51);
  23   3                      }
  24   2                      DAC_cnt = 0;
  25   2              }
  26   1      }


MODULE INFORMATION:   STATIC OVERLAYABLE
   CODE SIZE        =     69    ----
   CONSTANT SIZE    =   ----    ----
   XDATA SIZE       =   ----    ----
   PDATA SIZE       =   ----    ----
   DATA SIZE        =   ----       1
   IDATA SIZE       =   ----    ----
   BIT SIZE         =   ----    ----
END OF MODULE INFORMATION.


C51 COMPILATION COMPLETE.  0 WARNING(S),  0 ERROR(S)
