C51 COMPILER V9.60.7.0   TIMER                                                             02/22/2026 17:29:31 PAGE 1   


C51 COMPILER V9.60.7.0, COMPILATION OF MODULE TIMER
OBJECT MODULE PLACED IN .\Objects\Timer.obj
COMPILER INVOKED BY: C:\Keil_v5\C51\BIN\C51.EXE Timer.c OPTIMIZE(8,SPEED) BROWSE DEBUG OBJECTEXTEND PRINT(.\Listings\Tim
                    -er.lst) OBJECT(.\Objects\Timer.obj)

line level    source

   1          #include <STC15F2K60S2.H>
   2          
   3          unsigned int S8_cnt = 0;
   4          unsigned int LED_cnt = 0;
   5          unsigned int DAC_cnt = 0;
   6          bit S8_flag = 0;
   7          bit LED_flag = 0;
   8          
   9          void Timer0_Isr(void) interrupt 1
  10          {
  11   1          if(S8_flag){
  12   2              S8_cnt++;
  13   2          }
  14   1          if(LED_flag){
  15   2              LED_cnt++;
  16   2          }
  17   1              DAC_cnt++;
  18   1      }
  19          
  20          void Timer0_Init(void)          //1毫秒@12.000MHz
  21          {
  22   1              AUXR |= 0x80;                   //定时器时钟1T模式
  23   1              TMOD &= 0xF0;                   //设置定时器模式
  24   1              TL0 = 0x20;                             //设置定时初始值
  25   1              TH0 = 0xD1;                             //设置定时初始值
  26   1              TF0 = 0;                                //清除TF0标志
  27   1              TR0 = 1;                                //定时器0开始计时
  28   1              ET0 = 1;                                //使能定时器0中断
  29   1          EA = 1;
  30   1      }


MODULE INFORMATION:   STATIC OVERLAYABLE
   CODE SIZE        =     56    ----
   CONSTANT SIZE    =   ----    ----
   XDATA SIZE       =   ----    ----
   PDATA SIZE       =   ----    ----
   DATA SIZE        =      6    ----
   IDATA SIZE       =   ----    ----
   BIT SIZE         =      2    ----
END OF MODULE INFORMATION.


C51 COMPILATION COMPLETE.  0 WARNING(S),  0 ERROR(S)
