C51 COMPILER V9.60.7.0   DS18B20                                                           03/04/2026 22:47:31 PAGE 1   


C51 COMPILER V9.60.7.0, COMPILATION OF MODULE DS18B20
OBJECT MODULE PLACED IN .\Objects\DS18B20.obj
COMPILER INVOKED BY: C:\Keil_v5\C51\BIN\C51.EXE DS18B20.c OPTIMIZE(8,SPEED) BROWSE DEBUG OBJECTEXTEND PRINT(.\Listings\D
                    -S18B20.lst) OBJECT(.\Objects\DS18B20.obj)

line level    source

   1          #include <STC15F2K60S2.H>
   2          #include "Onewire.h"
   3          #include "Timer.h"
   4          
   5          unsigned int Temp_value = 0;
   6          unsigned int xdata Temp_Average = 0;
   7          unsigned int xdata Temp_num = 0;
   8          unsigned int xdata Temp_sum = 0;
   9          unsigned int Temp_max = 0;
  10          unsigned int Temp_dat = 30;
  11          
  12          float Read_Temp(){
  13   1          float temp = 0;
  14   1          unsigned char high,low;
  15   1          init_ds18b20();
  16   1          Write_DS18B20(0xCC);
  17   1          Write_DS18B20(0x44);
  18   1          Delay_OneWire(800);
  19   1          init_ds18b20();
  20   1          Write_DS18B20(0xCC);
  21   1          Write_DS18B20(0xBE);
  22   1          low = Read_DS18B20();
  23   1          high = Read_DS18B20();
  24   1          temp = (high << 8) | low;
  25   1          return (float)temp * 0.0625;
  26   1      }
  27          
  28          void Temp_login(){
  29   1           if(Temp_flag && Collect_Flag == 0){
  30   2              float temp = Read_Temp();
  31   2              Temp_value = (unsigned int)(temp * 10.0);
  32   2              Temp_sum += Temp_value;
  33   2              Temp_num ++;
  34   2              Temp_Average = Temp_sum / Temp_num;
  35   2              if((unsigned int)temp > Temp_max){
  36   3                  Temp_max = (unsigned int)temp;
  37   3              }
  38   2              Temp_flag = 0;
  39   2          }
  40   1      }


MODULE INFORMATION:   STATIC OVERLAYABLE
   CODE SIZE        =    206    ----
   CONSTANT SIZE    =   ----    ----
   XDATA SIZE       =      6    ----
   PDATA SIZE       =   ----    ----
   DATA SIZE        =      6       9
   IDATA SIZE       =   ----    ----
   BIT SIZE         =   ----    ----
END OF MODULE INFORMATION.


C51 COMPILATION COMPLETE.  0 WARNING(S),  0 ERROR(S)
