C51 COMPILER V9.60.7.0   KEY                                                               03/04/2026 22:47:31 PAGE 1   


C51 COMPILER V9.60.7.0, COMPILATION OF MODULE KEY
OBJECT MODULE PLACED IN .\Objects\KEY.obj
COMPILER INVOKED BY: C:\Keil_v5\C51\BIN\C51.EXE KEY.c OPTIMIZE(8,SPEED) BROWSE DEBUG OBJECTEXTEND PRINT(.\Listings\KEY.l
                    -st) OBJECT(.\Objects\KEY.obj)

line level    source

   1          #include <STC15F2K60S2.H>
   2          #include "Delay.h"
   3          #include "DS18B20.h"
   4          #include "DS1302.h"
   5          #include "NE555.h"
   6          #include "Timer.h"
   7          
   8          unsigned char xdata S4_cnt = 0;
   9          unsigned char xdata S5_cnt = 0;
  10          
  11          unsigned char Key_Scan(){
  12   1          unsigned char key = 0;
  13   1          P33 = 0;P32 = 1;
  14   1          if(P44 == 0){   //S4
  15   2              Delay100ms();
  16   2              if(P44 == 0){
  17   3                  key = 1;
  18   3                  while(P44 == 0);
  19   3              }
  20   2          }
  21   1          if(P42 == 0){   //S8
  22   2              Delay100ms();
  23   2              if(P42 == 0){   
  24   3                  key = 2;
  25   3                  while(P42 == 0);
  26   3              }
  27   2          }
  28   1          P33 = 1;P32 = 0;
  29   1          if(P44 == 0){   //S5
  30   2              Delay100ms();
  31   2              if(P44 == 0){
  32   3                  key = 3;
  33   3                  while(P44 == 0);
  34   3              }
  35   2          }
  36   1          if(P42 == 0){   //S9
  37   2              Delay100ms();
  38   2              if(P44 == 0){
  39   3                  S9_flag = 1;
  40   3                  S9_cnt = 0;
  41   3              }
  42   2              else{
  43   3                  S9_flag = 0;
  44   3              }
  45   2              while(P42 == 0);
  46   2              if(S9_cnt >= 2000){
  47   3                  key = 4;
  48   3                  S9_flag = 0;
  49   3                  S9_cnt = 0;
  50   3              }
  51   2              else{
  52   3                  key = 5;
  53   3              }
  54   2          }
C51 COMPILER V9.60.7.0   KEY                                                               03/04/2026 22:47:31 PAGE 2   

  55   1          return key;
  56   1      }
  57          
  58          void Key_login(){
  59   1          unsigned char xdata key = Key_Scan();
  60   1          unsigned char xdata S4 = S4_cnt % 3;
  61   1          unsigned char xdata S5 = S5_cnt % 3;
  62   1          switch(key){
  63   2              case 1:
  64   2                  S4_cnt = (S4_cnt + 1) % 3;
  65   2                  break;
  66   2              case 2:
  67   2                  if(S4_cnt % 3 == 2){
  68   3                      Temp_dat += 1;
  69   3                  }
  70   2                  break;
  71   2              case 3:
  72   2                  if(S4_cnt % 3 == 1){
  73   3                      S5_cnt = (S5_cnt + 1) % 3;
  74   3                  }
  75   2                  break;
  76   2              case 4:
  77   2                  Temp_max = 0;
  78   2                  Temp_Average = 0;
  79   2                  NE555_max = 0;
  80   2                  NE555_Average = 0;
  81   2                  Time_dat[0] = 0;
  82   2                  Time_dat[1] = 0;
  83   2                  Time_dat[2] = 0;
  84   2                  Time_dat[3] = 0;
  85   2                  break;
  86   2              case 5:
  87   2                  if(S4_cnt % 3 == 2){
  88   3                      Temp_dat -= 1;
  89   3                  }
  90   2                  break;
  91   2          }
  92   1      }


MODULE INFORMATION:   STATIC OVERLAYABLE
   CODE SIZE        =    283    ----
   CONSTANT SIZE    =   ----    ----
   XDATA SIZE       =      2       3
   PDATA SIZE       =   ----    ----
   DATA SIZE        =   ----       1
   IDATA SIZE       =   ----    ----
   BIT SIZE         =   ----    ----
END OF MODULE INFORMATION.


C51 COMPILATION COMPLETE.  0 WARNING(S),  0 ERROR(S)
