C51 COMPILER V9.60.7.0   LED                                                               03/04/2026 22:47:31 PAGE 1   


C51 COMPILER V9.60.7.0, COMPILATION OF MODULE LED
OBJECT MODULE PLACED IN .\Objects\LED.obj
COMPILER INVOKED BY: C:\Keil_v5\C51\BIN\C51.EXE LED.c OPTIMIZE(8,SPEED) BROWSE DEBUG OBJECTEXTEND PRINT(.\Listings\LED.l
                    -st) OBJECT(.\Objects\LED.obj)

line level    source

   1          #include <STC15F2K60S2.H>
   2          #include "Timer.h"
   3          #include "KEY.h"
   4          #include "DS18B20.h"
   5          #include "NE555.h"
   6          #include "Common.h"
   7          
   8          unsigned char LED_value = 0xFF;
   9          bit LED = 0;
  10          
  11          void LED_login(){
  12   1          if(S4_cnt % 3 == 0){
  13   2              LED_value = 0xFE;
  14   2          }
  15   1          if(S4_cnt % 3 == 1){
  16   2              LED_value = 0xFD;
  17   2          }
  18   1          if(Temp_value > Temp_dat){
  19   2              LED_flag = 1;
  20   2              if(LED_cnt >= 100){
  21   3                  LED = !LED;
  22   3              }
  23   2              if(LED){
  24   3                  LED_value &= 0xFB;
  25   3              }
  26   2              else{
  27   3                  LED_value |= 0xEC;
  28   3              }
  29   2          }
  30   1          if(NE555_value < 200 || NE555_value > 2000){
  31   2              LED_value &= 0xEF;
  32   2          }
  33   1          else{
  34   2              LED_value |= 0xF8;
  35   2          }
  36   1          LED(LED_value);
  37   1      }


MODULE INFORMATION:   STATIC OVERLAYABLE
   CODE SIZE        =    103    ----
   CONSTANT SIZE    =   ----    ----
   XDATA SIZE       =   ----    ----
   PDATA SIZE       =   ----    ----
   DATA SIZE        =      1    ----
   IDATA SIZE       =   ----    ----
   BIT SIZE         =      1    ----
END OF MODULE INFORMATION.


C51 COMPILATION COMPLETE.  0 WARNING(S),  0 ERROR(S)
