C51 COMPILER V9.60.7.0   TIMER                                                             03/04/2026 22:47:31 PAGE 1   


C51 COMPILER V9.60.7.0, COMPILATION OF MODULE TIMER
OBJECT MODULE PLACED IN .\Objects\Timer.obj
COMPILER INVOKED BY: C:\Keil_v5\C51\BIN\C51.EXE Timer.c OPTIMIZE(8,SPEED) BROWSE DEBUG OBJECTEXTEND PRINT(.\Listings\Tim
                    -er.lst) OBJECT(.\Objects\Timer.obj)

line level    source

   1          #include <STC15F2K60S2.H>
   2          
   3          unsigned int Time_cnt = 0;
   4          unsigned int Light_cnt = 0;
   5          unsigned int NE555_cnt = 0;
   6          unsigned int S9_cnt = 0;
   7          unsigned int LED_cnt = 0;
   8          unsigned int LED_Display_cnt = 0;
   9          bit Time_flag = 0;
  10          bit light_flag = 0;
  11          bit NE555_flag = 0;
  12          bit Temp_flag = 0;
  13          bit S9_flag = 0;
  14          bit LED_flag = 0;
  15          bit LED_Display_flag = 0;
  16          bit Collect_Flag = 0;
  17          void Timer1_Isr(void) interrupt 3
  18          {
  19   1          Time_cnt++;
  20   1          Light_cnt++;
  21   1          LED_Display_cnt++;
  22   1          NE555_cnt++;
  23   1          S9_cnt++;
  24   1          LED_cnt++;
  25   1      }
  26          
  27          void Timer1_Init(void)          //1毫秒@12.000MHz
  28          {
  29   1              AUXR &= 0xBF;                   //定时器时钟12T模式
  30   1              TMOD &= 0x0F;                   //设置定时器模式
  31   1              TL1 = 0x18;                             //设置定时初始值
  32   1              TH1 = 0xFC;                             //设置定时初始值
  33   1              TF1 = 0;                                //清除TF1标志
  34   1              TR1 = 1;                                //定时器1开始计时
  35   1              ET1 = 1;                                //使能定时器1中断
  36   1          EA = 1;
  37   1      }


MODULE INFORMATION:   STATIC OVERLAYABLE
   CODE SIZE        =     74    ----
   CONSTANT SIZE    =   ----    ----
   XDATA SIZE       =   ----    ----
   PDATA SIZE       =   ----    ----
   DATA SIZE        =     12    ----
   IDATA SIZE       =   ----    ----
   BIT SIZE         =      8    ----
END OF MODULE INFORMATION.


C51 COMPILATION COMPLETE.  0 WARNING(S),  0 ERROR(S)
