C51 COMPILER V9.60.7.0   LED_DISPLAY                                                       01/19/2026 14:25:57 PAGE 1   


C51 COMPILER V9.60.7.0, COMPILATION OF MODULE LED_DISPLAY
OBJECT MODULE PLACED IN .\Objects\LED_Display.obj
COMPILER INVOKED BY: C:\Keil_v5\C51\BIN\C51.EXE LED_Display.c OPTIMIZE(8,SPEED) BROWSE DEBUG OBJECTEXTEND PRINT(.\Listin
                    -gs\LED_Display.lst) OBJECT(.\Objects\LED_Display.obj)

line level    source

   1          #include <stc15f2k60s2.h>
   2          #include "LED_Display.h"
   3          #include "Common.h"
   4          #include "DS1302.h"
   5          #include "Delay.h"
   6          
   7          // 创建数码管段码表数组
   8          code unsigned char LED_Display_NUM [11]= {
   9                  0xC0,//0
  10                  0xF9,//1
  11                  0xA4,//2
  12                  0xB0,//3
  13                  0x99,//4
  14                  0x92,//5
  15                  0x82,//6
  16                  0xF8,//7
  17                  0x80,//8
  18                  0x90,//9
  19                  0xBF //-
  20          };
  21          
  22          //数码管显示函数
  23          void LED_Dispaly_Show(){
  24   1              unsigned char com = 0;//位选移动变量
  25   1              unsigned char i = 0;  //数码管循环显示变量
  26   1              unsigned char j = 0;  //存储时间循环变量
  27   1              unsigned char *p_rtc = ReadRTC(); //接收参数
  28   1              unsigned char dat[8]; //定义缓冲区
  29   1              unsigned char dat1;       //临时存储区
  30   1      
  31   1              for(j = 0;j < 8;j++){
  32   2                      dat[j] = p_rtc[j];
  33   2              }
  34   1              
  35   1              SEG(0xFF);
  36   1              //循环显示8位数码管
  37   1              for(i = 0;i < 8;i++){
  38   2                      SEG(0xFF);
  39   2                      COM(1<<com);    //位选移动一位
  40   2                      dat1 = LED_Display_NUM[dat[i]];
  41   2                      SEG(dat1);//将缓冲区数据放入SEG显示函数
  42   2                      Delay500us();
  43   2                      com++;  //      位选加一        
  44   2              }
  45   1              com = 0;        //      循环结束后位选归零
  46   1              COM(0x00);  //  关闭位选
  47   1              SEG(0xFF);
  48   1      }


MODULE INFORMATION:   STATIC OVERLAYABLE
   CODE SIZE        =    169    ----
   CONSTANT SIZE    =     11    ----
   XDATA SIZE       =   ----    ----
C51 COMPILER V9.60.7.0   LED_DISPLAY                                                       01/19/2026 14:25:57 PAGE 2   

   PDATA SIZE       =   ----    ----
   DATA SIZE        =   ----      14
   IDATA SIZE       =   ----    ----
   BIT SIZE         =   ----    ----
END OF MODULE INFORMATION.


C51 COMPILATION COMPLETE.  0 WARNING(S),  0 ERROR(S)
