C51 COMPILER V9.60.7.0   MAIN                                                              11/16/2025 19:51:41 PAGE 1   


C51 COMPILER V9.60.7.0, COMPILATION OF MODULE MAIN
OBJECT MODULE PLACED IN .\Objects\main.obj
COMPILER INVOKED BY: C:\Keil_v5\C51\BIN\C51.EXE main.c OPTIMIZE(8,SPEED) BROWSE DEBUG OBJECTEXTEND PRINT(.\Listings\main
                    -.lst) OBJECT(.\Objects\main.obj)

line level    source

   1          #include <stc15f2k60s2.h>
   2          #include "keypad.h"
   3          #include "displays.h"
   4          #include "delay.h"
   5          #include "common.h"
   6          
   7          //初始化函数
   8          void Init_MCU(){
   9   1              LED(0xFF);
  10   1              SEG(0xFF);
  11   1              COM(0xFF);
  12   1              BUZ(0x00);
  13   1      }
  14          
  15          //数码管显示按键函数
  16          void Display_Key(){
  17   1              unsigned char Key_Number;
  18   1              //调用按键扫描函数
  19   1              //获取返回值
  20   1              Key_Number = Key_Scan();
  21   1              //调用数码管显示函数
  22   1              Seg_Display(Key_Number);
  23   1      }
  24          void main(){
  25   1              //初始化
  26   1              Init_MCU();
  27   1              while(1){
  28   2                      //数码管显示按键函数
  29   2                      Display_Key();
  30   2              }
  31   1      }


MODULE INFORMATION:   STATIC OVERLAYABLE
   CODE SIZE        =     71    ----
   CONSTANT SIZE    =   ----    ----
   XDATA SIZE       =   ----    ----
   PDATA SIZE       =   ----    ----
   DATA SIZE        =   ----    ----
   IDATA SIZE       =   ----    ----
   BIT SIZE         =   ----    ----
END OF MODULE INFORMATION.


C51 COMPILATION COMPLETE.  0 WARNING(S),  0 ERROR(S)
