C51 COMPILER V9.60.7.0   DELAY                                                             01/24/2026 22:57:29 PAGE 1   


C51 COMPILER V9.60.7.0, COMPILATION OF MODULE DELAY
OBJECT MODULE PLACED IN .\Objects\Delay.obj
COMPILER INVOKED BY: C:\Keil_v5\C51\BIN\C51.EXE Delay.c OPTIMIZE(8,SPEED) BROWSE DEBUG OBJECTEXTEND PRINT(.\Listings\Del
                    -ay.lst) OBJECT(.\Objects\Delay.obj)

line level    source

   1          #include <stc15f2k60s2.h>
   2          #include "intrins.h"
   3          
   4          void Delay10ms(void)    //@12.000MHz
   5          {
   6   1              unsigned char data i, j;
   7   1      
   8   1              i = 117;
   9   1              j = 184;
  10   1              do
  11   1              {
  12   2                      while (--j);
  13   2              } while (--i);
  14   1      }
  15          
  16          void Delay200us(void)   //@12.000MHz
  17          {
  18   1              unsigned char data i, j;
  19   1      
  20   1              i = 3;
  21   1              j = 82;
  22   1              do
  23   1              {
  24   2                      while (--j);
  25   2              } while (--i);
  26   1      }
  27          
  28          void Delay50us(void)    //@12.000MHz
  29          {
  30   1              unsigned char data i;
  31   1      
  32   1              _nop_();
  33   1              _nop_();
  34   1              i = 147;
  35   1              while (--i);
  36   1      }
  37          
  38          void Delay100us(void)   //@12.000MHz
  39          {
  40   1              unsigned char data i, j;
  41   1      
  42   1              i = 2;
  43   1              j = 39;
  44   1              do
  45   1              {
  46   2                      while (--j);
  47   2              } while (--i);
  48   1      }
  49          
  50          void Delay1ms(void)     //@12.000MHz
  51          {
  52   1              unsigned char data i, j;
  53   1      
  54   1              i = 12;
C51 COMPILER V9.60.7.0   DELAY                                                             01/24/2026 22:57:29 PAGE 2   

  55   1              j = 169;
  56   1              do
  57   1              {
  58   2                      while (--j);
  59   2              } while (--i);
  60   1      }
  61          


MODULE INFORMATION:   STATIC OVERLAYABLE
   CODE SIZE        =     43    ----
   CONSTANT SIZE    =   ----    ----
   XDATA SIZE       =   ----    ----
   PDATA SIZE       =   ----    ----
   DATA SIZE        =   ----    ----
   IDATA SIZE       =   ----    ----
   BIT SIZE         =   ----    ----
END OF MODULE INFORMATION.


C51 COMPILATION COMPLETE.  0 WARNING(S),  0 ERROR(S)
