C51 COMPILER V9.60.7.0   MAIN                                                              01/24/2026 22:57:29 PAGE 1   


C51 COMPILER V9.60.7.0, COMPILATION OF MODULE MAIN
OBJECT MODULE PLACED IN .\Objects\main.obj
COMPILER INVOKED BY: C:\Keil_v5\C51\BIN\C51.EXE main.c OPTIMIZE(8,SPEED) BROWSE DEBUG OBJECTEXTEND PRINT(.\Listings\main
                    -.lst) OBJECT(.\Objects\main.obj)

line level    source

   1          #include <stc15f2k60s2.h>
   2          #include "LED_Display.h"
   3          #include "LED.h"
   4          #include "KEY.h"
   5          #include "PCF8591.h"
   6          #include "Delay.h"
   7          #include "IIC.h"
   8          #include "OneWire.h"
   9          #include "Common.h"
  10          
  11          //初始化函数
  12          void Init_MCU(){
  13   1              SEG(0xFF);
  14   1              COM(0xFF);
  15   1              LED(0xFF);
  16   1              BUZ(0x00);
  17   1      }
  18          
  19          void main(){
  20   1              Init_MCU();
  21   1              while(1){
  22   2                      // 循环更新温度/光照数据
  23   2                      Temperature_dat_Receive();
  24   2                      Lighting_dat_Receive();
  25   2                      // 循环更新DAC转换数据
  26   2                      Temperature_DAC_Receive();
  27   2                      Lighting_DAC_Receive();
  28   2                      
  29   2                      LED_Display_Show();
  30   2                      LED_Display_Show();
  31   2                      LED_Display_Show();
  32   2                      LED_Display_Show();
  33   2                      LED_Display_Show();
  34   2                      LED_Display_Show();
  35   2              }
  36   1      }
  37          
  38          
  39          


MODULE INFORMATION:   STATIC OVERLAYABLE
   CODE SIZE        =     92    ----
   CONSTANT SIZE    =   ----    ----
   XDATA SIZE       =   ----    ----
   PDATA SIZE       =   ----    ----
   DATA SIZE        =   ----    ----
   IDATA SIZE       =   ----    ----
   BIT SIZE         =   ----    ----
END OF MODULE INFORMATION.


C51 COMPILATION COMPLETE.  0 WARNING(S),  0 ERROR(S)
