C51 COMPILER V9.60.7.0   PCF8591                                                           01/24/2026 22:57:29 PAGE 1   


C51 COMPILER V9.60.7.0, COMPILATION OF MODULE PCF8591
OBJECT MODULE PLACED IN .\Objects\PCF8591.obj
COMPILER INVOKED BY: C:\Keil_v5\C51\BIN\C51.EXE PCF8591.c OPTIMIZE(8,SPEED) BROWSE DEBUG OBJECTEXTEND PRINT(.\Listings\P
                    -CF8591.lst) OBJECT(.\Objects\PCF8591.obj)

line level    source

   1          #include <stc15f2k60s2.h>
   2          #include "IIC.h"
   3          
   4          //PCF8591的光敏电阻数据读取
   5          unsigned char Photoresistor_Read(){
   6   1              unsigned char photoresistor_Value;
   7   1              I2CStart();
   8   1              I2CSendByte(0x90);
   9   1              I2CWaitAck();
  10   1              I2CSendByte(0x01);
  11   1              I2CWaitAck();
  12   1              I2CStop();
  13   1              
  14   1              I2CStart();
  15   1              I2CSendByte(0x91);
  16   1              I2CWaitAck();
  17   1              photoresistor_Value = I2CReceiveByte();
  18   1              I2CWaitAck();
  19   1              I2CStop();
  20   1              return photoresistor_Value;
  21   1      }


MODULE INFORMATION:   STATIC OVERLAYABLE
   CODE SIZE        =     47    ----
   CONSTANT SIZE    =   ----    ----
   XDATA SIZE       =   ----    ----
   PDATA SIZE       =   ----    ----
   DATA SIZE        =   ----       1
   IDATA SIZE       =   ----    ----
   BIT SIZE         =   ----    ----
END OF MODULE INFORMATION.


C51 COMPILATION COMPLETE.  0 WARNING(S),  0 ERROR(S)
