C51 COMPILER V9.60.7.0   MAIN                                                              02/10/2026 17:33:59 PAGE 1   


C51 COMPILER V9.60.7.0, COMPILATION OF MODULE MAIN
OBJECT MODULE PLACED IN .\Objects\main.obj
COMPILER INVOKED BY: C:\Keil_v5\C51\BIN\C51.EXE main.c OPTIMIZE(8,SPEED) BROWSE DEBUG OBJECTEXTEND PRINT(.\Listings\main
                    -.lst) OBJECT(.\Objects\main.obj)

line level    source

   1          #include <stc15f2k60s2.h>
   2          #include "Common.h"
   3          #include "intrins.h"
   4          
   5          void Init_MCU(){
   6   1              LED(0xFF);
   7   1              COM(0xFF);
   8   1              SEG(0xFF);
   9   1              BUZ(0x00);
  10   1      }
  11          
  12          void Delay1000ms()              //@12.000MHz
  13          {
  14   1              unsigned char i, j, k;
  15   1      
  16   1              _nop_();
  17   1              i = 8;
  18   1              j = 154;
  19   1              k = 122;
  20   1              do
  21   1              {
  22   2                      do
  23   2                      {
  24   3                              while (--k);
  25   3                      } while (--j);
  26   2              } while (--i);
  27   1      }
  28          
  29          void main(){
  30   1              Init_MCU();
  31   1              while(1){
  32   2                      BUZ(0xEF);
  33   2                      Delay1000ms();
  34   2                      BUZ(0x00);
  35   2                      Delay1000ms();
  36   2                      Delay1000ms();
  37   2                      Delay1000ms();
  38   2                      Delay1000ms();
  39   2                      Delay1000ms();
  40   2                      Delay1000ms();
  41   2                      Delay1000ms();
  42   2                      BUZ(0xBF);
  43   2                      Delay1000ms();
  44   2                      BUZ(0x00);
  45   2                      Delay1000ms();
  46   2                      Delay1000ms();
  47   2                      Delay1000ms();
  48   2                      Delay1000ms();
  49   2                      Delay1000ms();
  50   2                      Delay1000ms();
  51   2                      Delay1000ms();
  52   2              }
  53   1      }

C51 COMPILER V9.60.7.0   MAIN                                                              02/10/2026 17:33:59 PAGE 2   


MODULE INFORMATION:   STATIC OVERLAYABLE
   CODE SIZE        =    134    ----
   CONSTANT SIZE    =   ----    ----
   XDATA SIZE       =   ----    ----
   PDATA SIZE       =   ----    ----
   DATA SIZE        =   ----    ----
   IDATA SIZE       =   ----    ----
   BIT SIZE         =   ----    ----
END OF MODULE INFORMATION.


C51 COMPILATION COMPLETE.  0 WARNING(S),  0 ERROR(S)
