C51 COMPILER V9.60.7.0   DELAY                                                             02/15/2026 13:03:04 PAGE 1   


C51 COMPILER V9.60.7.0, COMPILATION OF MODULE DELAY
OBJECT MODULE PLACED IN .\Objects\Delay.obj
COMPILER INVOKED BY: C:\Keil_v5\C51\BIN\C51.EXE Delay.c OPTIMIZE(8,SPEED) BROWSE DEBUG OBJECTEXTEND PRINT(.\Listings\Del
                    -ay.lst) OBJECT(.\Objects\Delay.obj)

line level    source

   1          #include <STC15F2K60S2.H>
   2          #include "INTRINS.H"
   3          
   4          void Delay12us(void)    //@12.000MHz
   5          {
   6   1              unsigned char data i;
   7   1      
   8   1              _nop_();
   9   1              _nop_();
  10   1              i = 33;
  11   1              while (--i);
  12   1      }
  13          
  14          void Delay50us(void)    //@12.000MHz
  15          {
  16   1              unsigned char data i;
  17   1      
  18   1              _nop_();
  19   1              _nop_();
  20   1              i = 147;
  21   1              while (--i);
  22   1      }
  23          
  24          void Delay100ms(void)   //@12.000MHz
  25          {
  26   1              unsigned char data i, j, k;
  27   1      
  28   1              _nop_();
  29   1              _nop_();
  30   1              i = 5;
  31   1              j = 144;
  32   1              k = 71;
  33   1              do
  34   1              {
  35   2                      do
  36   2                      {
  37   3                              while (--k);
  38   3                      } while (--j);
  39   2              } while (--i);
  40   1      }


MODULE INFORMATION:   STATIC OVERLAYABLE
   CODE SIZE        =     29    ----
   CONSTANT SIZE    =   ----    ----
   XDATA SIZE       =   ----    ----
   PDATA SIZE       =   ----    ----
   DATA SIZE        =   ----    ----
   IDATA SIZE       =   ----    ----
   BIT SIZE         =   ----    ----
END OF MODULE INFORMATION.


C51 COMPILATION COMPLETE.  0 WARNING(S),  0 ERROR(S)
