C51 COMPILER V9.60.7.0   DISTRANCE                                                         02/15/2026 13:03:04 PAGE 1   


C51 COMPILER V9.60.7.0, COMPILATION OF MODULE DISTRANCE
OBJECT MODULE PLACED IN .\Objects\Distrance.obj
COMPILER INVOKED BY: C:\Keil_v5\C51\BIN\C51.EXE Distrance.c OPTIMIZE(8,SPEED) BROWSE DEBUG OBJECTEXTEND PRINT(.\Listings
                    -\Distrance.lst) OBJECT(.\Objects\Distrance.obj)

line level    source

   1          #include <STC15F2K60S2.H>
   2          #include "Delay.h"
   3          #include "Timer.h"
   4          
   5          sbit TX = P1^0;
   6          sbit RX = P1^1;
   7          unsigned int sound_value = 0;
   8          
   9          unsigned char Read_Distrance(){
  10   1          unsigned int sound = 0;
  11   1          unsigned char i;
  12   1          CMOD = 0x01;
  13   1          CCON = 0x00;
  14   1          CH = 0x00;
  15   1          CL = 0x00;
  16   1          for(i = 0;i < 8;i++){
  17   2              TX = 1;
  18   2              Delay12us();
  19   2              TX = 0;
  20   2              Delay12us();
  21   2          }
  22   1          CR = 1;
  23   1          while((RX == 1) && (CH <= 0x40));
  24   1          CR = 0;
  25   1          if(CH > 0x40){
  26   2                      CF = 0;
  27   2              return 0;
  28   2          }
  29   1          sound = (CH<<8) | CL;
  30   1          return sound * 0.0172 + 2;
  31   1      }
  32          
  33          void Sound_login(){
  34   1          if(sound_cnt == 199){
  35   2              sound_value = Read_Distrance();
  36   2          }
  37   1      }


MODULE INFORMATION:   STATIC OVERLAYABLE
   CODE SIZE        =    118    ----
   CONSTANT SIZE    =   ----    ----
   XDATA SIZE       =   ----    ----
   PDATA SIZE       =   ----    ----
   DATA SIZE        =      2       3
   IDATA SIZE       =   ----    ----
   BIT SIZE         =   ----    ----
END OF MODULE INFORMATION.


C51 COMPILATION COMPLETE.  0 WARNING(S),  0 ERROR(S)
