C51 COMPILER V9.60.7.0   LED_DISPLAY                                                       02/15/2026 13:03:04 PAGE 1   


C51 COMPILER V9.60.7.0, COMPILATION OF MODULE LED_DISPLAY
OBJECT MODULE PLACED IN .\Objects\LED_Display.obj
COMPILER INVOKED BY: C:\Keil_v5\C51\BIN\C51.EXE LED_Display.c OPTIMIZE(8,SPEED) BROWSE DEBUG OBJECTEXTEND PRINT(.\Listin
                    -gs\LED_Display.lst) OBJECT(.\Objects\LED_Display.obj)

line level    source

   1          #include <STC15F2K60S2.H>
   2          #include "Common.h"
   3          #include "KEY.h"
   4          #include "Delay.h"
   5          #include "Distrance.h"
   6          
   7          code unsigned char SEG_Table[] = {
   8              0xC0,   //0
   9              0xF9,   //1
  10              0xA4,   //2
  11              0xB0,   //3
  12              0x99,   //4
  13              0x92,   //5
  14              0x82,   //6
  15              0xF8,   //7
  16              0x80,   //8
  17              0x90,   //9
  18              0x92,   //S
  19              0xFF    //全灭
  20          };
  21          
  22          unsigned char Num1_dat_arr[] = {10,11,11,11,11,11,11,11};
  23          unsigned char Num2_dat_arr[] = {10,11,11,11,11,11,11,11};
  24          unsigned char LED_dat_arr[] = {10,11,11,11,11,11,11,11};
  25          
  26          void Num1_Display(){
  27   1          if(sound_value >= 100){
  28   2              Num1_dat_arr[5] = sound_value / 100;
  29   2              Num1_dat_arr[6] = sound_value % 100 / 10;
  30   2              Num1_dat_arr[7] = sound_value % 10;
  31   2          }
  32   1          if(sound_value >= 10 && sound_value < 100){
  33   2              Num1_dat_arr[5] = 0;
  34   2              Num1_dat_arr[6] = sound_value / 10;
  35   2              Num1_dat_arr[7] = sound_value % 10;
  36   2          }
  37   1          if(sound_value >= 0 && sound_value < 10){
  38   2              Num1_dat_arr[5] = 0;
  39   2              Num1_dat_arr[6] = 0;
  40   2              Num1_dat_arr[7] = sound_value;
  41   2          }
  42   1      }
  43          
  44          void Num2_Display(){
  45   1          if(sound_value >= 100){
  46   2              Num2_dat_arr[6] = sound_value / 100;
  47   2              Num2_dat_arr[7] = sound_value % 100 / 10;
  48   2          }
  49   1          if(sound_value >= 10 && sound_value < 100){
  50   2              Num2_dat_arr[6] = 0;
  51   2              Num2_dat_arr[7] = sound_value / 10;
  52   2          }
  53   1      }
  54          
C51 COMPILER V9.60.7.0   LED_DISPLAY                                                       02/15/2026 13:03:04 PAGE 2   

  55          void LED_Display_Choose(){
  56   1          unsigned char i;
  57   1          if(S4_cnt % 2 == 0){
  58   2              Num1_Display();
  59   2              for(i = 0;i < 8;i++){
  60   3                  LED_dat_arr[i] = Num1_dat_arr[i];
  61   3              }
  62   2          }
  63   1          if(S4_cnt % 2 == 1){
  64   2              Num2_Display();
  65   2              for(i = 0;i < 8;i++){
  66   3                  LED_dat_arr[i] = Num2_dat_arr[i];
  67   3              }
  68   2          }
  69   1      }
  70          
  71          void LED_Display_Show(){
  72   1          unsigned char com;
  73   1          unsigned char dat;
  74   1          for(com = 0;com < 8;com++){
  75   2              SEG(0xFF);
  76   2              COM(1<<com);
  77   2              dat = SEG_Table[LED_dat_arr[com]];
  78   2              if(S4_cnt % 2 == 0 && com == 5){
  79   3                  dat &= 0x7F;
  80   3              }
  81   2              if(S4_cnt % 2 == 1 && com == 6){
  82   3                  dat &= 0x7F;
  83   3              }
  84   2              SEG(dat);
  85   2              Delay50us();
  86   2          }
  87   1          SEG(0xFF);
  88   1          COM(0xFF);
  89   1      }


MODULE INFORMATION:   STATIC OVERLAYABLE
   CODE SIZE        =    414    ----
   CONSTANT SIZE    =     12    ----
   XDATA SIZE       =   ----    ----
   PDATA SIZE       =   ----    ----
   DATA SIZE        =     24       2
   IDATA SIZE       =   ----    ----
   BIT SIZE         =   ----    ----
END OF MODULE INFORMATION.


C51 COMPILATION COMPLETE.  0 WARNING(S),  0 ERROR(S)
