C51 COMPILER V9.60.7.0   MAIN                                                              02/15/2026 13:03:04 PAGE 1   


C51 COMPILER V9.60.7.0, COMPILATION OF MODULE MAIN
OBJECT MODULE PLACED IN .\Objects\main.obj
COMPILER INVOKED BY: C:\Keil_v5\C51\BIN\C51.EXE main.c OPTIMIZE(8,SPEED) BROWSE DEBUG OBJECTEXTEND PRINT(.\Listings\main
                    -.lst) OBJECT(.\Objects\main.obj)

line level    source

   1          #include <STC15F2K60S2.H>
   2          #include "Delay.h"
   3          #include "Distrance.h"
   4          #include "Common.h"
   5          #include "Timer.h"
   6          #include "KEY.h"
   7          #include "LED_Display.h"
   8          
   9          void Init_MCU(){
  10   1          SEG(0xFF);
  11   1          COM(0xFF);
  12   1          LED(0xFF);
  13   1          BUZ(0x00);
  14   1          REY(0x00);
  15   1          Timer_Init();
  16   1      }
  17          
  18          void main(){
  19   1          Init_MCU();
  20   1          while(1){
  21   2              Key_login();
  22   2              Sound_login();
  23   2              LED_Display_Choose();
  24   2              LED_Display_Show();
  25   2          }
  26   1      }


MODULE INFORMATION:   STATIC OVERLAYABLE
   CODE SIZE        =     90    ----
   CONSTANT SIZE    =   ----    ----
   XDATA SIZE       =   ----    ----
   PDATA SIZE       =   ----    ----
   DATA SIZE        =   ----    ----
   IDATA SIZE       =   ----    ----
   BIT SIZE         =   ----    ----
END OF MODULE INFORMATION.


C51 COMPILATION COMPLETE.  0 WARNING(S),  0 ERROR(S)
