C51 COMPILER V9.60.7.0   KEY                                                               02/12/2026 21:29:44 PAGE 1   


C51 COMPILER V9.60.7.0, COMPILATION OF MODULE KEY
OBJECT MODULE PLACED IN .\Objects\KEY.obj
COMPILER INVOKED BY: C:\Keil_v5\C51\BIN\C51.EXE KEY.c OPTIMIZE(8,SPEED) BROWSE DEBUG OBJECTEXTEND PRINT(.\Listings\KEY.l
                    -st) OBJECT(.\Objects\KEY.obj)

line level    source

   1          #include <STC15F2K60S2.H>
   2          #include "Delay.h"
   3          
   4          unsigned char S12_cnt = 0;
   5          unsigned char Decibel_value = 65;
   6          
   7          //按键扫描函数
   8          unsigned char Key_Scan(){
   9   1          unsigned char key = 0;
  10   1          P32 = 0;P33 = 1;
  11   1          if(P34 == 0){
  12   2              Delay100ms();
  13   2              while(P34 == 0){
  14   3                  key = 1;
  15   3              }
  16   2          }
  17   1          P32 = 1;P33 = 0;
  18   1          if(P34 == 0){
  19   2              Delay100ms();
  20   2              while(P34 == 0){
  21   3                  key = 2;
  22   3              }
  23   2          }
  24   1          if(P35 == 0){
  25   2              Delay100ms();
  26   2              while(P35 == 0){
  27   3                  key = 3;
  28   3              }
  29   2          }
  30   1          return key; 
  31   1      }
  32          
  33          //按键逻辑函数
  34          void Key_logic(){
  35   1          unsigned char key = Key_Scan();
  36   1          switch(key){
  37   2              case 1:
  38   2                  if(S12_cnt % 2 == 1){
  39   3                      if(Decibel_value >= 5){
  40   4                          Decibel_value -= 5;
  41   4                      }
  42   3                  }
  43   2                  break;
  44   2              case 2:
  45   2                  if(S12_cnt % 2 == 1){
  46   3                      if (Decibel_value <= 85){
  47   4                          Decibel_value += 5;
  48   4                      }
  49   3                  }
  50   2                  break;
  51   2              case 3:
  52   2                  S12_cnt = (S12_cnt + 1) % 2;
  53   2                  break;
  54   2          }
C51 COMPILER V9.60.7.0   KEY                                                               02/12/2026 21:29:44 PAGE 2   

  55   1      }


MODULE INFORMATION:   STATIC OVERLAYABLE
   CODE SIZE        =    114    ----
   CONSTANT SIZE    =   ----    ----
   XDATA SIZE       =   ----    ----
   PDATA SIZE       =   ----    ----
   DATA SIZE        =      2       1
   IDATA SIZE       =   ----    ----
   BIT SIZE         =   ----    ----
END OF MODULE INFORMATION.


C51 COMPILATION COMPLETE.  0 WARNING(S),  0 ERROR(S)
