C51 COMPILER V9.60.7.0   LED                                                               02/12/2026 21:29:44 PAGE 1   


C51 COMPILER V9.60.7.0, COMPILATION OF MODULE LED
OBJECT MODULE PLACED IN .\Objects\LED.obj
COMPILER INVOKED BY: C:\Keil_v5\C51\BIN\C51.EXE LED.c OPTIMIZE(8,SPEED) BROWSE DEBUG OBJECTEXTEND PRINT(.\Listings\LED.l
                    -st) OBJECT(.\Objects\LED.obj)

line level    source

   1          #include <stc15f2k60s2.h>
   2          #include "KEY.h"
   3          #include "PCF8591.h"
   4          #include "Common.h"
   5          #include "Timer.h"
   6          bit LED1 = 0;
   7          bit LED2 = 0;
   8          
   9          void LED_logic(){
  10   1          if(S12_cnt % 2 == 0){
  11   2              if(Sound_value <= Decibel_value * 10){
  12   3                  LED(0xFE);
  13   3              }
  14   2              if(Sound_value > Decibel_value *10){         
  15   3                  if(LED_cnt1 == 99){
  16   4                      if(LED1 == 0){
  17   5                          LED(0x7E); 
  18   5                          LED1 = 1;
  19   5                      } else {
  20   5                          LED(0x7F); 
  21   5                          LED1 = 0;
  22   5                      }
  23   4                  }
  24   3              }
  25   2          }
  26   1          if(S12_cnt % 2 == 1){
  27   2              if(Sound_value <= Decibel_value * 10){
  28   3                  LED(0xFD);
  29   3              }
  30   2              if(Sound_value > Decibel_value *10){         
  31   3                  if(LED_cnt2 == 99){
  32   4                      if(LED2 == 0){
  33   5                          LED(0x7D);
  34   5                          LED2 = 1;
  35   5                      } else {
  36   5                          LED(0x7F); 
  37   5                          LED2 = 0;
  38   5                      }
  39   4                  }
  40   3              }
  41   2          }
  42   1      }


MODULE INFORMATION:   STATIC OVERLAYABLE
   CODE SIZE        =    182    ----
   CONSTANT SIZE    =   ----    ----
   XDATA SIZE       =   ----    ----
   PDATA SIZE       =   ----    ----
   DATA SIZE        =   ----    ----
   IDATA SIZE       =   ----    ----
   BIT SIZE         =      2    ----
END OF MODULE INFORMATION.


C51 COMPILATION COMPLETE.  0 WARNING(S),  0 ERROR(S)
