C51 COMPILER V9.60.7.0   LED_DISPLAY                                                       02/12/2026 21:29:44 PAGE 1   


C51 COMPILER V9.60.7.0, COMPILATION OF MODULE LED_DISPLAY
OBJECT MODULE PLACED IN .\Objects\LED_Display.obj
COMPILER INVOKED BY: C:\Keil_v5\C51\BIN\C51.EXE LED_Display.c OPTIMIZE(8,SPEED) BROWSE DEBUG OBJECTEXTEND PRINT(.\Listin
                    -gs\LED_Display.lst) OBJECT(.\Objects\LED_Display.obj)

line level    source

   1          #include <STC15F2K60S2.H>
   2          #include "Common.h" 
   3          #include "KEY.h"
   4          #include "PCF8591.h"
   5          #include "Timer.h"
   6          #include "Delay.h"
   7          
   8          code unsigned char SEG_Table[] = {
   9              0xC0, 0xF9, 0xA4, 0xB0, 0x99, 0x92, 0x82, 0xF8, 0x80, 0x90, 0xC1, 0xFF
  10          };
  11          
  12          unsigned char Num1_dat_arr[] = {10,1,11,11,11,11,11,11};
  13          unsigned char Num2_dat_arr[] = {10,2,11,11,11,11,11,11};
  14          unsigned char LED_dat_arr[] = {11,11,11,11,11,11,11,11};
  15          
  16          void Num1_Change(){
  17   1          if(Sound_value >= 100){
  18   2              Num1_dat_arr[5] = Sound_value / 100;
  19   2              Num1_dat_arr[6] = (Sound_value % 100) / 10;
  20   2              Num1_dat_arr[7] = Sound_value % 10;
  21   2          }
  22   1          if(Sound_value < 100 && Sound_value >= 10){
  23   2              Num1_dat_arr[5] = 11;
  24   2              Num1_dat_arr[6] = Sound_value / 10;
  25   2              Num1_dat_arr[7] = Sound_value % 10;
  26   2          }
  27   1          if(Sound_value < 10){
  28   2              Num1_dat_arr[5] = 11;
  29   2              Num1_dat_arr[6] = 0;
  30   2              Num1_dat_arr[7] = Sound_value;
  31   2          }
  32   1          
  33   1      }
  34          
  35          void Num2_Change(){
  36   1          if(Decibel_value >= 10){
  37   2              Num2_dat_arr[6] = Decibel_value / 10;
  38   2              Num2_dat_arr[7] = Decibel_value % 10;
  39   2          }
  40   1          if(Decibel_value < 10){
  41   2              Num2_dat_arr[6] = 11;
  42   2              Num2_dat_arr[7] = Decibel_value;
  43   2          }
  44   1      }
  45          
  46          void LED_Choose(){
  47   1          unsigned char i;
  48   1          if(S12_cnt % 2 == 0){
  49   2              Num1_Change();
  50   2              for(i = 0;i < 8;i++){
  51   3                  LED_dat_arr[i] = Num1_dat_arr[i];
  52   3              }
  53   2          }
  54   1          if(S12_cnt % 2 == 1){
C51 COMPILER V9.60.7.0   LED_DISPLAY                                                       02/12/2026 21:29:44 PAGE 2   

  55   2              Num2_Change();
  56   2              for(i = 0;i < 8;i++){
  57   3                  LED_dat_arr[i] = Num2_dat_arr[i];
  58   3              }
  59   2          }
  60   1      }
  61          
  62          void LED_Display_Show(){
  63   1          unsigned char com;
  64   1          unsigned char dat;
  65   1          for(com = 0;com < 8;com++){
  66   2              SEG(0xFF);
  67   2              COM(1<<com);
  68   2              dat = SEG_Table[LED_dat_arr[com]];
  69   2              if(S12_cnt % 2 == 0 && com == 6){
  70   3                  dat &= 0x7F;
  71   3              }
  72   2              SEG(dat);
  73   2              Delay50us();
  74   2          }
  75   1          COM(0xFF);
  76   1          SEG(0xFF);
  77   1      }


MODULE INFORMATION:   STATIC OVERLAYABLE
   CODE SIZE        =    349    ----
   CONSTANT SIZE    =     12    ----
   XDATA SIZE       =   ----    ----
   PDATA SIZE       =   ----    ----
   DATA SIZE        =     24       2
   IDATA SIZE       =   ----    ----
   BIT SIZE         =   ----    ----
END OF MODULE INFORMATION.


C51 COMPILATION COMPLETE.  0 WARNING(S),  0 ERROR(S)
