C51 COMPILER V9.60.7.0   MAIN                                                              02/12/2026 21:29:44 PAGE 1   


C51 COMPILER V9.60.7.0, COMPILATION OF MODULE MAIN
OBJECT MODULE PLACED IN .\Objects\main.obj
COMPILER INVOKED BY: C:\Keil_v5\C51\BIN\C51.EXE main.c OPTIMIZE(8,SPEED) BROWSE DEBUG OBJECTEXTEND PRINT(.\Listings\main
                    -.lst) OBJECT(.\Objects\main.obj)

line level    source

   1          #include <STC15F2K60S2.H>
   2          #include "Common.h"
   3          #include "KEY.h"
   4          #include "PCF8591.h"
   5          #include "LED.h"
   6          #include "LED_Display.h"
   7          #include "Timer.h"
   8          #include "Uart.h"
   9          
  10          void Init_MCU(){
  11   1          SEG(0xFF);
  12   1          LED(0xFF);
  13   1          BUZ(0x00);
  14   1          COM(0xFF);
  15   1          Uart_Init();
  16   1          Timer_Init();
  17   1      }
  18          
  19          void main(){
  20   1          Init_MCU();
  21   1          while(1){
  22   2              Read_Sound();
  23   2              Key_logic();
  24   2              Uart_ProcessRecv();
  25   2              LED_logic();
  26   2              LED_Choose();
  27   2              LED_Display_Show();
  28   2          }
  29   1      }


MODULE INFORMATION:   STATIC OVERLAYABLE
   CODE SIZE        =     85    ----
   CONSTANT SIZE    =   ----    ----
   XDATA SIZE       =   ----    ----
   PDATA SIZE       =   ----    ----
   DATA SIZE        =   ----    ----
   IDATA SIZE       =   ----    ----
   BIT SIZE         =   ----    ----
END OF MODULE INFORMATION.


C51 COMPILATION COMPLETE.  0 WARNING(S),  0 ERROR(S)
