C51 COMPILER V9.60.7.0   TIMER                                                             02/12/2026 21:29:44 PAGE 1   


C51 COMPILER V9.60.7.0, COMPILATION OF MODULE TIMER
OBJECT MODULE PLACED IN .\Objects\Timer.obj
COMPILER INVOKED BY: C:\Keil_v5\C51\BIN\C51.EXE Timer.c OPTIMIZE(8,SPEED) BROWSE DEBUG OBJECTEXTEND PRINT(.\Listings\Tim
                    -er.lst) OBJECT(.\Objects\Timer.obj)

line level    source

   1          #include <STC15F2K60S2.H>
   2          #include "KEY.h"
   3          
   4          unsigned int LED_cnt1 = 0;
   5          unsigned int LED_cnt2 = 0;
   6          unsigned int Sound_cnt = 0;
   7          
   8          void Timer_Isr(void) interrupt 1
   9          {
  10   1          if(++LED_cnt1 >= 100 && S12_cnt % 2 == 0){
  11   2              LED_cnt1 = 0;
  12   2          }
  13   1          if(++LED_cnt1 >= 100 && S12_cnt % 2 == 1){
  14   2              LED_cnt2 = 0;
  15   2          }
  16   1          if(++Sound_cnt == 100){
  17   2              Sound_cnt = 0;
  18   2          }
  19   1      }
  20          
  21          void Timer_Init(void)           //1毫秒@12.000MHz
  22          {
  23   1              AUXR |= 0x80;                   //定时器时钟1T模式
  24   1              TMOD &= 0xF0;                   //设置定时器模式
  25   1              TL0 = 0x20;                             //设置定时初始值
  26   1              TH0 = 0xD1;                             //设置定时初始值
  27   1              TF0 = 0;                                //清除TF0标志
  28   1              TR0 = 1;                                //定时器0开始计时
  29   1              ET0 = 1;                                //使能定时器0中断
  30   1          EA = 1;                                 //使能总中断
  31   1      }


MODULE INFORMATION:   STATIC OVERLAYABLE
   CODE SIZE        =    104    ----
   CONSTANT SIZE    =   ----    ----
   XDATA SIZE       =   ----    ----
   PDATA SIZE       =   ----    ----
   DATA SIZE        =      6    ----
   IDATA SIZE       =   ----    ----
   BIT SIZE         =   ----    ----
END OF MODULE INFORMATION.


C51 COMPILATION COMPLETE.  0 WARNING(S),  0 ERROR(S)
