C51 COMPILER V9.60.7.0   LED                                                               02/23/2026 13:43:17 PAGE 1   


C51 COMPILER V9.60.7.0, COMPILATION OF MODULE LED
OBJECT MODULE PLACED IN .\Objects\LED.obj
COMPILER INVOKED BY: C:\Keil_v5\C51\BIN\C51.EXE LED.c OPTIMIZE(8,SPEED) BROWSE DEBUG OBJECTEXTEND PRINT(.\Listings\LED.l
                    -st) OBJECT(.\Objects\LED.obj)

line level    source

   1          #include <STC15F2K60S2.H>
   2          #include "Common.h"
   3          #include "KEY.h"
   4          
   5          unsigned char LED_value = 0xFF;
   6          
   7          void LED_login(){
   8   1          unsigned char dat = S12_cnt % 2;
   9   1          switch(dat){
  10   2              case 0:
  11   2                  LED_value = 0xFE;
  12   2                  break;
  13   2              case 1:
  14   2                  LED_value = 0xFD;
  15   2                  break;
  16   2          }
  17   1          LED(LED_value);
  18   1      }


MODULE INFORMATION:   STATIC OVERLAYABLE
   CODE SIZE        =     33    ----
   CONSTANT SIZE    =   ----    ----
   XDATA SIZE       =   ----    ----
   PDATA SIZE       =   ----    ----
   DATA SIZE        =      1    ----
   IDATA SIZE       =   ----    ----
   BIT SIZE         =   ----    ----
END OF MODULE INFORMATION.


C51 COMPILATION COMPLETE.  0 WARNING(S),  0 ERROR(S)
