C51 COMPILER V9.60.7.0   MAIN                                                              02/23/2026 13:43:17 PAGE 1   


C51 COMPILER V9.60.7.0, COMPILATION OF MODULE MAIN
OBJECT MODULE PLACED IN .\Objects\main.obj
COMPILER INVOKED BY: C:\Keil_v5\C51\BIN\C51.EXE main.c OPTIMIZE(8,SPEED) BROWSE DEBUG OBJECTEXTEND PRINT(.\Listings\main
                    -.lst) OBJECT(.\Objects\main.obj)

line level    source

   1          #include <STC15F2K60S2.H>
   2          #include "Common.h"
   3          #include "Timer.h"
   4          #include "Delay.h"
   5          #include "IIC.h"
   6          #include "PCF8591.h"
   7          #include "KEY.h"
   8          #include "LED.h"
   9          #include "LED_Display.h"
  10          #include "NE555.h"
  11          
  12          void Init_MCU(){
  13   1          SEG(0xFF);
  14   1          LED(0xFF);
  15   1          COM(0xFF);
  16   1          BUZ(0xFF);
  17   1          REY(0xFF);
  18   1          Timer0_Init();
  19   1          Timer1_Init();
  20   1      }
  21          
  22          void main(){
  23   1          Init_MCU();
  24   1          while(1){
  25   2              Key_login();
  26   2              Light_login();
  27   2              NE555_login();
  28   2              LED_login();
  29   2              LED_Display_Choose();
  30   2              LED_Display_Show();
  31   2                      LED_Display_Show();
  32   2                      LED_Display_Show();
  33   2          }
  34   1      }


MODULE INFORMATION:   STATIC OVERLAYABLE
   CODE SIZE        =    105    ----
   CONSTANT SIZE    =   ----    ----
   XDATA SIZE       =   ----    ----
   PDATA SIZE       =   ----    ----
   DATA SIZE        =   ----    ----
   IDATA SIZE       =   ----    ----
   BIT SIZE         =   ----    ----
END OF MODULE INFORMATION.


C51 COMPILATION COMPLETE.  0 WARNING(S),  0 ERROR(S)
