C51 COMPILER V9.60.7.0   NE555                                                             02/23/2026 13:43:18 PAGE 1   


C51 COMPILER V9.60.7.0, COMPILATION OF MODULE NE555
OBJECT MODULE PLACED IN .\Objects\NE555.obj
COMPILER INVOKED BY: C:\Keil_v5\C51\BIN\C51.EXE NE555.c OPTIMIZE(8,SPEED) BROWSE DEBUG OBJECTEXTEND PRINT(.\Listings\NE5
                    -55.lst) OBJECT(.\Objects\NE555.obj)

line level    source

   1          #include <STC15F2K60S2.H>
   2          #include "Timer.h"
   3          
   4          int NE555_value = 0;
   5          
   6          void Timer0_Init(void)          //1毫秒@12.000MHz
   7          {
   8   1              AUXR &= 0x7F;                   //定时器时钟12T模式
   9   1              TMOD &= 0xF0;                   //设置定时器模式
  10   1              TMOD |= 0x05;                   //设置定时器模式
  11   1              TL0 = 0x00;                             //设置定时初始值
  12   1              TH0 = 0x00;                             //设置定时初始值
  13   1              TF0 = 0;                                //清除TF0标志
  14   1              TR0 = 1;                                //定时器0开始计时
  15   1      }
  16          
  17          void NE555_login(){
  18   1          if(NE555_cnt >= 1000){
  19   2              NE555_value = (TH0 << 8) | TL0;
  20   2              NE555_cnt = 0;
  21   2              TH0 = 0;
  22   2              TL0 = 0;
  23   2          }
  24   1      }


MODULE INFORMATION:   STATIC OVERLAYABLE
   CODE SIZE        =     50    ----
   CONSTANT SIZE    =   ----    ----
   XDATA SIZE       =   ----    ----
   PDATA SIZE       =   ----    ----
   DATA SIZE        =      2    ----
   IDATA SIZE       =   ----    ----
   BIT SIZE         =   ----    ----
END OF MODULE INFORMATION.


C51 COMPILATION COMPLETE.  0 WARNING(S),  0 ERROR(S)
