C51 COMPILER V9.60.7.0   TIMER                                                             02/23/2026 13:43:18 PAGE 1   


C51 COMPILER V9.60.7.0, COMPILATION OF MODULE TIMER
OBJECT MODULE PLACED IN .\Objects\Timer.obj
COMPILER INVOKED BY: C:\Keil_v5\C51\BIN\C51.EXE Timer.c OPTIMIZE(8,SPEED) BROWSE DEBUG OBJECTEXTEND PRINT(.\Listings\Tim
                    -er.lst) OBJECT(.\Objects\Timer.obj)

line level    source

   1          #include <STC15F2K60S2.H>
   2          
   3          unsigned int NE555_cnt = 0;
   4          unsigned int Light_cnt = 0;
   5          
   6          void Timer1_Isr(void) interrupt 3
   7          {
   8   1          NE555_cnt++;
   9   1          Light_cnt++;
  10   1      }
  11          
  12          void Timer1_Init(void)          //1毫秒@12.000MHz
  13          {
  14   1              AUXR &= 0xBF;                   //定时器时钟12T模式
  15   1              TMOD &= 0x0F;                   //设置定时器模式
  16   1              TL1 = 0x18;                             //设置定时初始值
  17   1              TH1 = 0xFC;                             //设置定时初始值
  18   1              TF1 = 0;                                //清除TF1标志
  19   1              TR1 = 1;                                //定时器1开始计时
  20   1              ET1 = 1;                                //使能定时器1中断
  21   1              EA = 1;
  22   1      }


MODULE INFORMATION:   STATIC OVERLAYABLE
   CODE SIZE        =     42    ----
   CONSTANT SIZE    =   ----    ----
   XDATA SIZE       =   ----    ----
   PDATA SIZE       =   ----    ----
   DATA SIZE        =      4    ----
   IDATA SIZE       =   ----    ----
   BIT SIZE         =   ----    ----
END OF MODULE INFORMATION.


C51 COMPILATION COMPLETE.  0 WARNING(S),  0 ERROR(S)
