C51 COMPILER V9.60.7.0   KEY                                                               01/21/2026 16:13:58 PAGE 1   


C51 COMPILER V9.60.7.0, COMPILATION OF MODULE KEY
OBJECT MODULE PLACED IN .\Objects\KEY.obj
COMPILER INVOKED BY: C:\Keil_v5\C51\BIN\C51.EXE KEY.c OPTIMIZE(8,SPEED) BROWSE DEBUG OBJECTEXTEND PRINT(.\Listings\KEY.l
                    -st) OBJECT(.\Objects\KEY.obj)

line level    source

   1          #include <stc15f2k60s2.h>
   2          #include "Delay.h"
   3          
   4          sbit S4 = P3^3;
   5          
   6          unsigned char disp_mode = 1;
   7          
   8          unsigned char Key_Scan(){
   9   1              if(S4 == 0){
  10   2                      Delay500us(); // 短消抖（替代原500ms长延时，避免切换卡顿）
  11   2                      if(S4 == 0){
  12   3                              // 松手检测
  13   3                              while(S4 == 0);
  14   3                              // 模式切换：1→2→3→1循环
  15   3                              disp_mode++;
  16   3                              if(disp_mode > 3){
  17   4                                      disp_mode = 1;
  18   4                              }
  19   3                              return disp_mode;
  20   3                      }
  21   2              }
  22   1              return disp_mode; // 返回当前模式（无按键时保持原模式）
  23   1      }


MODULE INFORMATION:   STATIC OVERLAYABLE
   CODE SIZE        =     30    ----
   CONSTANT SIZE    =   ----    ----
   XDATA SIZE       =   ----    ----
   PDATA SIZE       =   ----    ----
   DATA SIZE        =      1    ----
   IDATA SIZE       =   ----    ----
   BIT SIZE         =   ----    ----
END OF MODULE INFORMATION.


C51 COMPILATION COMPLETE.  0 WARNING(S),  0 ERROR(S)
