C51 COMPILER V9.60.7.0   MAIN                                                              02/04/2026 14:16:43 PAGE 1   


C51 COMPILER V9.60.7.0, COMPILATION OF MODULE MAIN
OBJECT MODULE PLACED IN .\Objects\main.obj
COMPILER INVOKED BY: C:\Keil_v5\C51\BIN\C51.EXE main.c OPTIMIZE(8,SPEED) BROWSE DEBUG OBJECTEXTEND PRINT(.\Listings\main
                    -.lst) OBJECT(.\Objects\main.obj)

line level    source

   1          #include "stc15f2k60s2.h"
   2          #include "Common.h"
   3          #include "LED_Display.h"
   4          #include "DS1302.h"
   5          #include "DS18B20.h"
   6          #include "PCF8591.h"
   7          #include "Onewire.h"
   8          #include "IIC.h"
   9          #include "Delay.h"
  10          #include "KEY.h"
  11          
  12          void Init_MCU(){
  13   1              SetRTC();
  14   1              SEG(0xFF);
  15   1              COM(0xFF);
  16   1              LED(0xFF);
  17   1              BUZ(0x00);
  18   1              S4_cnt = 1;
  19   1              S8_password = 0;
  20   1      }
  21          
  22          void main(){
  23   1              Init_MCU();
  24   1              while(1){
  25   2                      Key_logic();
  26   2                      Time_Change();
  27   2                      Value_Change();
  28   2                      Select_Change();
  29   2                      LED_Display_Choose();
  30   2                      LED_Display_Show();
  31   2                      LED_Display_Show();
  32   2              }
  33   1      }


MODULE INFORMATION:   STATIC OVERLAYABLE
   CODE SIZE        =     94    ----
   CONSTANT SIZE    =   ----    ----
   XDATA SIZE       =   ----    ----
   PDATA SIZE       =   ----    ----
   DATA SIZE        =   ----    ----
   IDATA SIZE       =   ----    ----
   BIT SIZE         =   ----    ----
END OF MODULE INFORMATION.


C51 COMPILATION COMPLETE.  0 WARNING(S),  0 ERROR(S)
