C51 COMPILER V9.60.7.0   DISTRANCE                                                         02/17/2026 15:18:27 PAGE 1   


C51 COMPILER V9.60.7.0, COMPILATION OF MODULE DISTRANCE
OBJECT MODULE PLACED IN .\Objects\Distrance.obj
COMPILER INVOKED BY: C:\Keil_v5\C51\BIN\C51.EXE Distrance.c OPTIMIZE(8,SPEED) BROWSE DEBUG OBJECTEXTEND PRINT(.\Listings
                    -\Distrance.lst) OBJECT(.\Objects\Distrance.obj)

line level    source

   1          #include <STC15F2K60S2.H>
   2          #include "Timer.h"
   3          #include "Delay.h"
   4          #include "KEY.h"
   5          
   6          sbit TX = P1^0;
   7          sbit RX = P1^1;
   8          
   9          unsigned int sound_value = 0;
  10          bit sound_flag = 1;
  11          
  12          unsigned char Read_Distrance(){
  13   1          unsigned int dat = 0;
  14   1          unsigned char i;
  15   1          CMOD = 0x01;
  16   1          CCON = 0x00;
  17   1          CH = 0x00;
  18   1          CL = 0x00;
  19   1          for(i = 0;i < 8;i++){
  20   2              TX = 1;
  21   2              Delay12us();
  22   2              TX = 0;
  23   2              Delay12us();
  24   2          }
  25   1          CR = 1;
  26   1          while((RX == 1) && (CH <= 0x40));
  27   1          CR = 0;
  28   1          if(CH > 0x40){
  29   2              CF = 0;
  30   2              return 0;
  31   2          }
  32   1          dat = (CH << 8) | CL;
  33   1          return dat * 0.0172;
  34   1      }
  35          
  36          void Sound_login(){
  37   1          unsigned int dat = (unsigned int)Read_Distrance();
  38   1          if(sound_cnt == 200){
  39   2              sound_value = dat;
  40   2          }
  41   1          if((sound_value > Parameter_max || sound_value < Parameter_min) && sound_flag == 1){
  42   2              num++;
  43   2              sound_flag = 0;
  44   2          }
  45   1          if(sound_value <= Parameter_max && sound_value >= Parameter_min){
  46   2              sound_flag = 1;
  47   2          }
  48   1      }


MODULE INFORMATION:   STATIC OVERLAYABLE
   CODE SIZE        =    161    ----
   CONSTANT SIZE    =   ----    ----
   XDATA SIZE       =   ----    ----
C51 COMPILER V9.60.7.0   DISTRANCE                                                         02/17/2026 15:18:27 PAGE 2   

   PDATA SIZE       =   ----    ----
   DATA SIZE        =      2       3
   IDATA SIZE       =   ----    ----
   BIT SIZE         =      1    ----
END OF MODULE INFORMATION.


C51 COMPILATION COMPLETE.  0 WARNING(S),  0 ERROR(S)
