C51 COMPILER V9.60.7.0   LED                                                               02/17/2026 15:18:27 PAGE 1   


C51 COMPILER V9.60.7.0, COMPILATION OF MODULE LED
OBJECT MODULE PLACED IN .\Objects\LED.obj
COMPILER INVOKED BY: C:\Keil_v5\C51\BIN\C51.EXE LED.c OPTIMIZE(8,SPEED) BROWSE DEBUG OBJECTEXTEND PRINT(.\Listings\LED.l
                    -st) OBJECT(.\Objects\LED.obj)

line level    source

   1          #include <STC15F2K60S2.H>
   2          #include "Common.h"
   3          #include "KEY.h"
   4          #include "Timer.h"
   5          #include "Distrance.h"
   6          
   7          unsigned char LED_dat = 0xFF;
   8          
   9          void LED_login(){
  10   1          switch(S4_cnt){
  11   2              case 0:
  12   2                  LED_dat = 0xFE;
  13   2                  break;
  14   2              case 1:
  15   2                  LED_dat = 0xFD;
  16   2                  break;
  17   2              case 2:
  18   2                  LED_dat = 0xFB;
  19   2          }
  20   1          if(sound_value <= Parameter_max && sound_value >= Parameter_min){
  21   2              LED_dat &= 0x7F;
  22   2          }
  23   1          else{
  24   2              if(LED_cnt == 0){
  25   3                  if(LED_flag){
  26   4                      LED_dat &= 0x7F;
  27   4                  }
  28   3                  else{
  29   4                      LED_dat &= 0x80;
  30   4                  }
  31   3              }
  32   2          }
  33   1          LED(LED_dat);
  34   1      }


MODULE INFORMATION:   STATIC OVERLAYABLE
   CODE SIZE        =     81    ----
   CONSTANT SIZE    =   ----    ----
   XDATA SIZE       =   ----    ----
   PDATA SIZE       =   ----    ----
   DATA SIZE        =      1    ----
   IDATA SIZE       =   ----    ----
   BIT SIZE         =   ----    ----
END OF MODULE INFORMATION.


C51 COMPILATION COMPLETE.  0 WARNING(S),  0 ERROR(S)
