C51 COMPILER V9.60.7.0   MAIN                                                              02/17/2026 15:18:27 PAGE 1   


C51 COMPILER V9.60.7.0, COMPILATION OF MODULE MAIN
OBJECT MODULE PLACED IN .\Objects\main.obj
COMPILER INVOKED BY: C:\Keil_v5\C51\BIN\C51.EXE main.c OPTIMIZE(8,SPEED) BROWSE DEBUG OBJECTEXTEND PRINT(.\Listings\main
                    -.lst) OBJECT(.\Objects\main.obj)

line level    source

   1          #include <STC15F2K60S2.H>
   2          #include "Common.h"
   3          #include "Delay.h"
   4          #include "Timer.h"
   5          #include "Distrance.h"
   6          #include "LED_Display.h"
   7          #include "LED.h"
   8          #include "KEY.h"
   9          #include "PCF8591.h"
  10          
  11          void Init_MCU(){
  12   1          LED(0xFF);
  13   1          SEG(0xFF);
  14   1          COM(0xFF);
  15   1          BUZ(0x00);
  16   1          REY(0x00);
  17   1          Timer0_Init();
  18   1      }
  19          
  20          void main(){
  21   1          Init_MCU();
  22   1          while(1){
  23   2              Key_login();
  24   2              Sound_login();
  25   2              LED_login();
  26   2              ADC_login();
  27   2              LED_Display_Choose();
  28   2              LED_Display_Show();
  29   2          }
  30   1      }


MODULE INFORMATION:   STATIC OVERLAYABLE
   CODE SIZE        =     96    ----
   CONSTANT SIZE    =   ----    ----
   XDATA SIZE       =   ----    ----
   PDATA SIZE       =   ----    ----
   DATA SIZE        =   ----    ----
   IDATA SIZE       =   ----    ----
   BIT SIZE         =   ----    ----
END OF MODULE INFORMATION.


C51 COMPILATION COMPLETE.  0 WARNING(S),  0 ERROR(S)
