C51 COMPILER V9.60.7.0   PCF8591                                                           02/17/2026 15:18:27 PAGE 1   


C51 COMPILER V9.60.7.0, COMPILATION OF MODULE PCF8591
OBJECT MODULE PLACED IN .\Objects\PCF8591.obj
COMPILER INVOKED BY: C:\Keil_v5\C51\BIN\C51.EXE PCF8591.c OPTIMIZE(8,SPEED) BROWSE DEBUG OBJECTEXTEND PRINT(.\Listings\P
                    -CF8591.lst) OBJECT(.\Objects\PCF8591.obj)

line level    source

   1          #include <STC15F2K60S2.H>
   2          #include "IIC.h"
   3          #include "Timer.h"
   4          
   5          float ADC_value = 0;
   6          
   7          float Read_ADC(){
   8   1          float dat = 0.0;
   9   1          I2CStart();
  10   1          I2CSendByte(0x90);
  11   1          I2CWaitAck();
  12   1          I2CSendByte(0x03);
  13   1          I2CWaitAck();
  14   1          I2CStop();
  15   1      
  16   1          I2CStart();
  17   1          I2CSendByte(0x91);
  18   1          I2CWaitAck();
  19   1          dat = I2CReceiveByte();
  20   1          I2CWaitAck();
  21   1          I2CStop();
  22   1      
  23   1          return dat / 255.0 * 5.0;
  24   1      }
  25          
  26          void ADC_login(){
  27   1          float dat = Read_ADC();
  28   1          if(ADC_cnt == 100){
  29   2              ADC_value = dat;
  30   2          }
  31   1      }


MODULE INFORMATION:   STATIC OVERLAYABLE
   CODE SIZE        =    113    ----
   CONSTANT SIZE    =   ----    ----
   XDATA SIZE       =   ----    ----
   PDATA SIZE       =   ----    ----
   DATA SIZE        =      4       4
   IDATA SIZE       =   ----    ----
   BIT SIZE         =   ----    ----
END OF MODULE INFORMATION.


C51 COMPILATION COMPLETE.  0 WARNING(S),  0 ERROR(S)
