C51 COMPILER V9.60.7.0   TIMER                                                             02/17/2026 15:18:27 PAGE 1   


C51 COMPILER V9.60.7.0, COMPILATION OF MODULE TIMER
OBJECT MODULE PLACED IN .\Objects\Timer.obj
COMPILER INVOKED BY: C:\Keil_v5\C51\BIN\C51.EXE Timer.c OPTIMIZE(8,SPEED) BROWSE DEBUG OBJECTEXTEND PRINT(.\Listings\Tim
                    -er.lst) OBJECT(.\Objects\Timer.obj)

line level    source

   1          #include <STC15F2K60S2.H>
   2          
   3          unsigned int sound_cnt = 0;
   4          unsigned int ADC_cnt = 0;
   5          unsigned int LED_cnt = 0;
   6          bit LED_flag = 0;
   7          
   8          void Timer0_Isr(void) interrupt 1
   9          {
  10   1          if(++sound_cnt == 200){
  11   2              sound_cnt = 0;
  12   2          }
  13   1              if(++ADC_cnt == 100){
  14   2                      ADC_cnt = 0;
  15   2              }
  16   1              if(++LED_cnt == 100){
  17   2                      LED_cnt = 0;
  18   2                      LED_flag = !LED_flag;
  19   2              }
  20   1      }
  21          
  22          void Timer0_Init(void)          //1毫秒@12.000MHz
  23          {
  24   1              AUXR |= 0x80;                   //定时器时钟1T模式
  25   1              TMOD &= 0xF0;                   //设置定时器模式
  26   1              TL0 = 0x20;                             //设置定时初始值
  27   1              TH0 = 0xD1;                             //设置定时初始值
  28   1              TF0 = 0;                                //清除TF0标志
  29   1              TR0 = 1;                                //定时器0开始计时
  30   1              ET0 = 1;                                //使能定时器0中断
  31   1          EA = 1;
  32   1      }


MODULE INFORMATION:   STATIC OVERLAYABLE
   CODE SIZE        =     82    ----
   CONSTANT SIZE    =   ----    ----
   XDATA SIZE       =   ----    ----
   PDATA SIZE       =   ----    ----
   DATA SIZE        =      6    ----
   IDATA SIZE       =   ----    ----
   BIT SIZE         =      1    ----
END OF MODULE INFORMATION.


C51 COMPILATION COMPLETE.  0 WARNING(S),  0 ERROR(S)
