C51 COMPILER V9.60.7.0   LED_DISPLAY                                                       01/22/2026 13:56:06 PAGE 1   


C51 COMPILER V9.60.7.0, COMPILATION OF MODULE LED_DISPLAY
OBJECT MODULE PLACED IN .\Objects\LED_Display.obj
COMPILER INVOKED BY: C:\Keil_v5\C51\BIN\C51.EXE LED_Display.c OPTIMIZE(8,SPEED) BROWSE DEBUG OBJECTEXTEND PRINT(.\Listin
                    -gs\LED_Display.lst) OBJECT(.\Objects\LED_Display.obj)

line level    source

   1          #include <stc15f2k60s2.h>
   2          #include "Uart.h"
   3          #include "Common.h"
   4          #include "LED.h"
   5          #include "Delay.h"
   6          
   7          code unsigned char LED_Display_Value[4] = {
   8                  0xFF,
   9                  0x88,
  10                  0x92,
  11                  0x86
  12          };
  13          unsigned char Value[8] = {0,0,0,0,0,0,0,0};
  14          //定义全局变量，持久化存储当前显示值
  15          unsigned char current_display_num = 0;
  16          
  17          unsigned char Update_Display_Num(){
  18   1              unsigned char *num = Arr_Value();
  19   1              if(*num == 'A'){
  20   2                      current_display_num = 1;
  21   2              }
  22   1              else if(*num == 'S'){
  23   2                      current_display_num = 2;
  24   2              }
  25   1              else if(*num != 'A'&&*num == 'S'&&*num != '\0'){
  26   2                      current_display_num = 3;
  27   2              }
  28   1              else{
  29   2                      current_display_num = 0;
  30   2              }
  31   1              return current_display_num;
  32   1      }
  33          
  34          // 使用全局变量current_display_num
  35          void LED_Display_Show(){
  36   1              unsigned char i;
  37   1              unsigned char com = 0;
  38   1              unsigned char dat;
  39   1              unsigned char num = Update_Display_Num(); // 读取全局变量
  40   1              
  41   1              Value[7] = num;
  42   1              for(i = 0;i < 8;i++){
  43   2                      SEG(0xFF); // 消影
  44   2                      COM(0x00);
  45   2                      COM(1<<com);
  46   2                      dat = LED_Display_Value[Value[i]];
  47   2                      SEG(dat);
  48   2                      com++;
  49   2              }
  50   1              
  51   1              // LED逻辑保持不变
  52   1              if(num == 1){
  53   2                      LED(LED_Value[0]);
  54   2              }else if(num == 2){
C51 COMPILER V9.60.7.0   LED_DISPLAY                                                       01/22/2026 13:56:06 PAGE 2   

  55   2                      LED(LED_Value[1]);
  56   2              }else{
  57   2                      LED(0xFF);
  58   2              }
  59   1              
  60   1              // 消影
  61   1              com = 0;
  62   1              SEG(0xFF);
  63   1              COM(0x00);
  64   1      }


MODULE INFORMATION:   STATIC OVERLAYABLE
   CODE SIZE        =    211    ----
   CONSTANT SIZE    =      4    ----
   XDATA SIZE       =   ----    ----
   PDATA SIZE       =   ----    ----
   DATA SIZE        =      9       1
   IDATA SIZE       =   ----    ----
   BIT SIZE         =   ----    ----
END OF MODULE INFORMATION.


C51 COMPILATION COMPLETE.  0 WARNING(S),  0 ERROR(S)
