C51 COMPILER V9.60.7.0   MAIN                                                              01/22/2026 13:56:06 PAGE 1   


C51 COMPILER V9.60.7.0, COMPILATION OF MODULE MAIN
OBJECT MODULE PLACED IN .\Objects\main.obj
COMPILER INVOKED BY: C:\Keil_v5\C51\BIN\C51.EXE main.c OPTIMIZE(8,SPEED) BROWSE DEBUG OBJECTEXTEND PRINT(.\Listings\main
                    -.lst) OBJECT(.\Objects\main.obj)

line level    source

   1          #include <stc15f2k60s2.h>
   2          #include "LED_Display.h"
   3          #include "LED.h"
   4          #include "Delay.h"
   5          #include "Uart.h"
   6          #include "Common.h"
   7          
   8          void Init_MCU(){
   9   1              system_init();
  10   1              SEG(0xFF);
  11   1              COM(0xFF);
  12   1              BUZ(0x00);
  13   1              LED(0xFF);
  14   1      }
  15          
  16          void main(){
  17   1              Init_MCU();
  18   1              while(1){
  19   2                      if(rx_complete_flag){ // 仅当串口接收完成时更新显示
  20   3                  LED_Display_Show();
  21   3                              rx_complete_flag = 0; // 显示完成后清零，避免重复执行
  22   3                  rx_cnt = 0;
  23   3              }
  24   2                      LED_Display_Show();
  25   2              }
  26   1      }


MODULE INFORMATION:   STATIC OVERLAYABLE
   CODE SIZE        =     79    ----
   CONSTANT SIZE    =   ----    ----
   XDATA SIZE       =   ----    ----
   PDATA SIZE       =   ----    ----
   DATA SIZE        =   ----    ----
   IDATA SIZE       =   ----    ----
   BIT SIZE         =   ----    ----
END OF MODULE INFORMATION.


C51 COMPILATION COMPLETE.  0 WARNING(S),  0 ERROR(S)
