C51 COMPILER V9.60.7.0   KEY                                                               01/21/2026 15:12:44 PAGE 1   


C51 COMPILER V9.60.7.0, COMPILATION OF MODULE KEY
OBJECT MODULE PLACED IN .\Objects\KEY.obj
COMPILER INVOKED BY: C:\Keil_v5\C51\BIN\C51.EXE KEY.c OPTIMIZE(8,SPEED) BROWSE DEBUG OBJECTEXTEND PRINT(.\Listings\KEY.l
                    -st) OBJECT(.\Objects\KEY.obj)

line level    source

   1          #include <stc15f2k60s2.h>
   2          #include "KEY.h"
   3          #include "Uart.h"
   4          #include "Delay.h"
   5          
   6          
   7          //按键扫描函数
   8          unsigned char Key_Scan(){
   9   1              P30 = 1;P31 = 1;P32 = 1;P33 = 0;
  10   1              // S4按键（P44）
  11   1              if(P44 == 0){
  12   2                      Delay500ms(); // 消抖
  13   2                      if(P44 == 0){ // 确认按键按下
  14   3                              while(P44 == 0); // 等待按键释放
  15   3                              return 1;
  16   3                      }
  17   2              }
  18   1              
  19   1              // S8按键（P42）
  20   1              if(P42 == 0){
  21   2                      Delay500ms();
  22   2                      if(P42 == 0){
  23   3                              while(P42 == 0);
  24   3                              return 2;
  25   3                      }
  26   2              }
  27   1              
  28   1              // S12按键（P35）
  29   1              if(P35 == 0){
  30   2                      Delay500ms();
  31   2                      if(P35 == 0){
  32   3                              while(P35 == 0);
  33   3                              return 3;
  34   3                      }
  35   2              }
  36   1              return 0;
  37   1      }


MODULE INFORMATION:   STATIC OVERLAYABLE
   CODE SIZE        =     56    ----
   CONSTANT SIZE    =   ----    ----
   XDATA SIZE       =   ----    ----
   PDATA SIZE       =   ----    ----
   DATA SIZE        =   ----    ----
   IDATA SIZE       =   ----    ----
   BIT SIZE         =   ----    ----
END OF MODULE INFORMATION.


C51 COMPILATION COMPLETE.  0 WARNING(S),  0 ERROR(S)
