C51 COMPILER V9.60.7.0   KEY                                                               04/05/2026 15:59:14 PAGE 1   


C51 COMPILER V9.60.7.0, COMPILATION OF MODULE KEY
OBJECT MODULE PLACED IN .\Objects\KEY.obj
COMPILER INVOKED BY: C:\Keil_v5\C51\BIN\C51.EXE KEY.c OPTIMIZE(8,SPEED) BROWSE DEBUG OBJECTEXTEND PRINT(.\Listings\KEY.l
                    -st) OBJECT(.\Objects\KEY.obj)

line level    source

   1          #include <STC15F2K60S2.H>
   2          #include "Delay.h"
   3          #include "PCF8591.h"
   4          
   5          unsigned char Key_value = 0;   //按键值
   6          unsigned char S4_cnt = 0;     //S4按键计数器
   7          unsigned char S5_cnt1 = 0;     //S5按键计数器
   8          unsigned char S5_cnt2 = 0;     //S5按键计数器
   9          unsigned char S5_cnt3 = 0;     //S5按键计数器
  10          
  11          void Key_Scan(){
  12   1          P44 = 0;P42 = 1;
  13   1          if(P33 == 0){   //S4
  14   2              Delay50us();
  15   2              if(P33 == 0){
  16   3                  Key_value = 1;
  17   3                  while(P33 == 0);
  18   3              }
  19   2          }
  20   1          if(P32 == 0){   //S5
  21   2              Delay50us();
  22   2              if(P32 == 0){
  23   3                  Key_value = 2;
  24   3                  while(P32 == 0);
  25   3              }
  26   2          }
  27   1          P44 = 1;P42 = 0;
  28   1          if(P33 == 0){   //S8
  29   2              Delay50us();
  30   2              if(P33 == 0){
  31   3                  Key_value = 3;
  32   3                  while(P33 == 0);
  33   3              }
  34   2          }
  35   1          if(P32 == 0){   //S9
  36   2              Delay50us();
  37   2              if(P32 == 0){
  38   3                  Key_value = 4;
  39   3                  while(P32 == 0);
  40   3              }
  41   2          }
  42   1      }
  43          
  44          void Key_login(){
  45   1          switch(Key_value){
  46   2              case 1:     //S4
  47   2                  S4_cnt += (S4_cnt + 1) % 3;
  48   2                  S5_cnt1 = 0;
  49   2                  S5_cnt2 = 0;
  50   2                  S5_cnt3 = 0;
  51   2                  break;
  52   2              case 2:     //S5
  53   2                  switch(S4_cnt){
  54   3                      case 0:
C51 COMPILER V9.60.7.0   KEY                                                               04/05/2026 15:59:14 PAGE 2   

  55   3                          S5_cnt1 += (S5_cnt1 + 1) % 4;
  56   3                          S5_cnt2 = 0;
  57   3                          S5_cnt3 = 0;
  58   3                          break;
  59   3                      case 1:
  60   3                          S5_cnt2 += (S5_cnt2 + 1) % 8;
  61   3                          S5_cnt1 = 0;
  62   3                          S5_cnt3 = 0;
  63   3                          break;
  64   3                      case 2:
  65   3                          S5_cnt3 += (S5_cnt3 + 1) % 5;
  66   3                          S5_cnt1 = 0;
  67   3                          S5_cnt2 = 0;
  68   3                          break;
  69   3                  }
  70   2                  break;
  71   2              case 3:     //S8
  72   2                  if(S4_cnt == 2){
  73   3                      RB2_value += 1;
  74   3                  }
  75   2                  break;
  76   2              case 4:     //S9
  77   2                  if(S4_cnt == 2){
  78   3                      RB2_value -= 1;
  79   3                  }
  80   2                  break;
  81   2              default:
  82   2                  break;
  83   2          }
  84   1      }


MODULE INFORMATION:   STATIC OVERLAYABLE
   CODE SIZE        =    206    ----
   CONSTANT SIZE    =   ----    ----
   XDATA SIZE       =   ----    ----
   PDATA SIZE       =   ----    ----
   DATA SIZE        =      5    ----
   IDATA SIZE       =   ----    ----
   BIT SIZE         =   ----    ----
END OF MODULE INFORMATION.


C51 COMPILATION COMPLETE.  0 WARNING(S),  0 ERROR(S)
