C51 COMPILER V9.60.7.0   NE555                                                             04/05/2026 15:59:14 PAGE 1   


C51 COMPILER V9.60.7.0, COMPILATION OF MODULE NE555
OBJECT MODULE PLACED IN .\Objects\NE555.obj
COMPILER INVOKED BY: C:\Keil_v5\C51\BIN\C51.EXE NE555.c OPTIMIZE(8,SPEED) BROWSE DEBUG OBJECTEXTEND PRINT(.\Listings\NE5
                    -55.lst) OBJECT(.\Objects\NE555.obj)

line level    source

   1          #include <STC15F2K60S2.H>
   2          #include "Timer.h"
*** ERROR C141 IN LINE 3 OF Timer.h: syntax error near ';', expected 'hdata'
   3          
   4          unsigned int NE555_value = 0;   //NE555测量的值
   5          unsigned int NE555_dat = 2000;  //NE555参数
   6          
   7          void Timer0_Init(void)          //1毫秒@12.000MHz
   8          {
   9   1              AUXR &= 0x7F;                   //定时器时钟12T模式
  10   1              TMOD &= 0xF0;                   //设置定时器模式
  11   1              TMOD |= 0x05;                   //设置定时器模式
  12   1              TL0 = 0x00;                             //设置定时初始值
  13   1              TH0 = 0x00;                             //设置定时初始值
  14   1              TF0 = 0;                                //清除TF0标志
  15   1              TR0 = 1;                                //定时器0开始计时
  16   1      }
  17          
  18          void NE555_login(){
  19   1          if(NE555_cnt >= 1000){
  20   2              NE555_value = (TH0 << 8) | TL0;   //读取计数器的值
  21   2                      TH0 = 0x00;
  22   2                      TL0 = 0x00;
  23   2              NE555_cnt = 0;   //重置计数器
  24   2          }
  25   1      }

C51 COMPILATION COMPLETE.  0 WARNING(S),  1 ERROR(S)
