C51 COMPILER V9.60.7.0   SOUND                                                             04/05/2026 15:59:13 PAGE 1   


C51 COMPILER V9.60.7.0, COMPILATION OF MODULE SOUND
OBJECT MODULE PLACED IN .\Objects\Sound.obj
COMPILER INVOKED BY: C:\Keil_v5\C51\BIN\C51.EXE Sound.c OPTIMIZE(8,SPEED) BROWSE DEBUG OBJECTEXTEND PRINT(.\Listings\Sou
                    -nd.lst) OBJECT(.\Objects\Sound.obj)

line level    source

   1          #include <STC15F2K60S2.H>
   2          #include "Delay.h"
   3          #include "Timer.h"
*** ERROR C141 IN LINE 3 OF Timer.h: syntax error near ';', expected 'hdata'
   4          
   5          sbit TX = P1^0;   //声音传感器连接到P1.0口
   6          sbit RX = P1^1;   //声音传感器连接到P1.1口
   7          
   8          unsigned int Sound_value = 0;   //测量的高度
   9          unsigned int Sound_speed = 0;   //测量的校准声音速度
  10          
  11          unsigned int Read_Sound(){
  12   1          unsigned char i;
  13   1          unsigned int value = 0;
  14   1          CMOD = 0X01;
  15   1          CCON = 0X00;
  16   1          CL = 0x00;
  17   1          CH = 0x00;
  18   1          for(i = 0;i < 8;i++){
  19   2              TX = 1;
  20   2              Delay12us();
  21   2              TX = 0;
  22   2              Delay12us();
  23   2          }
  24   1          CR = 1;
  25   1          while((RX == 1) && (CH <= 0x40));
  26   1          CR = 0;
  27   1          if(CH > 0x40){
  28   2              CF = 0;
  29   2              return 0;
  30   2          }
  31   1          value = (CH << 8) | CL;
  32   1      
  33   1          return (float)value * (float)Sound_speed / 20000.0f;
  34   1      }
  35          
  36          void Sound_login(){
  37   1          if(Sound_cnt >= 200){
  38   2              Sound_value = Read_Sound();
  39   2              Sound_cnt = 0;
  40   2          }
  41   1      }

C51 COMPILATION COMPLETE.  0 WARNING(S),  1 ERROR(S)
