C51 COMPILER V9.60.7.0   DELAY                                                             01/21/2026 19:01:20 PAGE 1   


C51 COMPILER V9.60.7.0, COMPILATION OF MODULE DELAY
OBJECT MODULE PLACED IN .\Objects\Delay.obj
COMPILER INVOKED BY: C:\Keil_v5\C51\BIN\C51.EXE Delay.c OPTIMIZE(8,SPEED) BROWSE DEBUG OBJECTEXTEND PRINT(.\Listings\Del
                    -ay.lst) OBJECT(.\Objects\Delay.obj)

line level    source

   1          #include <stc15f2k60s2.h>
   2          #include "intrins.h"
   3          
   4          void Delay100ms()               //@12.000MHz
   5          {
   6   1              unsigned char i, j;
   7   1      
   8   1              i = 195;
   9   1              j = 138;
  10   1              do
  11   1              {
  12   2                      while (--j);
  13   2              } while (--i);
  14   1      }
  15          
  16          
  17          void Delay500ms()               //@12.000MHz
  18          {
  19   1              unsigned char i, j, k;
  20   1      
  21   1              _nop_();
  22   1              i = 4;
  23   1              j = 205;
  24   1              k = 187;
  25   1              do
  26   1              {
  27   2                      do
  28   2                      {
  29   3                              while (--k);
  30   3                      } while (--j);
  31   2              } while (--i);
  32   1      }
  33          
  34          void Delay500us()               //@12.000MHz
  35          {
  36   1              unsigned char i, j;
  37   1              i = 6;
  38   1              j = 93;
  39   1              do
  40   1              {
  41   2                      while (--j);
  42   2              } while (--i);
  43   1      }
  44          
  45          void Delay2000ms(void)  //@12.000MHz
  46          {
  47   1              unsigned char data i, j, k;
  48   1      
  49   1              _nop_();
  50   1              _nop_();
  51   1              i = 92;
  52   1              j = 50;
  53   1              k = 238;
  54   1              do
C51 COMPILER V9.60.7.0   DELAY                                                             01/21/2026 19:01:20 PAGE 2   

  55   1              {
  56   2                      do
  57   2                      {
  58   3                              while (--k);
  59   3                      } while (--j);
  60   2              } while (--i);
  61   1      }


MODULE INFORMATION:   STATIC OVERLAYABLE
   CODE SIZE        =     47    ----
   CONSTANT SIZE    =   ----    ----
   XDATA SIZE       =   ----    ----
   PDATA SIZE       =   ----    ----
   DATA SIZE        =   ----    ----
   IDATA SIZE       =   ----    ----
   BIT SIZE         =   ----    ----
END OF MODULE INFORMATION.


C51 COMPILATION COMPLETE.  0 WARNING(S),  0 ERROR(S)
