C51 COMPILER V9.60.7.0   LED_DISPLAY                                                       01/21/2026 19:01:20 PAGE 1   


C51 COMPILER V9.60.7.0, COMPILATION OF MODULE LED_DISPLAY
OBJECT MODULE PLACED IN .\Objects\LED_Display.obj
COMPILER INVOKED BY: C:\Keil_v5\C51\BIN\C51.EXE LED_Display.c OPTIMIZE(8,SPEED) BROWSE DEBUG OBJECTEXTEND PRINT(.\Listin
                    -gs\LED_Display.lst) OBJECT(.\Objects\LED_Display.obj)

line level    source

   1          #include <stc15f2k60s2.h>
   2          #include "Key.h"
   3          #include "Delay.h"
   4          #include "Common.h"
   5          
   6          code unsigned char LED_Display_Value[11] = {
   7                  0xC0,//0
   8                  0xF9,//1
   9                  0xA4,//2
  10                  0xB0,//3
  11                  0x99,//4
  12                  0x92,//5
  13                  0x82,//6
  14                  0xF8,//7
  15                  0x80,//8
  16                  0x90,//9
  17                  0xFF //全灭
  18          };
  19          
  20          //数据转换函数
  21          unsigned char num_dat[8];
  22          void Num_Change(){
  23   1          unsigned char num = Number();
  24   1          unsigned char dat[8];
  25   1          unsigned char i = 0;
  26   1          unsigned char j = 0;
  27   1          // 初始化所有位为10（全灭）
  28   1          for(j = 0;j < 8;j++){
  29   2              dat[j] = 10;
  30   2          }
  31   1          // 拆分数字到dat[7-i]（从最低位开始填充）
  32   1          if(num == 0){
  33   2              dat[7] = 0; // 数字0显示在最后一位
  34   2          }else{
  35   2              while(num && i < 8){
  36   3                  dat[7 - i] = num % 10; // 个位→dat[7]，十位→dat[6]...
  37   3                  num /= 10;
  38   3                  i++;
  39   3              }
  40   2          }
  41   1          // 赋值给num_dat
  42   1          for(j = 0;j < 8;j++){
  43   2              num_dat[j] = dat[j];
  44   2          }
  45   1      }
  46          
  47          //数码管显示函数
  48          void LED_Display_Show(){
  49   1              unsigned char temp_dat;
  50   1              unsigned char com = 0;
  51   1              unsigned char i = 0;
  52   1              Num_Change();
  53   1              SEG(0xFF);
  54   1              COM(0x00);
C51 COMPILER V9.60.7.0   LED_DISPLAY                                                       01/21/2026 19:01:20 PAGE 2   

  55   1              for(i = 0;i < 8;i++){
  56   2                      COM(0x00);
  57   2                      COM(1<<com);
  58   2                      temp_dat = LED_Display_Value[num_dat[i]];
  59   2                      SEG(temp_dat);
  60   2                      Delay500us();
  61   2                      com++;
  62   2              }
  63   1              com = 0;
  64   1              COM(0x00);
  65   1              SEG(0xFF);
  66   1      }
  67          
  68          
  69          
  70          


MODULE INFORMATION:   STATIC OVERLAYABLE
   CODE SIZE        =    224    ----
   CONSTANT SIZE    =     11    ----
   XDATA SIZE       =   ----    ----
   PDATA SIZE       =   ----    ----
   DATA SIZE        =      8      11
   IDATA SIZE       =   ----    ----
   BIT SIZE         =   ----    ----
END OF MODULE INFORMATION.


C51 COMPILATION COMPLETE.  0 WARNING(S),  0 ERROR(S)
