C51 COMPILER V9.60.7.0   MAIN                                                              01/21/2026 19:01:20 PAGE 1   


C51 COMPILER V9.60.7.0, COMPILATION OF MODULE MAIN
OBJECT MODULE PLACED IN .\Objects\main.obj
COMPILER INVOKED BY: C:\Keil_v5\C51\BIN\C51.EXE main.c OPTIMIZE(8,SPEED) BROWSE DEBUG OBJECTEXTEND PRINT(.\Listings\main
                    -.lst) OBJECT(.\Objects\main.obj)

line level    source

   1          #include <stc15f2k60s2.h>
   2          #include "LED_Display.h"
   3          #include "Key.h"
   4          #include "Delay.h"
   5          #include "LED.h"
   6          #include "Common.h"
   7          
   8          // 定义初始化函数
   9          void Init_MCU(){
  10   1              LED(0xFF);
  11   1              SEG(0xFF);
  12   1              COM(0xFF);
  13   1              BUZ(0x00);
  14   1              Timer0_Init();
  15   1      }
  16          
  17          void main(){
  18   1              Init_MCU();
  19   1              while(1){
  20   2                      LED_Display_Show();
  21   2              }
  22   1      }


MODULE INFORMATION:   STATIC OVERLAYABLE
   CODE SIZE        =     67    ----
   CONSTANT SIZE    =   ----    ----
   XDATA SIZE       =   ----    ----
   PDATA SIZE       =   ----    ----
   DATA SIZE        =   ----    ----
   IDATA SIZE       =   ----    ----
   BIT SIZE         =   ----    ----
END OF MODULE INFORMATION.


C51 COMPILATION COMPLETE.  0 WARNING(S),  0 ERROR(S)
