C51 COMPILER V9.60.7.0   DISTANCE                                                          02/13/2026 15:15:28 PAGE 1   


C51 COMPILER V9.60.7.0, COMPILATION OF MODULE DISTANCE
OBJECT MODULE PLACED IN .\Objects\Distance.obj
COMPILER INVOKED BY: C:\Keil_v5\C51\BIN\C51.EXE Distance.c OPTIMIZE(8,SPEED) BROWSE DEBUG OBJECTEXTEND PRINT(.\Listings\
                    -Distance.lst) OBJECT(.\Objects\Distance.obj)

line level    source

   1          #include <STC15F2K60S2.H>
   2          #include "Delay.h"
   3          #include "Timer.h"
   4          
   5          sbit TX = P1^0;
   6          sbit RX = P1^1;
   7          
   8          int sound_dat = 0;
   9          
  10          //超声波测距
  11          unsigned char Distance_Value(){
  12   1          int sound = 0;
  13   1          unsigned char i;
  14   1          CMOD = 0x01;    //PCA使用系统时钟
  15   1          CCON = 0x00;    //清除PCA计数器
  16   1          CH = 0x00;      //清除PCA计数器
  17   1          CL = 0x00;      //清除PCA计数器
  18   1          for(i = 0;i < 8;i++){
  19   2              TX = 1;
  20   2              Delay12us();
  21   2              TX = 0;
  22   2              Delay12us();
  23   2          }
  24   1          CR = 1;         //启动PCA计数器
  25   1          while((RX == 1) && (CH <= 0x40)); //等待回声开始
  26   1          CR = 0;         //停止PCA计数器
  27   1          if(CH > 0x40){ //如果等待超时，返回0
  28   2              CF = 0; //清除PCA溢出标志
  29   2              return 0;
  30   2          }
  31   1          sound = (CH<<8) | CL; //记录高8位和低8位
  32   1          return sound * 0.0172; 
  33   1      }
  34          
  35          void Read_Sound(){
  36   1          if(sound_cnt == 199){
  37   2               sound_dat = Distance_Value();
  38   2          }
  39   1      }


MODULE INFORMATION:   STATIC OVERLAYABLE
   CODE SIZE        =    109    ----
   CONSTANT SIZE    =   ----    ----
   XDATA SIZE       =   ----    ----
   PDATA SIZE       =   ----    ----
   DATA SIZE        =      2       3
   IDATA SIZE       =   ----    ----
   BIT SIZE         =   ----    ----
END OF MODULE INFORMATION.


C51 COMPILATION COMPLETE.  0 WARNING(S),  0 ERROR(S)
