C51 COMPILER V9.60.7.0   KEY                                                               02/13/2026 15:15:28 PAGE 1   


C51 COMPILER V9.60.7.0, COMPILATION OF MODULE KEY
OBJECT MODULE PLACED IN .\Objects\KEY.obj
COMPILER INVOKED BY: C:\Keil_v5\C51\BIN\C51.EXE KEY.c OPTIMIZE(8,SPEED) BROWSE DEBUG OBJECTEXTEND PRINT(.\Listings\KEY.l
                    -st) OBJECT(.\Objects\KEY.obj)

line level    source

   1          #include <STC15F2K60S2.H>
   2          #include "Delay.h"
   3          #include "Uart.h"
   4          #include "Distance.h"
   5          
   6          unsigned char S4_cnt = 0;
   7          int sound_value = 30;
   8          
   9          unsigned char Key_Scan(){
  10   1          unsigned char key = 0;
  11   1          P32 = 0;P33 = 1;
  12   1          if(P42 == 0){
  13   2              Delay100ms();
  14   2              while(P42 == 0){
  15   3                  key = 1;
  16   3              }
  17   2          }
  18   1          P32 = 1;P33 = 0;
  19   1          if(P44 == 0){
  20   2              Delay100ms();
  21   2              while(P44 == 0){
  22   3                  key = 2;
  23   3              }
  24   2          }
  25   1          if(P42 == 0){
  26   2              Delay100ms();
  27   2              while(P42 == 0){
  28   3                  key = 3;
  29   3              }
  30   2          }
  31   1          if(P35 == 0){
  32   2              Delay100ms();
  33   2              while(P35 == 0){
  34   3                  key = 4;
  35   3              }
  36   2          }
  37   1          if(P34 == 0){
  38   2              Delay100ms();
  39   2              while(P34 == 0){
  40   3                  key = 5;
  41   3              }
  42   2          }
  43   1          return key;
  44   1      }
  45          
  46          void Key_login(){
  47   1          unsigned char key = Key_Scan();
  48   1          if(key == 1){
  49   2              if(S4_cnt % 2 == 0){
  50   3                  Uart_Send_dat();
  51   3              }
  52   2          }
  53   1          if(key == 2){
  54   2              S4_cnt = (S4_cnt + 1) % 2;
C51 COMPILER V9.60.7.0   KEY                                                               02/13/2026 15:15:28 PAGE 2   

  55   2          }
  56   1          if(key == 3){
  57   2              if(S4_cnt % 2== 0){
  58   3                  sound_value = sound_dat; 
  59   3              } 
  60   2          }
  61   1          if(key == 4){
  62   2              if(S4_cnt % 2 == 1){
  63   3                  sound_value += 10;
  64   3              }
  65   2          }
  66   1          if(key == 5){
  67   2              if(S4_cnt % 2 == 0){
  68   3                  if(sound_value >= 10){
  69   4                      sound_value -= 10;
  70   4                  }
  71   3              }
  72   2          }
  73   1      }


MODULE INFORMATION:   STATIC OVERLAYABLE
   CODE SIZE        =    187    ----
   CONSTANT SIZE    =   ----    ----
   XDATA SIZE       =   ----    ----
   PDATA SIZE       =   ----    ----
   DATA SIZE        =      3       2
   IDATA SIZE       =   ----    ----
   BIT SIZE         =   ----    ----
END OF MODULE INFORMATION.


C51 COMPILATION COMPLETE.  0 WARNING(S),  0 ERROR(S)
