C51 COMPILER V9.60.7.0   TIMER                                                             02/13/2026 15:15:28 PAGE 1   


C51 COMPILER V9.60.7.0, COMPILATION OF MODULE TIMER
OBJECT MODULE PLACED IN .\Objects\Timer.obj
COMPILER INVOKED BY: C:\Keil_v5\C51\BIN\C51.EXE Timer.c OPTIMIZE(8,SPEED) BROWSE DEBUG OBJECTEXTEND PRINT(.\Listings\Tim
                    -er.lst) OBJECT(.\Objects\Timer.obj)

line level    source

   1          #include <STC15F2K60S2.H>
   2          
   3          unsigned int sound_cnt = 0;
   4          unsigned int LED_cnt = 0;
   5          
   6          void Timer_Isr(void) interrupt 1
   7          {
   8   1          if(++sound_cnt == 200){
   9   2              sound_cnt = 0;
  10   2          }
  11   1              if(++LED_cnt == 4){
  12   2                      LED_cnt = 0;
  13   2              }
  14   1      }
  15          
  16          void Timer_Init(void)           //1毫秒@12.000MHz
  17          {
  18   1              AUXR |= 0x80;                   //定时器时钟1T模式
  19   1              TMOD &= 0xF0;                   //设置定时器模式
  20   1              TL0 = 0x20;                             //设置定时初始值
  21   1              TH0 = 0xD1;                             //设置定时初始值
  22   1              TF0 = 0;                                //清除TF0标志
  23   1              TR0 = 1;                                //定时器0开始计时
  24   1              ET0 = 1;                                //使能定时器0中断
  25   1          EA = 1;                 //使能总中断
  26   1      }


MODULE INFORMATION:   STATIC OVERLAYABLE
   CODE SIZE        =     62    ----
   CONSTANT SIZE    =   ----    ----
   XDATA SIZE       =   ----    ----
   PDATA SIZE       =   ----    ----
   DATA SIZE        =      4    ----
   IDATA SIZE       =   ----    ----
   BIT SIZE         =   ----    ----
END OF MODULE INFORMATION.


C51 COMPILATION COMPLETE.  0 WARNING(S),  0 ERROR(S)
