C51 COMPILER V9.60.7.0   KEY                                                               02/12/2026 16:16:32 PAGE 1   


C51 COMPILER V9.60.7.0, COMPILATION OF MODULE KEY
OBJECT MODULE PLACED IN .\Objects\KEY.obj
COMPILER INVOKED BY: C:\Keil_v5\C51\BIN\C51.EXE KEY.c OPTIMIZE(8,SPEED) BROWSE DEBUG OBJECTEXTEND PRINT(.\Listings\KEY.l
                    -st) OBJECT(.\Objects\KEY.obj)

line level    source

   1          #include <STC15F2K60S2.H>
   2          #include "Delay.h"
   3          
   4          unsigned char S4_cnt = 0;
   5          unsigned char S5_cnt = 0;
   6          int cali_dat = 0;
   7          int temp_dat = 26;
   8          
   9          //按键扫描函数
  10          unsigned char Key_Scan(){
  11   1          unsigned char key = 0;
  12   1          P33 = 0;P32 = 1;
  13   1          if(P44 == 0){
  14   2              Delay100ms();
  15   2              while(P44 == 0){
  16   3                  key = 1;
  17   3              }
  18   2          }
  19   1          if(P42 == 0){
  20   2              Delay100ms();
  21   2              while (P42 == 0){
  22   3                  key = 2;
  23   3              }
  24   2          }
  25   1          P33 = 1;P32 = 0;
  26   1          if(P44 == 0){
  27   2              Delay100ms();
  28   2              while(P44 == 0){
  29   3                  key = 3;
  30   3              }
  31   2          }
  32   1          if(P42 == 0){
  33   2              Delay100ms();
  34   2              while (P42 == 0){
  35   3                  key = 4;
  36   3              }
  37   2          }
  38   1          return key;
  39   1      }
  40          
  41          //按键逻辑函数
  42          void Key_login(){
  43   1          unsigned char key = Key_Scan();
  44   1          if(key == 1){
  45   2              S4_cnt = (S4_cnt + 1) % 3;
  46   2          }
  47   1          if(key == 2){
  48   2              if(S4_cnt % 3 == 1){
  49   3                  if(cali_dat > -99){
  50   4                      cali_dat--;
  51   4                  } 
  52   3              }
  53   2              if(S4_cnt % 3 == 2){
  54   3                  if(temp_dat > -99){
C51 COMPILER V9.60.7.0   KEY                                                               02/12/2026 16:16:32 PAGE 2   

  55   4                      temp_dat--;
  56   4                  } 
  57   3              }
  58   2          }
  59   1          if(key == 3){
  60   2              S5_cnt = (S5_cnt + 1) % 2;
  61   2          }
  62   1          if(key == 4){
  63   2              if(S4_cnt % 3 == 1){
  64   3                  if(cali_dat < 99){
  65   4                      cali_dat++;
  66   4                  }
  67   3              }
  68   2              if(S4_cnt % 3 == 2){
  69   3                  if(temp_dat < 99){
  70   4                      temp_dat++;
  71   4                  }
  72   3              }
  73   2          }
  74   1      }


MODULE INFORMATION:   STATIC OVERLAYABLE
   CODE SIZE        =    224    ----
   CONSTANT SIZE    =   ----    ----
   XDATA SIZE       =   ----    ----
   PDATA SIZE       =   ----    ----
   DATA SIZE        =      6       1
   IDATA SIZE       =   ----    ----
   BIT SIZE         =   ----    ----
END OF MODULE INFORMATION.


C51 COMPILATION COMPLETE.  0 WARNING(S),  0 ERROR(S)
