C51 COMPILER V9.60.7.0   LED                                                               02/12/2026 16:16:31 PAGE 1   


C51 COMPILER V9.60.7.0, COMPILATION OF MODULE LED
OBJECT MODULE PLACED IN .\Objects\LED.obj
COMPILER INVOKED BY: C:\Keil_v5\C51\BIN\C51.EXE LED.c OPTIMIZE(8,SPEED) BROWSE DEBUG OBJECTEXTEND PRINT(.\Listings\LED.l
                    -st) OBJECT(.\Objects\LED.obj)

line level    source

   1          #include <STC15F2K60S2.H>
   2          #include "KEY.h"
   3          #include "DS18B20.h"
   4          #include "Common.h"
   5          
   6          //LED逻辑函数
   7          void LED_login(){
   8   1          if(S4_cnt % 3 == 0){
   9   2              if(S5_cnt % 2 == 0 && temp_now + cali_dat * 10 > temp_dat * 10){
  10   3                  LED(0x76);
  11   3              }
  12   2              if(S5_cnt % 2 == 0 && temp_now + cali_dat * 10 <= temp_dat * 10){
  13   3                  LED(0xF6);
  14   3              }
  15   2              if(S5_cnt % 2 == 1 && temp_now + cali_dat * 10 >= temp_dat * 10){
  16   3                  LED(0xEE);
  17   3              }
  18   2              if(S5_cnt % 2 == 1 && temp_now + cali_dat * 10 < temp_dat * 10){
  19   3                  LED(0x6E);
  20   3              }
  21   2          }
  22   1          if(S4_cnt % 3 == 1){
  23   2              if(S5_cnt % 2 == 0 && temp_now + cali_dat * 10 > temp_dat * 10){
  24   3                  LED(0x75);
  25   3              }
  26   2              if(S5_cnt % 2 == 0 && temp_now + cali_dat * 10 <= temp_dat * 10){
  27   3                  LED(0xF5);
  28   3              }
  29   2              if(S5_cnt % 2 == 1 && temp_now + cali_dat * 10 >= temp_dat * 10){
  30   3                  LED(0xED);
  31   3              }
  32   2              if(S5_cnt % 2 == 1 && temp_now + cali_dat * 10 < temp_dat * 10){
  33   3                  LED(0x6D);
  34   3              }
  35   2          }
  36   1          if(S4_cnt % 3 == 2){
  37   2              if(S5_cnt % 2 == 0 && temp_now + cali_dat * 10 > temp_dat * 10){
  38   3                  LED(0x73);
  39   3              }
  40   2              if(S5_cnt % 2 == 0 && temp_now + cali_dat * 10 <= temp_dat * 10){
  41   3                  LED(0xF3);
  42   3              }
  43   2              if(S5_cnt % 2 == 1 && temp_now + cali_dat * 10 >= temp_dat * 10){
  44   3                  LED(0xEB);
  45   3              }
  46   2              if(S5_cnt % 2 == 1 && temp_now + cali_dat * 10 < temp_dat * 10){
  47   3                  LED(0x6B);
  48   3              }
  49   2          }
  50   1      }


MODULE INFORMATION:   STATIC OVERLAYABLE
   CODE SIZE        =    655    ----
C51 COMPILER V9.60.7.0   LED                                                               02/12/2026 16:16:31 PAGE 2   

   CONSTANT SIZE    =   ----    ----
   XDATA SIZE       =   ----    ----
   PDATA SIZE       =   ----    ----
   DATA SIZE        =   ----    ----
   IDATA SIZE       =   ----    ----
   BIT SIZE         =   ----    ----
END OF MODULE INFORMATION.


C51 COMPILATION COMPLETE.  0 WARNING(S),  0 ERROR(S)
