C51 COMPILER V9.60.7.0   LED_DISPLAY                                                       02/12/2026 16:16:31 PAGE 1   


C51 COMPILER V9.60.7.0, COMPILATION OF MODULE LED_DISPLAY
OBJECT MODULE PLACED IN .\Objects\LED_Display.obj
COMPILER INVOKED BY: C:\Keil_v5\C51\BIN\C51.EXE LED_Display.c OPTIMIZE(8,SPEED) BROWSE DEBUG OBJECTEXTEND PRINT(.\Listin
                    -gs\LED_Display.lst) OBJECT(.\Objects\LED_Display.obj)

line level    source

   1          #include <STC15F2K60S2.H>
   2          #include "Common.h"
   3          #include "Delay.h"
   4          #include "DS18B20.h"
   5          #include "KEY.h"
   6          
   7          code unsigned char SEG_Table[] = {
   8              0xC0,   
   9              0xF9,
  10              0xA4,
  11              0xB0,   
  12              0x99,
  13              0x92,
  14              0x82,
  15              0xF8,
  16              0x80,   
  17              0x90,
  18              0xBF,   //-
  19              0xC6,   //C
  20              0x86,   //E
  21              0x89,   //H
  22              0xFF    //全灭
  23          };
  24          
  25          unsigned char Num1_dat_arr[] = {11,14,14,14,14,14,14,14};
  26          unsigned char Num2_dat_arr[] = {12,14,14,14,14,14,14,14};
  27          unsigned char Num3_dat_arr[] = {13,14,14,14,14,14,14,14};
  28          unsigned char LED_Display_arr[] = {14,14,14,14,14,14,14,14};
  29          
  30          void Num1_Change(){
  31   1          int dat = temp_now + cali_dat * 10;
  32   1          if(dat >=100){
  33   2              Num1_dat_arr[5] = dat / 100;
  34   2              Num1_dat_arr[6] = dat % 100 / 10;
  35   2              Num1_dat_arr[7] = dat % 10;
  36   2          }
  37   1          if(dat >=10 && dat < 100){
  38   2              Num1_dat_arr[5] = 14;
  39   2              Num1_dat_arr[6] = dat / 10;
  40   2              Num1_dat_arr[7] = dat % 10;
  41   2          }
  42   1          if(dat >=0 && dat < 10){
  43   2              Num1_dat_arr[5] = 14;
  44   2              Num1_dat_arr[6] = 0;
  45   2              Num1_dat_arr[7] = dat % 10;
  46   2          }
  47   1      }
  48          
  49          void Num2_Change(){
  50   1          int dat = (-1) * cali_dat;
  51   1          if(cali_dat >= 0){
  52   2              if(cali_dat >= 10){
  53   3                  Num2_dat_arr[6] = cali_dat / 10;
  54   3                  Num2_dat_arr[7] = cali_dat % 10;
C51 COMPILER V9.60.7.0   LED_DISPLAY                                                       02/12/2026 16:16:31 PAGE 2   

  55   3              }
  56   2              if(cali_dat < 10){
  57   3                  Num2_dat_arr[6] = 14;
  58   3                  Num2_dat_arr[7] = cali_dat % 10;
  59   3              }
  60   2          }
  61   1          if(cali_dat < 0){
  62   2              if(dat >= 10){
  63   3                  Num2_dat_arr[5] = 10;
  64   3                  Num2_dat_arr[6] = dat / 10;
  65   3                  Num2_dat_arr[7] = dat % 10;
  66   3              }
  67   2              if(dat < 10){
  68   3                  Num2_dat_arr[5] = 14;
  69   3                  Num2_dat_arr[6] = 10;
  70   3                  Num2_dat_arr[7] = dat % 10;
  71   3              }
  72   2          }
  73   1      }
  74          
  75          void Num3_Change(){
  76   1          int dat = (-1) * temp_dat;
  77   1          if(temp_dat >= 0){
  78   2              if(temp_dat >= 10){
  79   3                  Num3_dat_arr[6] = temp_dat / 10;
  80   3                  Num3_dat_arr[7] = temp_dat % 10;
  81   3              }
  82   2              if(temp_dat < 10){
  83   3                  Num3_dat_arr[6] = 14;
  84   3                  Num3_dat_arr[7] = temp_dat % 10;
  85   3              }
  86   2          }
  87   1          if(temp_dat < 0){
  88   2              if(dat >= 10){
  89   3                  Num3_dat_arr[5] = 10;
  90   3                  Num3_dat_arr[6] = dat / 10;
  91   3                  Num3_dat_arr[7] = dat % 10;
  92   3              }
  93   2              if(dat < 10){
  94   3                  Num3_dat_arr[5] = 14;
  95   3                  Num3_dat_arr[6] = 10;
  96   3                  Num3_dat_arr[7] = dat % 10;
  97   3              }
  98   2          }
  99   1      }
 100          
 101          void LED_Dislay_Choose(){
 102   1          unsigned char i;
 103   1          if(S4_cnt % 3 == 0){
 104   2              Num1_Change();
 105   2              for(i = 0;i < 8;i++){
 106   3                  LED_Display_arr[i] = Num1_dat_arr[i];
 107   3              }
 108   2          }
 109   1          if(S4_cnt % 3 == 1){
 110   2              Num2_Change();
 111   2              for(i = 0;i < 8;i++){
 112   3                  LED_Display_arr[i] = Num2_dat_arr[i];
 113   3              }
 114   2          }
 115   1          if(S4_cnt % 3 == 2){
 116   2              Num3_Change();
C51 COMPILER V9.60.7.0   LED_DISPLAY                                                       02/12/2026 16:16:31 PAGE 3   

 117   2              for(i = 0;i < 8;i++){
 118   3                  LED_Display_arr[i] = Num3_dat_arr[i];
 119   3              }
 120   2          }
 121   1      }
 122          
 123          //数码管显示函数
 124          void LED_Display_Show(){
 125   1          unsigned char com;
 126   1          unsigned char dat;
 127   1          for(com = 0;com < 8;com++){
 128   2              SEG(0xFF);
 129   2              COM(1<<com);
 130   2              dat = SEG_Table[LED_Display_arr[com]];
 131   2              if(S4_cnt % 3 == 0 && com == 6){
 132   3                  dat &= 0x7F;
 133   3              }
 134   2              SEG(dat);
 135   2              Delay50us();
 136   2          }
 137   1          SEG(0xFF);
 138   1          COM(0xFF);
 139   1      }


MODULE INFORMATION:   STATIC OVERLAYABLE
   CODE SIZE        =    733    ----
   CONSTANT SIZE    =     15    ----
   XDATA SIZE       =   ----    ----
   PDATA SIZE       =   ----    ----
   DATA SIZE        =     32       2
   IDATA SIZE       =   ----    ----
   BIT SIZE         =   ----    ----
END OF MODULE INFORMATION.


C51 COMPILATION COMPLETE.  0 WARNING(S),  0 ERROR(S)
