C51 COMPILER V9.60.7.0   MAIN                                                              02/12/2026 16:16:31 PAGE 1   


C51 COMPILER V9.60.7.0, COMPILATION OF MODULE MAIN
OBJECT MODULE PLACED IN .\Objects\main.obj
COMPILER INVOKED BY: C:\Keil_v5\C51\BIN\C51.EXE main.c OPTIMIZE(8,SPEED) BROWSE DEBUG OBJECTEXTEND PRINT(.\Listings\main
                    -.lst) OBJECT(.\Objects\main.obj)

line level    source

   1          #include <STC15F2K60S2.H>
   2          #include "Common.h"
   3          #include "Delay.h"
   4          #include "DS18B20.h"
   5          #include "KEY.h"
   6          #include "LED_Display.h"
   7          #include "LED.h"
   8          #include "Timer.h"
   9          
  10          void Init_MCU(){
  11   1          SEG(0xFF);
  12   1          COM(0xFF);
  13   1          LED(0xFF);
  14   1          BUZ(0x00);
  15   1          S4_cnt = 0;
  16   1          S5_cnt = 0;
  17   1          temp_dat = 26;
  18   1          cali_dat = 0;
  19   1          Timer_Init();
  20   1      }
  21          
  22          void main(){
  23   1          Init_MCU();
  24   1          while(1){
  25   2              if(temp_cnt == 499){
  26   3                  Read_Temp();
  27   3              }
  28   2              Key_login();
  29   2              LED_login();
  30   2              LED_Dislay_Choose();
  31   2              LED_Display_Show();
  32   2          }
  33   1      }


MODULE INFORMATION:   STATIC OVERLAYABLE
   CODE SIZE        =    103    ----
   CONSTANT SIZE    =   ----    ----
   XDATA SIZE       =   ----    ----
   PDATA SIZE       =   ----    ----
   DATA SIZE        =   ----    ----
   IDATA SIZE       =   ----    ----
   BIT SIZE         =   ----    ----
END OF MODULE INFORMATION.


C51 COMPILATION COMPLETE.  0 WARNING(S),  0 ERROR(S)
