C51 COMPILER V9.60.7.0   MAIN                                                              02/05/2026 14:14:00 PAGE 1   


C51 COMPILER V9.60.7.0, COMPILATION OF MODULE MAIN
OBJECT MODULE PLACED IN .\Objects\main.obj
COMPILER INVOKED BY: C:\Keil_v5\C51\BIN\C51.EXE main.c OPTIMIZE(8,SPEED) BROWSE DEBUG OBJECTEXTEND PRINT(.\Listings\main
                    -.lst) OBJECT(.\Objects\main.obj)

line level    source

   1          #include <stc15f2k60s2.h>
   2          #include "LED.h"
   3          #include "Delay.h"
   4          #include "PCF8591.h"
   5          #include "IIC.h"
   6          #include "Uart.h"
   7          #include "Common.h"
   8          #include "LED_Display.h"
   9          
  10          void Init_MCU(){
  11   1              SEG(0xFF);
  12   1              LED(0xFF);
  13   1              COM(0xFF);
  14   1              BUZ(0x00);
  15   1              Uart_Init();
  16   1              LED_Display_flag = 3;
  17   1      }
  18          
  19          void main(){
  20   1              Init_MCU();
  21   1              while(1){
  22   2                      if(recv_flag){
  23   3                              LED_Display_flag = Uart_Choose();
  24   3                      }
  25   2                      LED_Display_Choose();
  26   2                      LED_Display_Show();
  27   2              }
  28   1      }


MODULE INFORMATION:   STATIC OVERLAYABLE
   CODE SIZE        =     82    ----
   CONSTANT SIZE    =   ----    ----
   XDATA SIZE       =   ----    ----
   PDATA SIZE       =   ----    ----
   DATA SIZE        =   ----    ----
   IDATA SIZE       =   ----    ----
   BIT SIZE         =   ----    ----
END OF MODULE INFORMATION.


C51 COMPILATION COMPLETE.  0 WARNING(S),  0 ERROR(S)
