C51 COMPILER V9.60.7.0   LED_DISPLAY                                                       01/18/2026 12:32:50 PAGE 1   


C51 COMPILER V9.60.7.0, COMPILATION OF MODULE LED_DISPLAY
OBJECT MODULE PLACED IN .\Objects\LED_Display.obj
COMPILER INVOKED BY: C:\Keil_v5\C51\BIN\C51.EXE LED_Display.c OPTIMIZE(8,SPEED) BROWSE DEBUG OBJECTEXTEND PRINT(.\Listin
                    -gs\LED_Display.lst) OBJECT(.\Objects\LED_Display.obj)

line level    source

   1          #include <stc15f2k60s2.h>
   2          #include "LED_Display.h"
   3          #include "Common.h"
   4          #include "DS1302.h"
   5          #include "Delay.h"
   6          #include "Key.h"
   7          
   8          // 创建数码管段码表数组
   9          code unsigned char LED_Display_NUM [11]= {
  10                  0xC0,//0
  11                  0xF9,//1
  12                  0xA4,//2
  13                  0xB0,//3
  14                  0x99,//4
  15                  0x92,//5
  16                  0x82,//6
  17                  0xF8,//7
  18                  0x80,//8
  19                  0x90,//9
  20                  0xBF //-
  21          };
  22          
  23          //数码管显示函数
  24          void LED_Dispaly_Show(){
  25   1              unsigned char com = 0;//位选移动变量
  26   1              unsigned char i = 0;  //数码管循环显示变量
  27   1              unsigned char j = 0;  //存储时间循环变量
  28   1              unsigned char *p_rtc = ReadRTC(); //接收参数
  29   1              unsigned char dat[8]; //定义缓冲区
  30   1              unsigned char dat1;       //临时存储区
  31   1              
  32   1              for(j = 0;j < 8;j++){
  33   2                      dat[j] = p_rtc[j];
  34   2              }
  35   1              
  36   1              //按键工作函数
  37   1              Key_Change(dat);
  38   1              
  39   1              SEG(0xFF);
  40   1              //循环显示8位数码管
  41   1              for(i = 0;i < 8;i++){
  42   2                      SEG(0xFF);
  43   2                      COM(1<<com);    //位选移动一位
  44   2                      dat1 = LED_Display_NUM[dat[i]];
  45   2                      SEG(dat1);//将缓冲区数据放入SEG显示函数
  46   2                      Delay500us();
  47   2                      com++;  //      位选加一        
  48   2              }
  49   1              com = 0;        //      循环结束后位选归零
  50   1              COM(0x00);  //  关闭位选
  51   1              SEG(0xFF);
  52   1      }


C51 COMPILER V9.60.7.0   LED_DISPLAY                                                       01/18/2026 12:32:50 PAGE 2   

MODULE INFORMATION:   STATIC OVERLAYABLE
   CODE SIZE        =    178    ----
   CONSTANT SIZE    =     11    ----
   XDATA SIZE       =   ----    ----
   PDATA SIZE       =   ----    ----
   DATA SIZE        =   ----      14
   IDATA SIZE       =   ----    ----
   BIT SIZE         =   ----    ----
END OF MODULE INFORMATION.


C51 COMPILATION COMPLETE.  0 WARNING(S),  0 ERROR(S)
