C51 COMPILER V9.60.7.0   LED                                                               02/15/2026 18:03:41 PAGE 1   


C51 COMPILER V9.60.7.0, COMPILATION OF MODULE LED
OBJECT MODULE PLACED IN .\Objects\LED.obj
COMPILER INVOKED BY: C:\Keil_v5\C51\BIN\C51.EXE LED.c OPTIMIZE(8,SPEED) BROWSE DEBUG OBJECTEXTEND PRINT(.\Listings\LED.l
                    -st) OBJECT(.\Objects\LED.obj)

line level    source

   1          #include <STC15F2K60S2.H>
   2          #include "Timer.h"
   3          #include "Common.h"
   4          
   5          void LED_login(){
   6   1          unsigned char led_out = 0xFF;
   7   1          
   8   1          if(LED1 == 1){
   9   2              led_out &= 0xFE;  
  10   2          }
  11   1          // L2对应P0.1（0=亮，1=灭）
  12   1          if(LED2 == 1){
  13   2              led_out &= 0xFD;  
  14   2          }
  15   1          // L8对应P0.7（0=亮，1=灭）
  16   1          if(LED8 == 1){
  17   2              led_out &= 0x7F;  
  18   2          }
  19   1      
  20   1          LED(led_out);
  21   1      }


MODULE INFORMATION:   STATIC OVERLAYABLE
   CODE SIZE        =     32    ----
   CONSTANT SIZE    =   ----    ----
   XDATA SIZE       =   ----    ----
   PDATA SIZE       =   ----    ----
   DATA SIZE        =   ----    ----
   IDATA SIZE       =   ----    ----
   BIT SIZE         =   ----    ----
END OF MODULE INFORMATION.


C51 COMPILATION COMPLETE.  0 WARNING(S),  0 ERROR(S)
