C51 COMPILER V9.60.7.0   MAIN                                                              02/15/2026 18:03:40 PAGE 1   


C51 COMPILER V9.60.7.0, COMPILATION OF MODULE MAIN
OBJECT MODULE PLACED IN .\Objects\main.obj
COMPILER INVOKED BY: C:\Keil_v5\C51\BIN\C51.EXE main.c OPTIMIZE(8,SPEED) BROWSE DEBUG OBJECTEXTEND PRINT(.\Listings\main
                    -.lst) OBJECT(.\Objects\main.obj)

line level    source

   1          #include <STC15F2K60S2.H>
   2          #include "Common.h"
   3          #include "Timer.h"
   4          #include "LED.h"
   5          
   6          void Init_MCU(){
   7   1          LED(0xFF);
   8   1          SEG(0xFF);
   9   1          COM(0xFF);
  10   1          BUZ(0xFF);
  11   1          Timer_Init();
  12   1      }
  13          
  14          void main(){
  15   1          Init_MCU();
  16   1          while(1){
  17   2              LED_login();
  18   2          }
  19   1      }


MODULE INFORMATION:   STATIC OVERLAYABLE
   CODE SIZE        =     67    ----
   CONSTANT SIZE    =   ----    ----
   XDATA SIZE       =   ----    ----
   PDATA SIZE       =   ----    ----
   DATA SIZE        =   ----    ----
   IDATA SIZE       =   ----    ----
   BIT SIZE         =   ----    ----
END OF MODULE INFORMATION.


C51 COMPILATION COMPLETE.  0 WARNING(S),  0 ERROR(S)
