C51 COMPILER V9.60.7.0   TIMER                                                             02/15/2026 18:03:41 PAGE 1   


C51 COMPILER V9.60.7.0, COMPILATION OF MODULE TIMER
OBJECT MODULE PLACED IN .\Objects\Timer.obj
COMPILER INVOKED BY: C:\Keil_v5\C51\BIN\C51.EXE Timer.c OPTIMIZE(8,SPEED) BROWSE DEBUG OBJECTEXTEND PRINT(.\Listings\Tim
                    -er.lst) OBJECT(.\Objects\Timer.obj)

line level    source

   1          #include <STC15F2K60S2.H>
   2          
   3          int LED_cnt = 0;
   4          bit LED1 = 1;
   5          bit LED2 = 0;
   6          bit LED8 = 0;  // L8初始熄灭
   7          
   8          void Timer_Isr(void) interrupt 1
   9          {
  10   1          LED_cnt++;
  11   1          // 100ms（0.1秒）：切换L8状态
  12   1          if(LED_cnt % 100 == 0){
  13   2              LED8 = ~LED8;  // 取反切换亮灭
  14   2          }
  15   1          // 1000ms（1秒）：切换L1/L2状态
  16   1          if(LED_cnt == 1000){
  17   2              LED_cnt = 0;   // 重置计数器
  18   2              // L1亮 → 切L2亮；L2亮 → 切L1亮
  19   2              if(LED1 == 1){
  20   3                  LED1 = 0;
  21   3                  LED2 = 1;
  22   3              }else{
  23   3                  LED1 = 1;
  24   3                  LED2 = 0;
  25   3              }
  26   2          }
  27   1      }
  28          
  29          void Timer_Init(void)           //1毫秒@12.000MHz
  30          {
  31   1          AUXR |= 0x80;                       //定时器时钟1T模式
  32   1          TMOD &= 0xF0;                       //设置定时器模式
  33   1          TL0 = 0x20;                         //设置定时初始值
  34   1          TH0 = 0xD1;                         //设置定时初始值
  35   1          TF0 = 0;                            //清除TF0标志
  36   1          TR0 = 1;                            //定时器0开始计时
  37   1          ET0 = 1;                            //使能定时器0中断
  38   1          EA = 1;                                     //开启总中断
  39   1      }


MODULE INFORMATION:   STATIC OVERLAYABLE
   CODE SIZE        =    110    ----
   CONSTANT SIZE    =   ----    ----
   XDATA SIZE       =   ----    ----
   PDATA SIZE       =   ----    ----
   DATA SIZE        =      2    ----
   IDATA SIZE       =   ----    ----
   BIT SIZE         =      3    ----
END OF MODULE INFORMATION.


C51 COMPILATION COMPLETE.  0 WARNING(S),  0 ERROR(S)
