C51 COMPILER V9.60.7.0   MAIN                                                              01/27/2026 12:55:38 PAGE 1   


C51 COMPILER V9.60.7.0, COMPILATION OF MODULE MAIN
OBJECT MODULE PLACED IN .\Objects\main.obj
COMPILER INVOKED BY: C:\Keil_v5\C51\BIN\C51.EXE main.c OPTIMIZE(8,SPEED) BROWSE DEBUG OBJECTEXTEND PRINT(.\Listings\main
                    -.lst) OBJECT(.\Objects\main.obj)

line level    source

   1          #include <stc15f2k60s2.h>
   2          #include "LED_Display.h"
   3          #include "Onewire.h"
   4          #include "DS18B20.h"
   5          #include "Delay.h"
   6          #include "Common.h"
   7          
   8          void Init_MCU(){
   9   1              SEG(0xFF);
  10   1              COM(0xFF);
  11   1              BUZ(0x00);
  12   1              LED(0xFF);
  13   1              Temp_Now = 0;
  14   1              Temp_Min = 99;
  15   1              Temp_Max = 0;
  16   1      }
  17          
  18          void main(){
  19   1              Init_MCU();
  20   1              while(1){
  21   2                      Temp_Change();
  22   2                      LED_Display_Show();
  23   2                      LED_Display_Show();
  24   2                      LED_Display_Show();
  25   2                      LED_Display_Show();
  26   2                      LED_Display_Show();
  27   2                      LED_Display_Show();
  28   2              }
  29   1      }


MODULE INFORMATION:   STATIC OVERLAYABLE
   CODE SIZE        =     91    ----
   CONSTANT SIZE    =   ----    ----
   XDATA SIZE       =   ----    ----
   PDATA SIZE       =   ----    ----
   DATA SIZE        =   ----    ----
   IDATA SIZE       =   ----    ----
   BIT SIZE         =   ----    ----
END OF MODULE INFORMATION.


C51 COMPILATION COMPLETE.  0 WARNING(S),  0 ERROR(S)
