C51 COMPILER V9.60.7.0   KEY                                                               02/19/2026 13:53:38 PAGE 1   


C51 COMPILER V9.60.7.0, COMPILATION OF MODULE KEY
OBJECT MODULE PLACED IN .\Objects\KEY.obj
COMPILER INVOKED BY: C:\Keil_v5\C51\BIN\C51.EXE KEY.c OPTIMIZE(8,SPEED) BROWSE DEBUG OBJECTEXTEND PRINT(.\Listings\KEY.l
                    -st) OBJECT(.\Objects\KEY.obj)

line level    source

   1          #include <STC15F2K60S2.H>
   2          #include "Delay.h"
   3          
   4          unsigned char time = 3;
   5          unsigned char ADC_dat = 50;
   6          unsigned char S4_cnt = 0;
   7          bit S5_flag = 0;
   8          
   9          unsigned char Key_Scan(){
  10   1          unsigned char key = 0;
  11   1          P33 = 0;P32 = 1;
  12   1          if(P44 == 0){   //S4
  13   2              Delay100ms();
  14   2              while(P44 == 0){
  15   3                  key = 1;
  16   3              }
  17   2          }
  18   1          if(P42 == 0){   //S8
  19   2              Delay100ms();
  20   2              while(P42 == 0){
  21   3                  key = 2;
  22   3              }
  23   2          }
  24   1          P33 = 1;P32 = 0;
  25   1          if(P44 == 0){   //S5
  26   2              Delay100ms();
  27   2              while(P44 == 0){
  28   3                  key = 3;
  29   3              }
  30   2          }
  31   1          if(P42 == 0){   //S9
  32   2              Delay100ms();
  33   2              while(P42 == 0){
  34   3                  key = 4;
  35   3              }
  36   2          }
  37   1          return key;
  38   1      }
  39          
  40          void Key_login(){
  41   1          unsigned char key = Key_Scan();
  42   1          unsigned char dat = S4_cnt % 3;
  43   1          switch(key){
  44   2              case 1:
  45   2                  S4_cnt = (S4_cnt + 1) % 3;
  46   2                  break;
  47   2              case 2:
  48   2                  switch(dat){
  49   3                      case 1:
  50   3                          ADC_dat -= 5;
  51   3                          if(ADC_dat < 30){
  52   4                              ADC_dat = 90;
  53   4                          }
  54   3                          break;
C51 COMPILER V9.60.7.0   KEY                                                               02/19/2026 13:53:38 PAGE 2   

  55   3                      case 2:
  56   3                          time -= 1;
  57   3                          if(time < 1){
  58   4                              time = 10;
  59   4                          }
  60   3                          break;
  61   3                  }
  62   2                  break;
  63   2              case 3:
  64   2                  S5_flag = !S5_flag;
  65   2                  break;
  66   2              case 4:
  67   2                  switch(dat){
  68   3                      case 1:
  69   3                          ADC_dat += 5;
  70   3                          if(ADC_dat > 90){
  71   4                              ADC_dat = 30;
  72   4                          }
  73   3                          break;
  74   3                      case 2:
  75   3                          time += 1;
  76   3                          if(time > 10){
  77   4                              time = 1;
  78   4                          }
  79   3                          break;
  80   3                  }
  81   2                  break;
  82   2          }
  83   1      }


MODULE INFORMATION:   STATIC OVERLAYABLE
   CODE SIZE        =    189    ----
   CONSTANT SIZE    =   ----    ----
   XDATA SIZE       =   ----    ----
   PDATA SIZE       =   ----    ----
   DATA SIZE        =      3       1
   IDATA SIZE       =   ----    ----
   BIT SIZE         =      1    ----
END OF MODULE INFORMATION.


C51 COMPILATION COMPLETE.  0 WARNING(S),  0 ERROR(S)
