C51 COMPILER V9.60.7.0   LED                                                               02/19/2026 13:56:36 PAGE 1   


C51 COMPILER V9.60.7.0, COMPILATION OF MODULE LED
OBJECT MODULE PLACED IN .\Objects\LED.obj
COMPILER INVOKED BY: C:\Keil_v5\C51\BIN\C51.EXE LED.c OPTIMIZE(8,SPEED) BROWSE DEBUG OBJECTEXTEND PRINT(.\Listings\LED.l
                    -st) OBJECT(.\Objects\LED.obj)

line level    source

   1          #include <STC15F2K60S2.H>
   2          #include "Common.h"
   3          #include "KEY.h"
   4          
   5          unsigned char LED_value = 0xFF;
   6          void LED_login(){
   7   1          unsigned char dat = S4_cnt % 3;
   8   1          switch(dat){
   9   2              case 0:
  10   2                  LED_value = 0xFE;
  11   2                  break;
  12   2              case 1:
  13   2                  LED_value = 0xFD;
  14   2                  break;
  15   2              case 2:
  16   2                  LED_value = 0xFB;
  17   2                  break;
  18   2          }
  19   1          if(S5_flag){
  20   2              LED_value &= 0x7F;
  21   2          }
  22   1          else{
  23   2              LED_value |= 0x80;
  24   2          }
  25   1          LED(LED_value);
  26   1      }


MODULE INFORMATION:   STATIC OVERLAYABLE
   CODE SIZE        =     58    ----
   CONSTANT SIZE    =   ----    ----
   XDATA SIZE       =   ----    ----
   PDATA SIZE       =   ----    ----
   DATA SIZE        =      1    ----
   IDATA SIZE       =   ----    ----
   BIT SIZE         =   ----    ----
END OF MODULE INFORMATION.


C51 COMPILATION COMPLETE.  0 WARNING(S),  0 ERROR(S)
