C51 COMPILER V9.60.7.0   LED_DISPLAY                                                       02/19/2026 13:56:36 PAGE 1   


C51 COMPILER V9.60.7.0, COMPILATION OF MODULE LED_DISPLAY
OBJECT MODULE PLACED IN .\Objects\LED_Display.obj
COMPILER INVOKED BY: C:\Keil_v5\C51\BIN\C51.EXE LED_Display.c OPTIMIZE(8,SPEED) BROWSE DEBUG OBJECTEXTEND PRINT(.\Listin
                    -gs\LED_Display.lst) OBJECT(.\Objects\LED_Display.obj)

line level    source

   1          #include <STC15F2K60S2.H>
   2          #include "KEY.h"
   3          #include "Delay.h"
   4          #include "PCF8591.h"
   5          #include "Common.h"
   6          
   7          code unsigned char SEG_Table[] = {
   8              0xC0,   //0
   9              0xF9,   //1
  10              0xA4,   //2
  11              0xB0,   //3
  12              0x99,   //4
  13              0x92,   //5
  14              0x82,   //6
  15              0xF8,   //7
  16              0x80,   //8
  17              0x90,   //9
  18              0xC6,   //C
  19              0x86,   //E
  20              0x89,   //H
  21              0xFF    //全灭
  22          };
  23          
  24          unsigned char Num1_dat_arr[] = {10,13,13,13,13,13,13,13};
  25          unsigned char Num2_dat_arr[] = {11,13,13,13,13,13,13,13};
  26          unsigned char Num3_dat_arr[] = {12,13,13,13,13,13,13,13};
  27          unsigned char LED_dat_arr[] = {13,13,13,13,13,13,13,13};
  28          
  29          void Num1_Display(){
  30   1          Num1_dat_arr[6] = ADC_value / 10;
  31   1          Num1_dat_arr[7] = ADC_value % 10;
  32   1      }
  33          
  34          void Num2_Display(){
  35   1          Num2_dat_arr[6] = ADC_dat / 10;
  36   1          Num2_dat_arr[7] = ADC_dat % 10;
  37   1      }
  38          
  39          void Num3_Display(){
  40   1          if(time == 10){
  41   2              Num3_dat_arr[6] = 1;
  42   2              Num3_dat_arr[7] = 0;
  43   2          }
  44   1          else{
  45   2              Num3_dat_arr[6] = 13;
  46   2              Num3_dat_arr[7] = time;
  47   2          }
  48   1      }
  49          
  50          void LED_Display_Choose(){
  51   1          unsigned char dat = S4_cnt % 3;
  52   1          unsigned char i;
  53   1          switch(dat){
  54   2              case 0:
C51 COMPILER V9.60.7.0   LED_DISPLAY                                                       02/19/2026 13:56:36 PAGE 2   

  55   2                  Num1_Display();
  56   2                  for(i = 0;i < 8;i++){
  57   3                      LED_dat_arr[i] = Num1_dat_arr[i];
  58   3                  }
  59   2                  break;
  60   2              case 1:
  61   2                  Num2_Display();
  62   2                  for(i = 0;i < 8;i++){
  63   3                      LED_dat_arr[i] = Num2_dat_arr[i];
  64   3                  }
  65   2                  break;
  66   2              case 2:
  67   2                  Num3_Display();
  68   2                  for(i = 0;i < 8;i++){
  69   3                      LED_dat_arr[i] = Num3_dat_arr[i];
  70   3                  }
  71   2                  break;
  72   2          }
  73   1      }
  74          
  75          void LED_Display_Show(){
  76   1          unsigned char dat;
  77   1          unsigned char com;
  78   1          for(com = 0;com < 8;com++){
  79   2              SEG(0xFF);
  80   2              COM(1<<com);
  81   2              dat = SEG_Table[LED_dat_arr[com]];
  82   2              SEG(dat);
  83   2              Delay50us();
  84   2          }
  85   1          SEG(0xFF);
  86   1          COM(0xFF);
  87   1      }


MODULE INFORMATION:   STATIC OVERLAYABLE
   CODE SIZE        =    249    ----
   CONSTANT SIZE    =     14    ----
   XDATA SIZE       =   ----    ----
   PDATA SIZE       =   ----    ----
   DATA SIZE        =     32       2
   IDATA SIZE       =   ----    ----
   BIT SIZE         =   ----    ----
END OF MODULE INFORMATION.


C51 COMPILATION COMPLETE.  0 WARNING(S),  0 ERROR(S)
