C51 COMPILER V9.60.7.0   MAIN                                                              02/19/2026 13:56:36 PAGE 1   


C51 COMPILER V9.60.7.0, COMPILATION OF MODULE MAIN
OBJECT MODULE PLACED IN .\Objects\main.obj
COMPILER INVOKED BY: C:\Keil_v5\C51\BIN\C51.EXE main.c OPTIMIZE(8,SPEED) BROWSE DEBUG OBJECTEXTEND PRINT(.\Listings\main
                    -.lst) OBJECT(.\Objects\main.obj)

line level    source

   1          #include <STC15F2K60S2.H>
   2          #include "Common.h"
   3          #include "Delay.h"
   4          #include "IIC.h"
   5          #include "PCF8591.h"
   6          #include "KEY.h"
   7          #include "Timer.h"
   8          #include "Relay.h"
   9          #include "LED.h"
  10          #include "LED_Display.h"
  11          
  12          void Init_MCU(){
  13   1          SEG(0xFF);
  14   1          LED(0xFF);
  15   1          COM(0xFF);
  16   1          BUZ(0x00);
  17   1          REY(0x00);
  18   1          Timer0_Init();
  19   1      }
  20          
  21          void main(){
  22   1          Init_MCU();
  23   1          while(1){
  24   2              Key_login();
  25   2              ADC_login();
  26   2              Relay_login();
  27   2              LED_login();
  28   2              LED_Display_Choose();
  29   2              LED_Display_Show();
  30   2          }
  31   1      }


MODULE INFORMATION:   STATIC OVERLAYABLE
   CODE SIZE        =     96    ----
   CONSTANT SIZE    =   ----    ----
   XDATA SIZE       =   ----    ----
   PDATA SIZE       =   ----    ----
   DATA SIZE        =   ----    ----
   IDATA SIZE       =   ----    ----
   BIT SIZE         =   ----    ----
END OF MODULE INFORMATION.


C51 COMPILATION COMPLETE.  0 WARNING(S),  0 ERROR(S)
