C51 COMPILER V9.60.7.0   RELAY                                                             02/19/2026 13:56:36 PAGE 1   


C51 COMPILER V9.60.7.0, COMPILATION OF MODULE RELAY
OBJECT MODULE PLACED IN .\Objects\Relay.obj
COMPILER INVOKED BY: C:\Keil_v5\C51\BIN\C51.EXE Relay.c OPTIMIZE(8,SPEED) BROWSE DEBUG OBJECTEXTEND PRINT(.\Listings\Rel
                    -ay.lst) OBJECT(.\Objects\Relay.obj)

line level    source

   1          #include <STC15F2K60S2.H>
   2          #include "Timer.h"
   3          #include "Common.h"
   4          #include "KEY.h"
   5          #include "PCF8591.h"
   6          
   7          bit Rey_flag = 0;
   8          void Relay_login(){
   9   1          if(ADC_value < ADC_dat){
  10   2              if(S5_flag == 1 && Rey_flag == 1){
  11   3                  if(time_cnt == 0){
  12   4                      REY(0xBF);
  13   4                  }
  14   3                  Rey_flag = 0;
  15   3              }
  16   2          }
  17   1          else{
  18   2              REY(0x00);
  19   2              Rey_flag = 1;
  20   2          }
  21   1      }


MODULE INFORMATION:   STATIC OVERLAYABLE
   CODE SIZE        =     53    ----
   CONSTANT SIZE    =   ----    ----
   XDATA SIZE       =   ----    ----
   PDATA SIZE       =   ----    ----
   DATA SIZE        =   ----    ----
   IDATA SIZE       =   ----    ----
   BIT SIZE         =      1    ----
END OF MODULE INFORMATION.


C51 COMPILATION COMPLETE.  0 WARNING(S),  0 ERROR(S)
